#observable           g^rej_20 g^rej_50 q^rej_20 q^rej_50 s^rej    I1/2     I1/2''  
GA_00_00_R10            0.9891   0.9444   0.9819   0.9213   0.7812   0.3194   0.3882
GA_00_00_R2             0.9543   0.8267   0.9572   0.8275   0.6848   0.1380   0.1801
GA_00_00_R4             0.9736   0.8894   0.9692   0.8792   0.7303   0.2126   0.2698
GA_00_00_R6             0.9815   0.9160   0.9744   0.8984   0.7533   0.2565   0.3199
GA_00_00_R8             0.9859   0.9326   0.9789   0.9112   0.7689   0.2902   0.3570
GA_10_05_R10            0.9904   0.9412   0.9674   0.8792   0.7469   0.2679   0.3275
GA_10_05_R2             0.9595   0.8521   0.9427   0.8375   0.7029   0.1572   0.2046
GA_10_05_R4             0.9772   0.9005   0.9460   0.8421   0.7235   0.1995   0.2545
GA_10_05_R6             0.9839   0.9205   0.9556   0.8521   0.7309   0.2256   0.2826
GA_10_05_R8             0.9877   0.9324   0.9627   0.8656   0.7387   0.2478   0.3062
GA_10_10_R10            0.9919   0.9344   0.9630   0.8679   0.7353   0.2519   0.3069
GA_10_10_R2             0.9622   0.8597   0.9374   0.8347   0.7063   0.1605   0.2093
GA_10_10_R4             0.9795   0.9052   0.9391   0.8277   0.7160   0.1954   0.2485
GA_10_10_R6             0.9858   0.9196   0.9494   0.8375   0.7191   0.2154   0.2687
GA_10_10_R8             0.9893   0.9274   0.9577   0.8530   0.7261   0.2337   0.2877
GA_10_20_R10            0.9886   0.9126   0.9579   0.8524   0.7203   0.2191   0.2708
GA_10_20_R2             0.9611   0.8489   0.9299   0.8180   0.6941   0.1443   0.1890
GA_10_20_R4             0.9769   0.8814   0.9297   0.8063   0.6962   0.1651   0.2115
GA_10_20_R6             0.9825   0.8924   0.9422   0.8173   0.7003   0.1812   0.2286
GA_10_20_R8             0.9857   0.9026   0.9517   0.8356   0.7090   0.1995   0.2490
GA_20_00_R10            0.9802   0.9029   0.9757   0.8917   0.7411   0.2381   0.2969
GA_20_00_R2             0.9522   0.8098   0.9486   0.8048   0.6688   0.1222   0.1579
GA_20_00_R4             0.9670   0.8543   0.9608   0.8459   0.7013   0.1667   0.2133
GA_20_00_R6             0.9732   0.8770   0.9677   0.8660   0.7183   0.1954   0.2475
GA_20_00_R8             0.9771   0.8919   0.9723   0.8799   0.7306   0.2182   0.2741
MultHadronThrust        0.9897   0.9593   0.9951   0.9660   0.8242   0.4235   0.4947
MultHardThrust          0.9860   0.9275   0.9846   0.9178   0.7677   0.2955   0.3582
MultIntermediasThrust   0.9952   0.9694   0.9948   0.9677   0.8292   0.4437   0.5136
MultShowerThrust        0.9889   0.9433   0.9903   0.9407   0.7905   0.3458   0.4143
Thrust                  0.9985   0.9698   0.9767   0.9154   0.7875   0.3570   0.4186
Thrust_log              0.9985   0.9698   0.9767   0.9154   0.7873   0.3565   0.4181
log_GA_00_00_R10        0.9891   0.9444   0.9819   0.9213   0.7812   0.3194   0.3882
log_GA_00_00_R2         0.9543   0.8267   0.9572   0.8275   0.6848   0.1380   0.1801
log_GA_00_00_R4         0.9736   0.8894   0.9692   0.8792   0.7303   0.2126   0.2698
log_GA_00_00_R6         0.9815   0.9160   0.9744   0.8984   0.7533   0.2565   0.3199
log_GA_00_00_R8         0.9859   0.9326   0.9789   0.9112   0.7689   0.2902   0.3570
log_GA_10_05_R10        0.9904   0.9412   0.9673   0.8792   0.7469   0.2675   0.3271
log_GA_10_05_R2         0.9597   0.8523   0.9427   0.8376   0.7027   0.1559   0.2031
log_GA_10_05_R4         0.9772   0.9002   0.9459   0.8421   0.7233   0.1989   0.2539
log_GA_10_05_R6         0.9839   0.9205   0.9555   0.8519   0.7308   0.2251   0.2822
log_GA_10_05_R8         0.9877   0.9322   0.9627   0.8656   0.7387   0.2474   0.3059
log_GA_10_10_R10        0.9920   0.9346   0.9630   0.8678   0.7352   0.2517   0.3067
log_GA_10_10_R2         0.9622   0.8596   0.9373   0.8345   0.7063   0.1598   0.2083
log_GA_10_10_R4         0.9797   0.9052   0.9391   0.8276   0.7161   0.1951   0.2481
log_GA_10_10_R6         0.9858   0.9197   0.9495   0.8375   0.7191   0.2152   0.2685
log_GA_10_10_R8         0.9893   0.9274   0.9577   0.8530   0.7260   0.2335   0.2875
log_GA_10_20_R10        0.9886   0.9129   0.9579   0.8525   0.7203   0.2192   0.2709
log_GA_10_20_R2         0.9612   0.8485   0.9299   0.8177   0.6940   0.1445   0.1886
log_GA_10_20_R4         0.9769   0.8817   0.9298   0.8064   0.6963   0.1652   0.2113
log_GA_10_20_R6         0.9826   0.8927   0.9421   0.8174   0.7003   0.1812   0.2285
log_GA_10_20_R8         0.9861   0.9026   0.9517   0.8355   0.7091   0.1997   0.2490
log_GA_20_00_R10        0.9802   0.9029   0.9757   0.8916   0.7411   0.2377   0.2967
log_GA_20_00_R2         0.9521   0.8097   0.9486   0.8047   0.6687   0.1182   0.1549
log_GA_20_00_R4         0.9669   0.8545   0.9608   0.8459   0.7011   0.1651   0.2123
log_GA_20_00_R6         0.9732   0.8770   0.9675   0.8658   0.7183   0.1945   0.2471
log_GA_20_00_R8         0.9771   0.8917   0.9723   0.8799   0.7305   0.2175   0.2737
