#observable           g^rej_20 g^rej_50 q^rej_20 q^rej_50 s^rej    I1/2     I1/2''  
GA_00_00_R10            0.9978   0.9707   0.9836   0.9309   0.8002   0.3807   0.4464
GA_00_00_R2             0.9829   0.8923   0.9653   0.8649   0.7236   0.2121   0.2645
GA_00_00_R4             0.9921   0.9361   0.9731   0.8976   0.7589   0.2833   0.3443
GA_00_00_R6             0.9954   0.9535   0.9775   0.9124   0.7773   0.3238   0.3876
GA_00_00_R8             0.9970   0.9636   0.9809   0.9231   0.7894   0.3548   0.4198
GA_10_05_R10            0.9973   0.9582   0.9660   0.8758   0.7499   0.2942   0.3486
GA_10_05_R2             0.9865   0.9129   0.9477   0.8626   0.7352   0.2292   0.2848
GA_10_05_R4             0.9931   0.9407   0.9465   0.8512   0.7411   0.2558   0.3121
GA_10_05_R6             0.9955   0.9492   0.9542   0.8547   0.7416   0.2691   0.3240
GA_10_05_R8             0.9967   0.9543   0.9615   0.8655   0.7444   0.2820   0.3362
GA_10_10_R10            0.9977   0.9488   0.9606   0.8612   0.7348   0.2712   0.3205
GA_10_10_R2             0.9870   0.9204   0.9426   0.8573   0.7371   0.2324   0.2893
GA_10_10_R4             0.9941   0.9419   0.9389   0.8356   0.7302   0.2486   0.3017
GA_10_10_R6             0.9961   0.9463   0.9476   0.8378   0.7270   0.2544   0.3044
GA_10_10_R8             0.9972   0.9475   0.9553   0.8496   0.7287   0.2622   0.3111
GA_10_20_R10            0.9943   0.9225   0.9547   0.8444   0.7179   0.2300   0.2777
GA_10_20_R2             0.9853   0.9047   0.9360   0.8407   0.7225   0.2080   0.2610
GA_10_20_R4             0.9911   0.9146   0.9287   0.8130   0.7088   0.2064   0.2536
GA_10_20_R6             0.9929   0.9151   0.9392   0.8166   0.7055   0.2092   0.2547
GA_10_20_R8             0.9937   0.9178   0.9489   0.8304   0.7101   0.2182   0.2642
GA_20_00_R10            0.9931   0.9375   0.9785   0.9052   0.7619   0.2927   0.3528
GA_20_00_R2             0.9808   0.8754   0.9582   0.8436   0.7061   0.1869   0.2323
GA_20_00_R4             0.9876   0.9048   0.9650   0.8686   0.7288   0.2264   0.2787
GA_20_00_R6             0.9903   0.9189   0.9701   0.8831   0.7421   0.2516   0.3073
GA_20_00_R8             0.9919   0.9290   0.9745   0.8949   0.7527   0.2732   0.3314
MultHadronThrust        0.9988   0.9881   0.9970   0.9793   0.8605   0.5453   0.6079
MultHardThrust          0.9974   0.9682   0.9904   0.9414   0.8026   0.3926   0.4556
MultIntermediasThrust   0.9993   0.9891   0.9960   0.9753   0.8559   0.5251   0.5889
MultShowerThrust        0.9981   0.9773   0.9916   0.9550   0.8236   0.4375   0.5034
Thrust                  0.9986   0.9654   0.9737   0.9057   0.7760   0.3373   0.3957
Thrust_log              0.9986   0.9655   0.9737   0.9058   0.7760   0.3369   0.3954
log_GA_00_00_R10        0.9978   0.9707   0.9836   0.9309   0.8002   0.3807   0.4464
log_GA_00_00_R2         0.9829   0.8923   0.9653   0.8649   0.7236   0.2121   0.2645
log_GA_00_00_R4         0.9921   0.9361   0.9731   0.8976   0.7589   0.2833   0.3443
log_GA_00_00_R6         0.9954   0.9535   0.9775   0.9124   0.7773   0.3238   0.3876
log_GA_00_00_R8         0.9970   0.9636   0.9809   0.9231   0.7894   0.3548   0.4198
log_GA_10_05_R10        0.9973   0.9580   0.9660   0.8758   0.7500   0.2937   0.3482
log_GA_10_05_R2         0.9866   0.9129   0.9478   0.8625   0.7352   0.2272   0.2832
log_GA_10_05_R4         0.9931   0.9404   0.9464   0.8510   0.7409   0.2550   0.3114
log_GA_10_05_R6         0.9955   0.9491   0.9543   0.8546   0.7414   0.2686   0.3236
log_GA_10_05_R8         0.9966   0.9542   0.9614   0.8655   0.7444   0.2815   0.3359
log_GA_10_10_R10        0.9977   0.9489   0.9607   0.8612   0.7347   0.2711   0.3203
log_GA_10_10_R2         0.9869   0.9200   0.9426   0.8570   0.7370   0.2315   0.2882
log_GA_10_10_R4         0.9941   0.9421   0.9390   0.8357   0.7303   0.2481   0.3011
log_GA_10_10_R6         0.9961   0.9464   0.9475   0.8378   0.7270   0.2540   0.3040
log_GA_10_10_R8         0.9972   0.9474   0.9552   0.8495   0.7286   0.2619   0.3108
log_GA_10_20_R10        0.9944   0.9224   0.9548   0.8445   0.7179   0.2300   0.2777
log_GA_10_20_R2         0.9853   0.9049   0.9360   0.8406   0.7223   0.2077   0.2599
log_GA_10_20_R4         0.9912   0.9148   0.9286   0.8131   0.7089   0.2062   0.2532
log_GA_10_20_R6         0.9930   0.9149   0.9391   0.8165   0.7055   0.2092   0.2546
log_GA_10_20_R8         0.9938   0.9179   0.9490   0.8306   0.7100   0.2182   0.2642
log_GA_20_00_R10        0.9930   0.9373   0.9785   0.9052   0.7619   0.2924   0.3527
log_GA_20_00_R2         0.9810   0.8752   0.9583   0.8434   0.7061   0.1848   0.2312
log_GA_20_00_R4         0.9875   0.9050   0.9650   0.8682   0.7287   0.2256   0.2785
log_GA_20_00_R6         0.9902   0.9189   0.9703   0.8830   0.7420   0.2511   0.3071
log_GA_20_00_R8         0.9920   0.9290   0.9746   0.8949   0.7528   0.2729   0.3314
