#observable           g^rej_20 g^rej_50 q^rej_20 q^rej_50 s^rej    I1/2     I1/2''  
GA_00_00_R10            0.9886   0.9429   0.9819   0.9209   0.7787   0.3155   0.3838
GA_00_00_R2             0.9519   0.8219   0.9566   0.8253   0.6813   0.1340   0.1749
GA_00_00_R4             0.9720   0.8852   0.9689   0.8765   0.7298   0.2088   0.2655
GA_00_00_R6             0.9802   0.9134   0.9747   0.8971   0.7511   0.2524   0.3153
GA_00_00_R8             0.9850   0.9309   0.9787   0.9102   0.7663   0.2861   0.3524
GA_10_05_R10            0.9901   0.9397   0.9664   0.8764   0.7456   0.2642   0.3236
GA_10_05_R2             0.9582   0.8501   0.9436   0.8367   0.7015   0.1541   0.2009
GA_10_05_R4             0.9763   0.9010   0.9456   0.8421   0.7233   0.1984   0.2535
GA_10_05_R6             0.9831   0.9194   0.9547   0.8514   0.7302   0.2239   0.2810
GA_10_05_R8             0.9872   0.9310   0.9616   0.8638   0.7376   0.2448   0.3032
GA_10_10_R10            0.9915   0.9328   0.9617   0.8653   0.7336   0.2482   0.3031
GA_10_10_R2             0.9597   0.8580   0.9379   0.8332   0.7058   0.1580   0.2064
GA_10_10_R4             0.9782   0.9041   0.9387   0.8284   0.7158   0.1938   0.2468
GA_10_10_R6             0.9850   0.9190   0.9493   0.8365   0.7186   0.2135   0.2669
GA_10_10_R8             0.9888   0.9261   0.9565   0.8505   0.7252   0.2309   0.2848
GA_10_20_R10            0.9880   0.9105   0.9562   0.8497   0.7181   0.2151   0.2666
GA_10_20_R2             0.9574   0.8466   0.9320   0.8196   0.6937   0.1422   0.1866
GA_10_20_R4             0.9750   0.8792   0.9298   0.8060   0.6958   0.1624   0.2086
GA_10_20_R6             0.9817   0.8912   0.9420   0.8165   0.6998   0.1790   0.2263
GA_10_20_R8             0.9855   0.9011   0.9505   0.8332   0.7081   0.1967   0.2459
GA_20_00_R10            0.9793   0.9008   0.9755   0.8899   0.7401   0.2351   0.2934
GA_20_00_R2             0.9489   0.8034   0.9493   0.8039   0.6678   0.1194   0.1544
GA_20_00_R4             0.9657   0.8531   0.9598   0.8461   0.7001   0.1647   0.2110
GA_20_00_R6             0.9723   0.8747   0.9669   0.8640   0.7167   0.1925   0.2441
GA_20_00_R8             0.9761   0.8893   0.9718   0.8785   0.7296   0.2151   0.2705
MultHadronThrust        0.9882   0.9503   0.9948   0.9655   0.8187   0.4157   0.4870
MultHardThrust          0.9849   0.9286   0.9861   0.9249   0.7677   0.3032   0.3668
MultIntermediasThrust   0.9942   0.9660   0.9952   0.9663   0.8247   0.4338   0.5038
MultShowerThrust        0.9887   0.9422   0.9899   0.9433   0.7899   0.3456   0.4138
Thrust                  0.9981   0.9678   0.9771   0.9138   0.7839   0.3503   0.4117
Thrust_log              0.9981   0.9678   0.9771   0.9138   0.7840   0.3498   0.4113
log_GA_00_00_R10        0.9886   0.9429   0.9819   0.9209   0.7787   0.3155   0.3838
log_GA_00_00_R2         0.9519   0.8219   0.9566   0.8253   0.6813   0.1340   0.1749
log_GA_00_00_R4         0.9720   0.8852   0.9689   0.8765   0.7298   0.2088   0.2655
log_GA_00_00_R6         0.9802   0.9134   0.9747   0.8971   0.7511   0.2524   0.3153
log_GA_00_00_R8         0.9850   0.9309   0.9787   0.9102   0.7663   0.2861   0.3524
log_GA_10_05_R10        0.9901   0.9394   0.9664   0.8764   0.7456   0.2638   0.3232
log_GA_10_05_R2         0.9582   0.8499   0.9435   0.8368   0.7012   0.1527   0.1995
log_GA_10_05_R4         0.9763   0.9007   0.9455   0.8418   0.7232   0.1978   0.2529
log_GA_10_05_R6         0.9832   0.9193   0.9547   0.8514   0.7303   0.2234   0.2805
log_GA_10_05_R8         0.9872   0.9310   0.9617   0.8638   0.7374   0.2444   0.3028
log_GA_10_10_R10        0.9915   0.9328   0.9617   0.8653   0.7336   0.2480   0.3029
log_GA_10_10_R2         0.9598   0.8581   0.9379   0.8331   0.7054   0.1573   0.2055
log_GA_10_10_R4         0.9781   0.9043   0.9386   0.8283   0.7158   0.1935   0.2465
log_GA_10_10_R6         0.9850   0.9189   0.9492   0.8365   0.7186   0.2133   0.2667
log_GA_10_10_R8         0.9887   0.9261   0.9564   0.8504   0.7252   0.2307   0.2846
log_GA_10_20_R10        0.9880   0.9107   0.9562   0.8497   0.7181   0.2154   0.2667
log_GA_10_20_R2         0.9577   0.8471   0.9319   0.8198   0.6936   0.1423   0.1863
log_GA_10_20_R4         0.9752   0.8793   0.9298   0.8059   0.6958   0.1625   0.2085
log_GA_10_20_R6         0.9817   0.8915   0.9420   0.8164   0.6998   0.1792   0.2263
log_GA_10_20_R8         0.9855   0.9014   0.9506   0.8332   0.7081   0.1968   0.2460
log_GA_20_00_R10        0.9793   0.9007   0.9754   0.8899   0.7401   0.2346   0.2932
log_GA_20_00_R2         0.9489   0.8029   0.9491   0.8039   0.6678   0.1155   0.1515
log_GA_20_00_R4         0.9658   0.8531   0.9599   0.8462   0.7003   0.1633   0.2103
log_GA_20_00_R6         0.9723   0.8745   0.9669   0.8640   0.7166   0.1915   0.2436
log_GA_20_00_R8         0.9762   0.8893   0.9717   0.8781   0.7296   0.2144   0.2702
