#observable           g^rej_20 g^rej_50 q^rej_20 q^rej_50 s^rej    I1/2     I1/2''  
GA_00_00_R10            0.9883   0.9424   0.9813   0.9192   0.7785   0.3138   0.3824
GA_00_00_R2             0.9468   0.8134   0.9539   0.8208   0.6785   0.1253   0.1646
GA_00_00_R4             0.9710   0.8823   0.9674   0.8727   0.7261   0.2024   0.2580
GA_00_00_R6             0.9799   0.9111   0.9738   0.8933   0.7495   0.2476   0.3100
GA_00_00_R8             0.9848   0.9290   0.9777   0.9069   0.7648   0.2821   0.3482
GA_10_05_R10            0.9901   0.9413   0.9668   0.8793   0.7484   0.2689   0.3290
GA_10_05_R2             0.9530   0.8396   0.9426   0.8301   0.6943   0.1440   0.1885
GA_10_05_R4             0.9754   0.8979   0.9446   0.8418   0.7235   0.1969   0.2519
GA_10_05_R6             0.9833   0.9194   0.9544   0.8520   0.7313   0.2241   0.2815
GA_10_05_R8             0.9872   0.9319   0.9612   0.8654   0.7393   0.2466   0.3055
GA_10_10_R10            0.9912   0.9360   0.9628   0.8685   0.7374   0.2538   0.3099
GA_10_10_R2             0.9542   0.8448   0.9382   0.8273   0.6980   0.1461   0.1917
GA_10_10_R4             0.9769   0.9005   0.9375   0.8296   0.7162   0.1916   0.2448
GA_10_10_R6             0.9848   0.9180   0.9488   0.8386   0.7204   0.2139   0.2679
GA_10_10_R8             0.9886   0.9280   0.9563   0.8529   0.7278   0.2332   0.2881
GA_10_20_R10            0.9879   0.9148   0.9581   0.8534   0.7226   0.2214   0.2742
GA_10_20_R2             0.9528   0.8323   0.9309   0.8126   0.6854   0.1304   0.1718
GA_10_20_R4             0.9738   0.8764   0.9293   0.8086   0.6968   0.1610   0.2072
GA_10_20_R6             0.9811   0.8918   0.9415   0.8188   0.7019   0.1801   0.2282
GA_10_20_R8             0.9848   0.9039   0.9508   0.8360   0.7108   0.1993   0.2496
GA_20_00_R10            0.9791   0.9012   0.9747   0.8902   0.7401   0.2351   0.2937
GA_20_00_R2             0.9442   0.7972   0.9463   0.7955   0.6626   0.1126   0.1459
GA_20_00_R4             0.9657   0.8512   0.9580   0.8414   0.6982   0.1610   0.2069
GA_20_00_R6             0.9718   0.8739   0.9651   0.8634   0.7164   0.1905   0.2422
GA_20_00_R8             0.9757   0.8889   0.9705   0.8782   0.7294   0.2135   0.2691
MultHadronThrust        0.9870   0.9415   0.9944   0.9574   0.8010   0.3785   0.4452
MultHardThrust          0.9854   0.9264   0.9854   0.9247   0.7685   0.2985   0.3618
MultIntermediasThrust   0.9947   0.9679   0.9952   0.9669   0.8292   0.4422   0.5125
MultShowerThrust        0.9890   0.9416   0.9895   0.9397   0.7881   0.3407   0.4082
Thrust                  0.9982   0.9721   0.9775   0.9174   0.7898   0.3629   0.4257
Thrust_log              0.9982   0.9721   0.9775   0.9174   0.7897   0.3624   0.4252
log_GA_00_00_R10        0.9883   0.9424   0.9813   0.9192   0.7785   0.3138   0.3824
log_GA_00_00_R2         0.9468   0.8134   0.9539   0.8208   0.6785   0.1253   0.1646
log_GA_00_00_R4         0.9710   0.8823   0.9674   0.8727   0.7261   0.2024   0.2580
log_GA_00_00_R6         0.9799   0.9111   0.9738   0.8933   0.7495   0.2476   0.3100
log_GA_00_00_R8         0.9848   0.9290   0.9777   0.9069   0.7648   0.2820   0.3482
log_GA_10_05_R10        0.9901   0.9413   0.9667   0.8793   0.7483   0.2684   0.3287
log_GA_10_05_R2         0.9529   0.8402   0.9427   0.8301   0.6937   0.1420   0.1863
log_GA_10_05_R4         0.9754   0.8976   0.9445   0.8417   0.7233   0.1962   0.2512
log_GA_10_05_R6         0.9833   0.9193   0.9543   0.8521   0.7313   0.2236   0.2810
log_GA_10_05_R8         0.9872   0.9319   0.9612   0.8654   0.7392   0.2462   0.3051
log_GA_10_10_R10        0.9913   0.9359   0.9629   0.8685   0.7374   0.2535   0.3097
log_GA_10_10_R2         0.9544   0.8447   0.9378   0.8269   0.6981   0.1451   0.1904
log_GA_10_10_R4         0.9770   0.9002   0.9374   0.8295   0.7164   0.1912   0.2442
log_GA_10_10_R6         0.9848   0.9179   0.9488   0.8386   0.7205   0.2136   0.2676
log_GA_10_10_R8         0.9886   0.9279   0.9563   0.8529   0.7277   0.2330   0.2879
log_GA_10_20_R10        0.9880   0.9148   0.9581   0.8533   0.7226   0.2214   0.2742
log_GA_10_20_R2         0.9531   0.8325   0.9310   0.8129   0.6851   0.1307   0.1718
log_GA_10_20_R4         0.9739   0.8763   0.9293   0.8087   0.6968   0.1611   0.2070
log_GA_10_20_R6         0.9812   0.8918   0.9415   0.8187   0.7020   0.1802   0.2281
log_GA_10_20_R8         0.9848   0.9041   0.9508   0.8360   0.7108   0.1994   0.2496
log_GA_20_00_R10        0.9792   0.9012   0.9747   0.8902   0.7401   0.2345   0.2935
log_GA_20_00_R2         0.9442   0.7971   0.9463   0.7955   0.6622   0.1083   0.1426
log_GA_20_00_R4         0.9657   0.8512   0.9581   0.8415   0.6982   0.1598   0.2061
log_GA_20_00_R6         0.9718   0.8737   0.9652   0.8632   0.7164   0.1897   0.2418
log_GA_20_00_R8         0.9756   0.8889   0.9706   0.8781   0.7294   0.2129   0.2689
