#observable           g^rej_20 g^rej_50 q^rej_20 q^rej_50 s^rej    I1/2     I1/2''  
GA_00_00_R10            0.9823   0.9114   0.9774   0.9012   0.7499   0.2560   0.3177
GA_00_00_R2             0.8409   0.5617   0.8350   0.5611   0.5312   0.0044   0.0060
GA_00_00_R4             0.9283   0.7503   0.9321   0.7519   0.6337   0.0749   0.1001
GA_00_00_R6             0.9603   0.8396   0.9589   0.8339   0.6905   0.1495   0.1934
GA_00_00_R8             0.9748   0.8836   0.9709   0.8759   0.7257   0.2086   0.2636
GA_10_05_R10            0.9861   0.9372   0.9737   0.9056   0.7732   0.2939   0.3626
GA_10_05_R2             0.8661   0.6133   0.8685   0.6070   0.5541   0.0441   0.0561
GA_10_05_R4             0.9424   0.7956   0.9559   0.8130   0.6687   0.1202   0.1560
GA_10_05_R6             0.9690   0.8786   0.9654   0.8753   0.7248   0.2002   0.2554
GA_10_05_R8             0.9800   0.9155   0.9688   0.8943   0.7550   0.2539   0.3183
GA_10_10_R10            0.9878   0.9432   0.9700   0.8983   0.7726   0.2959   0.3645
GA_10_10_R2             0.8631   0.6153   0.8680   0.6051   0.5550   0.0380   0.0490
GA_10_10_R4             0.9419   0.8032   0.9553   0.8210   0.6747   0.1240   0.1620
GA_10_10_R6             0.9710   0.8873   0.9625   0.8758   0.7322   0.2079   0.2655
GA_10_10_R8             0.9823   0.9234   0.9652   0.8894   0.7579   0.2592   0.3248
GA_10_20_R10            0.9872   0.9326   0.9648   0.8853   0.7583   0.2680   0.3325
GA_10_20_R2             0.8558   0.6011   0.8646   0.6046   0.5517   0.0337   0.0438
GA_10_20_R4             0.9386   0.8003   0.9519   0.8139   0.6705   0.1176   0.1544
GA_10_20_R6             0.9695   0.8804   0.9581   0.8656   0.7240   0.1944   0.2496
GA_10_20_R8             0.9816   0.9143   0.9593   0.8774   0.7464   0.2373   0.2991
GA_20_00_R10            0.9764   0.8823   0.9696   0.8705   0.7219   0.2041   0.2569
GA_20_00_R2             0.8646   0.5888   0.8427   0.5833   0.5437   0.0502   0.0588
GA_20_00_R4             0.9344   0.7467   0.9283   0.7453   0.6312   0.0786   0.1019
GA_20_00_R6             0.9592   0.8192   0.9510   0.8114   0.6743   0.1301   0.1677
GA_20_00_R8             0.9704   0.8581   0.9626   0.8475   0.7023   0.1714   0.2182
MultHadronThrust        0.9911   0.9556   0.9929   0.9570   0.8103   0.3924   0.4640
MultHardThrust          0.9828   0.9077   0.9771   0.8936   0.7408   0.2441   0.3016
MultIntermediasThrust   0.0000   0.0000   0.0000   0.0000   0.0000   0.0000   0.0000
MultShowerThrust        0.9861   0.9229   0.9836   0.9166   0.7614   0.2842   0.3469
Thrust                  0.9985   0.9835   0.9809   0.9285   0.8096   0.4100   0.4758
Thrust_log              0.9985   0.9835   0.9809   0.9285   0.8095   0.4095   0.4754
log_GA_00_00_R10        0.9823   0.9114   0.9774   0.9012   0.7499   0.2560   0.3177
log_GA_00_00_R2         0.8409   0.5617   0.8350   0.5611   0.5312   0.0044   0.0060
log_GA_00_00_R4         0.9283   0.7503   0.9321   0.7519   0.6337   0.0749   0.1001
log_GA_00_00_R6         0.9603   0.8396   0.9589   0.8339   0.6905   0.1495   0.1934
log_GA_00_00_R8         0.9748   0.8836   0.9709   0.8759   0.7257   0.2086   0.2636
log_GA_10_05_R10        0.9861   0.9371   0.9736   0.9055   0.7728   0.2933   0.3620
log_GA_10_05_R2         0.8660   0.6115   0.8685   0.6068   0.5541   0.0258   0.0320
log_GA_10_05_R4         0.9421   0.7952   0.9554   0.8135   0.6681   0.1176   0.1534
log_GA_10_05_R6         0.9689   0.8782   0.9652   0.8750   0.7245   0.1994   0.2546
log_GA_10_05_R8         0.9800   0.9156   0.9688   0.8942   0.7549   0.2533   0.3178
log_GA_10_10_R10        0.9879   0.9433   0.9699   0.8983   0.7724   0.2955   0.3641
log_GA_10_10_R2         0.8627   0.6153   0.8663   0.6051   0.5541   0.0266   0.0339
log_GA_10_10_R4         0.9418   0.8023   0.9546   0.8192   0.6744   0.1232   0.1608
log_GA_10_10_R6         0.9711   0.8874   0.9624   0.8755   0.7321   0.2075   0.2650
log_GA_10_10_R8         0.9822   0.9232   0.9650   0.8892   0.7578   0.2589   0.3244
log_GA_10_20_R10        0.9872   0.9326   0.9648   0.8852   0.7583   0.2680   0.3324
log_GA_10_20_R2         0.8567   0.5994   0.8636   0.6059   0.5515   0.0310   0.0390
log_GA_10_20_R4         0.9383   0.8004   0.9515   0.8136   0.6704   0.1180   0.1546
log_GA_10_20_R6         0.9694   0.8802   0.9578   0.8655   0.7239   0.1945   0.2494
log_GA_10_20_R8         0.9814   0.9141   0.9592   0.8774   0.7463   0.2373   0.2990
log_GA_20_00_R10        0.9764   0.8822   0.9696   0.8705   0.7218   0.2033   0.2566
log_GA_20_00_R2         0.8637   0.5891   0.8436   0.5826   0.5430   0.0148   0.0196
log_GA_20_00_R4         0.9345   0.7465   0.9281   0.7451   0.6312   0.0733   0.0975
log_GA_20_00_R6         0.9591   0.8192   0.9510   0.8112   0.6743   0.1281   0.1664
log_GA_20_00_R8         0.9704   0.8582   0.9627   0.8474   0.7021   0.1701   0.2174
