#observable           g^rej_20 g^rej_50 q^rej_20 q^rej_50 s^rej    I1/2     I1/2''  
GA_00_00_R10            0.9907   0.9474   0.9818   0.9201   0.7786   0.3206   0.3877
GA_00_00_R2             0.9714   0.8907   0.9672   0.8743   0.7305   0.2097   0.2670
GA_00_00_R4             0.9808   0.9165   0.9723   0.8914   0.7486   0.2495   0.3118
GA_00_00_R6             0.9855   0.9296   0.9762   0.9024   0.7602   0.2759   0.3404
GA_00_00_R8             0.9885   0.9398   0.9793   0.9118   0.7699   0.2989   0.3649
GA_10_05_R10            0.9910   0.9229   0.9651   0.8679   0.7318   0.2416   0.2954
GA_10_05_R2             0.9763   0.8892   0.9353   0.8120   0.6995   0.1725   0.2207
GA_10_05_R4             0.9835   0.9009   0.9459   0.8248   0.7046   0.1917   0.2405
GA_10_05_R6             0.9869   0.9082   0.9540   0.8399   0.7129   0.2079   0.2581
GA_10_05_R8             0.9891   0.9154   0.9604   0.8548   0.7223   0.2246   0.2767
GA_10_10_R10            0.9904   0.9043   0.9609   0.8560   0.7195   0.2184   0.2683
GA_10_10_R2             0.9766   0.8800   0.9277   0.7916   0.6841   0.1585   0.2025
GA_10_10_R4             0.9839   0.8810   0.9395   0.8072   0.6883   0.1714   0.2149
GA_10_10_R6             0.9868   0.8862   0.9487   0.8250   0.6980   0.1853   0.2304
GA_10_10_R8             0.9887   0.8952   0.9556   0.8414   0.7091   0.2014   0.2490
GA_10_20_R10            0.9859   0.8849   0.9566   0.8419   0.7057   0.1928   0.2396
GA_10_20_R2             0.9700   0.8432   0.9180   0.7672   0.6638   0.1262   0.1632
GA_10_20_R4             0.9769   0.8507   0.9324   0.7861   0.6708   0.1409   0.1795
GA_10_20_R6             0.9810   0.8600   0.9428   0.8060   0.6822   0.1570   0.1982
GA_10_20_R8             0.9838   0.8722   0.9503   0.8252   0.6942   0.1749   0.2190
GA_20_00_R10            0.9801   0.9039   0.9746   0.8891   0.7403   0.2366   0.2953
GA_20_00_R2             0.9646   0.8517   0.9589   0.8421   0.7011   0.1627   0.2088
GA_20_00_R4             0.9717   0.8743   0.9644   0.8584   0.7154   0.1880   0.2392
GA_20_00_R6             0.9755   0.8862   0.9684   0.8705   0.7249   0.2063   0.2607
GA_20_00_R8             0.9779   0.8958   0.9718   0.8806   0.7330   0.2219   0.2785
MultHadronThrust        0.9882   0.9326   0.9956   0.9599   0.7952   0.4040   0.4587
MultHardThrust          0.9863   0.9320   0.9904   0.9304   0.7773   0.3244   0.3860
MultIntermediasThrust   0.9983   0.9843   0.9968   0.9774   0.8559   0.5192   0.5860
MultShowerThrust        0.9888   0.9423   0.9904   0.9403   0.7898   0.3457   0.4126
Thrust                  0.9975   0.9600   0.9753   0.9075   0.7755   0.3296   0.3898
Thrust_log              0.9976   0.9601   0.9753   0.9075   0.7756   0.3293   0.3895
log_GA_00_00_R10        0.9907   0.9474   0.9818   0.9201   0.7786   0.3206   0.3876
log_GA_00_00_R2         0.9714   0.8907   0.9672   0.8743   0.7305   0.2097   0.2670
log_GA_00_00_R4         0.9808   0.9165   0.9723   0.8914   0.7486   0.2495   0.3118
log_GA_00_00_R6         0.9855   0.9296   0.9762   0.9024   0.7602   0.2758   0.3403
log_GA_00_00_R8         0.9885   0.9398   0.9793   0.9118   0.7699   0.2989   0.3649
log_GA_10_05_R10        0.9911   0.9228   0.9650   0.8678   0.7318   0.2412   0.2951
log_GA_10_05_R2         0.9763   0.8893   0.9352   0.8120   0.6995   0.1718   0.2200
log_GA_10_05_R4         0.9834   0.9009   0.9459   0.8247   0.7046   0.1911   0.2400
log_GA_10_05_R6         0.9869   0.9080   0.9540   0.8400   0.7129   0.2075   0.2577
log_GA_10_05_R8         0.9891   0.9153   0.9603   0.8548   0.7224   0.2243   0.2764
log_GA_10_10_R10        0.9905   0.9044   0.9608   0.8561   0.7195   0.2183   0.2682
log_GA_10_10_R2         0.9766   0.8802   0.9277   0.7917   0.6842   0.1582   0.2021
log_GA_10_10_R4         0.9838   0.8812   0.9395   0.8072   0.6883   0.1712   0.2147
log_GA_10_10_R6         0.9868   0.8863   0.9487   0.8250   0.6980   0.1851   0.2302
log_GA_10_10_R8         0.9887   0.8951   0.9556   0.8414   0.7091   0.2014   0.2489
log_GA_10_20_R10        0.9870   0.8853   0.9566   0.8418   0.7058   0.1933   0.2399
log_GA_10_20_R2         0.9699   0.8433   0.9181   0.7672   0.6638   0.1264   0.1632
log_GA_10_20_R4         0.9772   0.8511   0.9324   0.7859   0.6708   0.1411   0.1797
log_GA_10_20_R6         0.9814   0.8604   0.9428   0.8060   0.6822   0.1575   0.1985
log_GA_10_20_R8         0.9848   0.8723   0.9503   0.8251   0.6942   0.1754   0.2193
log_GA_20_00_R10        0.9802   0.9038   0.9746   0.8891   0.7404   0.2363   0.2952
log_GA_20_00_R2         0.9645   0.8516   0.9589   0.8420   0.7008   0.1608   0.2076
log_GA_20_00_R4         0.9718   0.8741   0.9644   0.8585   0.7153   0.1872   0.2388
log_GA_20_00_R6         0.9755   0.8863   0.9686   0.8704   0.7249   0.2057   0.2604
log_GA_20_00_R8         0.9780   0.8958   0.9719   0.8805   0.7330   0.2214   0.2783
