#observable           g^rej_20 g^rej_50 q^rej_20 q^rej_50 s^rej    I1/2     I1/2''  
GA_00_00_R10            0.9589   0.8465   0.9625   0.8471   0.6986   0.1598   0.2062
GA_00_00_R2             0.9525   0.7400   0.8941   0.7019   0.6134   0.0694   0.0898
GA_00_00_R4             0.9508   0.7726   0.9234   0.7571   0.6411   0.0894   0.1166
GA_00_00_R6             0.9512   0.8052   0.9421   0.7985   0.6661   0.1143   0.1494
GA_00_00_R8             0.9563   0.8288   0.9548   0.8265   0.6850   0.1387   0.1802
GA_10_05_R10            0.9830   0.9078   0.9691   0.8875   0.7451   0.2415   0.3014
GA_10_05_R2             0.9750   0.8418   0.9459   0.8013   0.6736   0.1473   0.1853
GA_10_05_R4             0.9787   0.8591   0.9598   0.8454   0.6996   0.1761   0.2214
GA_10_05_R6             0.9807   0.8806   0.9647   0.8678   0.7214   0.2030   0.2550
GA_10_05_R8             0.9817   0.8965   0.9672   0.8801   0.7356   0.2247   0.2816
GA_10_10_R10            0.9692   0.8932   0.9638   0.8747   0.7345   0.2132   0.2717
GA_10_10_R2             0.9733   0.8305   0.9468   0.7942   0.6689   0.1383   0.1751
GA_10_10_R4             0.9703   0.8395   0.9571   0.8410   0.6935   0.1584   0.2019
GA_10_10_R6             0.9671   0.8618   0.9600   0.8586   0.7137   0.1797   0.2301
GA_10_10_R8             0.9671   0.8803   0.9625   0.8689   0.7272   0.1987   0.2541
GA_10_20_R10            0.9449   0.8536   0.9580   0.8549   0.7108   0.1674   0.2177
GA_10_20_R2             0.9674   0.7981   0.9438   0.7755   0.6517   0.1175   0.1499
GA_10_20_R4             0.9430   0.7914   0.9514   0.8160   0.6704   0.1201   0.1558
GA_10_20_R6             0.9325   0.8170   0.9532   0.8363   0.6874   0.1357   0.1772
GA_10_20_R8             0.9376   0.8370   0.9564   0.8479   0.7019   0.1533   0.2000
GA_20_00_R10            0.9863   0.8891   0.9693   0.8670   0.7193   0.2132   0.2630
GA_20_00_R2             0.9763   0.8181   0.9143   0.7490   0.6492   0.1238   0.1541
GA_20_00_R4             0.9801   0.8383   0.9391   0.7929   0.6712   0.1437   0.1796
GA_20_00_R6             0.9825   0.8603   0.9541   0.8274   0.6925   0.1702   0.2122
GA_20_00_R8             0.9847   0.8760   0.9635   0.8506   0.7077   0.1938   0.2402
MultHadronThrust        0.9725   0.8536   0.9480   0.8298   0.6977   0.1600   0.2048
MultHardThrust          0.9704   0.8633   0.9758   0.8718   0.7133   0.1976   0.2471
MultIntermediasThrust   0.9685   0.8550   0.9516   0.8419   0.7000   0.1629   0.2096
MultShowerThrust        0.9706   0.8687   0.9755   0.8703   0.7124   0.1952   0.2449
Thrust                  0.9910   0.9507   0.9687   0.8902   0.7637   0.2947   0.3587
Thrust_log              0.9911   0.9507   0.9685   0.8902   0.7635   0.2938   0.3579
log_GA_00_00_R10        0.9589   0.8465   0.9625   0.8471   0.6986   0.1598   0.2062
log_GA_00_00_R2         0.9525   0.7400   0.8941   0.7019   0.6134   0.0694   0.0898
log_GA_00_00_R4         0.9508   0.7726   0.9234   0.7571   0.6411   0.0894   0.1166
log_GA_00_00_R6         0.9512   0.8052   0.9421   0.7985   0.6661   0.1143   0.1494
log_GA_00_00_R8         0.9563   0.8288   0.9548   0.8265   0.6850   0.1387   0.1802
log_GA_10_05_R10        0.9830   0.9078   0.9688   0.8874   0.7450   0.2407   0.3007
log_GA_10_05_R2         0.9751   0.8417   0.9455   0.8006   0.6736   0.1436   0.1818
log_GA_10_05_R4         0.9787   0.8593   0.9598   0.8458   0.6994   0.1744   0.2199
log_GA_10_05_R6         0.9806   0.8805   0.9648   0.8680   0.7213   0.2021   0.2542
log_GA_10_05_R8         0.9816   0.8963   0.9672   0.8800   0.7356   0.2241   0.2810
log_GA_10_10_R10        0.9694   0.8932   0.9638   0.8747   0.7343   0.2129   0.2713
log_GA_10_10_R2         0.9731   0.8304   0.9463   0.7945   0.6689   0.1364   0.1729
log_GA_10_10_R4         0.9704   0.8393   0.9571   0.8412   0.6935   0.1577   0.2011
log_GA_10_10_R6         0.9671   0.8616   0.9599   0.8586   0.7138   0.1791   0.2295
log_GA_10_10_R8         0.9670   0.8801   0.9623   0.8688   0.7271   0.1983   0.2537
log_GA_10_20_R10        0.9449   0.8537   0.9580   0.8549   0.7110   0.1677   0.2178
log_GA_10_20_R2         0.9676   0.7982   0.9438   0.7752   0.6517   0.1182   0.1496
log_GA_10_20_R4         0.9426   0.7912   0.9514   0.8159   0.6705   0.1205   0.1557
log_GA_10_20_R6         0.9327   0.8168   0.9533   0.8363   0.6876   0.1357   0.1770
log_GA_10_20_R8         0.9375   0.8371   0.9565   0.8478   0.7020   0.1538   0.2002
log_GA_20_00_R10        0.9863   0.8888   0.9692   0.8670   0.7193   0.2122   0.2626
log_GA_20_00_R2         0.9760   0.8172   0.9139   0.7489   0.6487   0.1189   0.1508
log_GA_20_00_R4         0.9802   0.8383   0.9390   0.7929   0.6713   0.1416   0.1785
log_GA_20_00_R6         0.9825   0.8598   0.9544   0.8275   0.6924   0.1689   0.2116
log_GA_20_00_R8         0.9847   0.8759   0.9634   0.8505   0.7075   0.1926   0.2396
