#observable           g^rej_20 g^rej_50 q^rej_20 q^rej_50 s^rej    I1/2     I1/2''  
GA_00_00_R10            0.9597   0.8642   0.9719   0.8743   0.7175   0.1886   0.2412
GA_00_00_R2             0.9479   0.7577   0.9167   0.7415   0.6327   0.0799   0.1046
GA_00_00_R4             0.9487   0.8073   0.9467   0.8062   0.6701   0.1169   0.1534
GA_00_00_R6             0.9504   0.8328   0.9593   0.8385   0.6917   0.1457   0.1896
GA_00_00_R8             0.9547   0.8506   0.9667   0.8582   0.7061   0.1690   0.2179
GA_10_05_R10            0.9832   0.9210   0.9689   0.8868   0.7510   0.2534   0.3158
GA_10_05_R2             0.9752   0.8474   0.9563   0.8354   0.6913   0.1628   0.2055
GA_10_05_R4             0.9778   0.8805   0.9621   0.8677   0.7245   0.2029   0.2561
GA_10_05_R6             0.9800   0.9001   0.9647   0.8765   0.7379   0.2246   0.2826
GA_10_05_R8             0.9814   0.9124   0.9672   0.8816   0.7451   0.2402   0.3009
GA_10_10_R10            0.9719   0.9048   0.9637   0.8707   0.7362   0.2203   0.2797
GA_10_10_R2             0.9665   0.8250   0.9539   0.8325   0.6844   0.1458   0.1866
GA_10_10_R4             0.9612   0.8643   0.9576   0.8564   0.7154   0.1770   0.2283
GA_10_10_R6             0.9633   0.8830   0.9591   0.8620   0.7255   0.1949   0.2505
GA_10_10_R8             0.9675   0.8953   0.9617   0.8658   0.7316   0.2085   0.2663
GA_10_20_R10            0.9497   0.8659   0.9576   0.8500   0.7127   0.1733   0.2247
GA_10_20_R2             0.9370   0.7757   0.9481   0.8070   0.6615   0.1102   0.1434
GA_10_20_R4             0.9254   0.8157   0.9501   0.8311   0.6866   0.1330   0.1746
GA_10_20_R6             0.9353   0.8373   0.9513   0.8390   0.7002   0.1488   0.1951
GA_10_20_R8             0.9426   0.8532   0.9552   0.8433   0.7078   0.1609   0.2099
GA_20_00_R10            0.9873   0.9042   0.9760   0.8876   0.7357   0.2408   0.2953
GA_20_00_R2             0.9782   0.8317   0.9326   0.7810   0.6652   0.1350   0.1693
GA_20_00_R4             0.9823   0.8646   0.9561   0.8356   0.6965   0.1761   0.2195
GA_20_00_R6             0.9844   0.8826   0.9669   0.8615   0.7135   0.2034   0.2520
GA_20_00_R8             0.9861   0.8955   0.9728   0.8766   0.7264   0.2243   0.2763
MultHadronThrust        0.9593   0.8271   0.9452   0.8112   0.6782   0.1341   0.1724
MultHardThrust          0.9726   0.8843   0.9786   0.8879   0.7298   0.2229   0.2766
MultIntermediasThrust   0.9758   0.8885   0.9758   0.8919   0.7334   0.2252   0.2817
MultShowerThrust        0.9748   0.8844   0.9820   0.8964   0.7321   0.2283   0.2828
Thrust                  0.9936   0.9532   0.9657   0.8844   0.7572   0.2925   0.3532
Thrust_log              0.9936   0.9532   0.9657   0.8845   0.7573   0.2918   0.3525
log_GA_00_00_R10        0.9597   0.8642   0.9719   0.8743   0.7175   0.1886   0.2412
log_GA_00_00_R2         0.9479   0.7577   0.9167   0.7415   0.6327   0.0799   0.1046
log_GA_00_00_R4         0.9487   0.8073   0.9467   0.8062   0.6701   0.1169   0.1534
log_GA_00_00_R6         0.9504   0.8328   0.9593   0.8385   0.6917   0.1457   0.1896
log_GA_00_00_R8         0.9547   0.8506   0.9667   0.8582   0.7061   0.1690   0.2179
log_GA_10_05_R10        0.9832   0.9208   0.9689   0.8868   0.7509   0.2528   0.3153
log_GA_10_05_R2         0.9752   0.8469   0.9562   0.8357   0.6914   0.1612   0.2040
log_GA_10_05_R4         0.9778   0.8805   0.9621   0.8674   0.7242   0.2018   0.2552
log_GA_10_05_R6         0.9800   0.8998   0.9646   0.8764   0.7377   0.2238   0.2819
log_GA_10_05_R8         0.9814   0.9122   0.9672   0.8816   0.7450   0.2397   0.3003
log_GA_10_10_R10        0.9719   0.9047   0.9637   0.8707   0.7361   0.2199   0.2794
log_GA_10_10_R2         0.9667   0.8246   0.9538   0.8324   0.6845   0.1450   0.1855
log_GA_10_10_R4         0.9614   0.8642   0.9575   0.8564   0.7153   0.1765   0.2276
log_GA_10_10_R6         0.9635   0.8832   0.9591   0.8621   0.7257   0.1946   0.2502
log_GA_10_10_R8         0.9675   0.8952   0.9618   0.8657   0.7317   0.2081   0.2659
log_GA_10_20_R10        0.9497   0.8661   0.9576   0.8500   0.7126   0.1744   0.2259
log_GA_10_20_R2         0.9370   0.7759   0.9479   0.8069   0.6614   0.1099   0.1425
log_GA_10_20_R4         0.9254   0.8160   0.9501   0.8311   0.6867   0.1334   0.1749
log_GA_10_20_R6         0.9351   0.8373   0.9513   0.8390   0.7002   0.1497   0.1958
log_GA_10_20_R8         0.9427   0.8535   0.9552   0.8433   0.7077   0.1626   0.2117
log_GA_20_00_R10        0.9873   0.9040   0.9760   0.8876   0.7357   0.2402   0.2950
log_GA_20_00_R2         0.9782   0.8317   0.9327   0.7809   0.6652   0.1323   0.1677
log_GA_20_00_R4         0.9823   0.8645   0.9560   0.8354   0.6964   0.1745   0.2188
log_GA_20_00_R6         0.9843   0.8825   0.9669   0.8614   0.7134   0.2023   0.2515
log_GA_20_00_R8         0.9861   0.8953   0.9726   0.8767   0.7262   0.2234   0.2759
