#observable           g^rej_20 g^rej_50 q^rej_20 q^rej_50 s^rej    I1/2     I1/2''  
GA_00_00_R10            0.9621   0.8227   0.9454   0.8073   0.6746   0.1287   0.1665
GA_00_00_R2             0.9572   0.7353   0.8956   0.6980   0.6148   0.0709   0.0926
GA_00_00_R4             0.9556   0.7549   0.9068   0.7209   0.6228   0.0789   0.1015
GA_00_00_R6             0.9575   0.7772   0.9210   0.7522   0.6410   0.0931   0.1205
GA_00_00_R8             0.9597   0.8008   0.9349   0.7812   0.6579   0.1100   0.1426
GA_10_05_R10            0.9828   0.8923   0.9684   0.8780   0.7304   0.2210   0.2753
GA_10_05_R2             0.9672   0.8435   0.9386   0.7992   0.6785   0.1469   0.1852
GA_10_05_R4             0.9789   0.8545   0.9500   0.8161   0.6836   0.1587   0.1996
GA_10_05_R6             0.9818   0.8670   0.9595   0.8449   0.7013   0.1811   0.2266
GA_10_05_R8             0.9821   0.8788   0.9644   0.8630   0.7170   0.2004   0.2504
GA_10_10_R10            0.9733   0.8750   0.9650   0.8706   0.7241   0.1992   0.2525
GA_10_10_R2             0.9644   0.8259   0.9339   0.7901   0.6671   0.1333   0.1699
GA_10_10_R4             0.9764   0.8406   0.9512   0.8135   0.6784   0.1501   0.1897
GA_10_10_R6             0.9756   0.8480   0.9588   0.8432   0.6966   0.1674   0.2115
GA_10_10_R8             0.9738   0.8611   0.9617   0.8575   0.7116   0.1821   0.2309
GA_10_20_R10            0.9458   0.8325   0.9596   0.8495   0.6996   0.1549   0.2002
GA_10_20_R2             0.9594   0.8105   0.9266   0.7734   0.6546   0.1160   0.1501
GA_10_20_R4             0.9689   0.8118   0.9495   0.7955   0.6634   0.1287   0.1638
GA_10_20_R6             0.9618   0.8053   0.9542   0.8242   0.6735   0.1341   0.1715
GA_10_20_R8             0.9502   0.8168   0.9561   0.8364   0.6881   0.1416   0.1826
GA_20_00_R10            0.9857   0.8672   0.9541   0.8313   0.6953   0.1779   0.2207
GA_20_00_R2             0.9697   0.8458   0.9080   0.7544   0.6616   0.1436   0.1758
GA_20_00_R4             0.9793   0.8254   0.9202   0.7566   0.6526   0.1297   0.1613
GA_20_00_R6             0.9827   0.8383   0.9328   0.7860   0.6671   0.1430   0.1780
GA_20_00_R8             0.9845   0.8524   0.9443   0.8101   0.6816   0.1592   0.1981
MultHadronThrust        0.9749   0.8643   0.9513   0.8395   0.7007   0.1708   0.2173
MultHardThrust          0.9698   0.8571   0.9615   0.8516   0.7014   0.1734   0.2205
MultIntermediasThrust   0.0000   0.0000   0.0000   0.0000   0.0000   0.0000   0.0000
MultShowerThrust        0.9672   0.8414   0.9452   0.8201   0.6867   0.1443   0.1865
Thrust                  0.9856   0.9367   0.9697   0.8945   0.7637   0.2811   0.3474
Thrust_log              0.9856   0.9366   0.9698   0.8943   0.7637   0.2802   0.3466
log_GA_00_00_R10        0.9621   0.8227   0.9454   0.8073   0.6746   0.1287   0.1665
log_GA_00_00_R2         0.9572   0.7353   0.8956   0.6980   0.6148   0.0709   0.0926
log_GA_00_00_R4         0.9556   0.7549   0.9068   0.7209   0.6228   0.0789   0.1015
log_GA_00_00_R6         0.9575   0.7772   0.9210   0.7522   0.6410   0.0931   0.1205
log_GA_00_00_R8         0.9597   0.8008   0.9349   0.7812   0.6579   0.1100   0.1426
log_GA_10_05_R10        0.9827   0.8922   0.9683   0.8779   0.7302   0.2202   0.2746
log_GA_10_05_R2         0.9672   0.8433   0.9379   0.7987   0.6787   0.1381   0.1770
log_GA_10_05_R4         0.9789   0.8544   0.9501   0.8151   0.6831   0.1565   0.1974
log_GA_10_05_R6         0.9818   0.8667   0.9593   0.8446   0.7012   0.1797   0.2254
log_GA_10_05_R8         0.9821   0.8784   0.9643   0.8629   0.7167   0.1995   0.2496
log_GA_10_10_R10        0.9733   0.8750   0.9650   0.8704   0.7241   0.1988   0.2521
log_GA_10_10_R2         0.9647   0.8263   0.9345   0.7901   0.6674   0.1286   0.1643
log_GA_10_10_R4         0.9765   0.8407   0.9510   0.8133   0.6785   0.1492   0.1885
log_GA_10_10_R6         0.9756   0.8482   0.9589   0.8431   0.6966   0.1668   0.2108
log_GA_10_10_R8         0.9738   0.8608   0.9618   0.8575   0.7116   0.1815   0.2303
log_GA_10_20_R10        0.9459   0.8325   0.9595   0.8498   0.6995   0.1550   0.2001
log_GA_10_20_R2         0.9595   0.8102   0.9264   0.7730   0.6544   0.1164   0.1483
log_GA_10_20_R4         0.9689   0.8119   0.9495   0.7955   0.6632   0.1290   0.1635
log_GA_10_20_R6         0.9617   0.8056   0.9542   0.8241   0.6735   0.1344   0.1714
log_GA_10_20_R8         0.9502   0.8169   0.9561   0.8365   0.6882   0.1415   0.1823
log_GA_20_00_R10        0.9857   0.8672   0.9542   0.8312   0.6955   0.1769   0.2202
log_GA_20_00_R2         0.9701   0.8451   0.9077   0.7540   0.6622   0.1279   0.1644
log_GA_20_00_R4         0.9792   0.8250   0.9202   0.7569   0.6525   0.1264   0.1595
log_GA_20_00_R6         0.9825   0.8379   0.9329   0.7856   0.6672   0.1410   0.1769
log_GA_20_00_R8         0.9845   0.8523   0.9445   0.8101   0.6813   0.1580   0.1975
