#observable           g^rej_20 g^rej_50 q^rej_20 q^rej_50 s^rej    I1/2     I1/2''  
GA_00_00_R10            0.9592   0.8742   0.9765   0.8887   0.7291   0.2085   0.2647
GA_00_00_R2             0.9380   0.7867   0.9381   0.7859   0.6574   0.0979   0.1298
GA_00_00_R4             0.9422   0.8272   0.9610   0.8384   0.6894   0.1421   0.1852
GA_00_00_R6             0.9495   0.8479   0.9691   0.8622   0.7070   0.1698   0.2188
GA_00_00_R8             0.9552   0.8621   0.9732   0.8776   0.7194   0.1908   0.2439
GA_10_05_R10            0.9837   0.9272   0.9682   0.8844   0.7501   0.2565   0.3190
GA_10_05_R2             0.9737   0.8662   0.9592   0.8589   0.7142   0.1848   0.2353
GA_10_05_R4             0.9772   0.8984   0.9626   0.8699   0.7344   0.2171   0.2750
GA_10_05_R6             0.9795   0.9129   0.9639   0.8761   0.7412   0.2338   0.2941
GA_10_05_R8             0.9816   0.9217   0.9664   0.8810   0.7461   0.2461   0.3078
GA_10_10_R10            0.9748   0.9084   0.9629   0.8674   0.7320   0.2201   0.2781
GA_10_10_R2             0.9555   0.8485   0.9535   0.8470   0.7063   0.1603   0.2085
GA_10_10_R4             0.9604   0.8830   0.9563   0.8541   0.7216   0.1877   0.2422
GA_10_10_R6             0.9664   0.8955   0.9582   0.8583   0.7256   0.2009   0.2572
GA_10_10_R8             0.9710   0.9031   0.9607   0.8636   0.7291   0.2111   0.2684
GA_10_20_R10            0.9528   0.8708   0.9561   0.8450   0.7087   0.1730   0.2234
GA_10_20_R2             0.9158   0.8007   0.9453   0.8209   0.6788   0.1202   0.1586
GA_10_20_R4             0.9308   0.8332   0.9489   0.8296   0.6962   0.1422   0.1868
GA_10_20_R6             0.9398   0.8510   0.9512   0.8343   0.7008   0.1554   0.2027
GA_10_20_R8             0.9468   0.8620   0.9542   0.8401   0.7052   0.1647   0.2137
GA_20_00_R10            0.9874   0.9120   0.9793   0.8998   0.7455   0.2580   0.3155
GA_20_00_R2             0.9777   0.8492   0.9523   0.8218   0.6864   0.1594   0.2003
GA_20_00_R4             0.9827   0.8799   0.9685   0.8631   0.7132   0.2020   0.2510
GA_20_00_R6             0.9846   0.8951   0.9738   0.8813   0.7281   0.2263   0.2793
GA_20_00_R8             0.9861   0.9048   0.9768   0.8922   0.7382   0.2439   0.2995
MultHadronThrust        0.9459   0.7817   0.9284   0.7728   0.6503   0.1037   0.1343
MultHardThrust          0.9696   0.8725   0.9760   0.8820   0.7203   0.2165   0.2654
MultIntermediasThrust   0.9830   0.9144   0.9871   0.9264   0.7623   0.2865   0.3491
MultShowerThrust        0.9753   0.8861   0.9836   0.9037   0.7388   0.2423   0.2977
Thrust                  0.9949   0.9539   0.9652   0.8806   0.7543   0.2910   0.3488
Thrust_log              0.9949   0.9537   0.9652   0.8806   0.7542   0.2903   0.3481
log_GA_00_00_R10        0.9592   0.8742   0.9765   0.8887   0.7291   0.2085   0.2647
log_GA_00_00_R2         0.9380   0.7867   0.9381   0.7859   0.6574   0.0979   0.1298
log_GA_00_00_R4         0.9422   0.8272   0.9610   0.8384   0.6894   0.1421   0.1852
log_GA_00_00_R6         0.9495   0.8479   0.9691   0.8622   0.7070   0.1697   0.2188
log_GA_00_00_R8         0.9552   0.8621   0.9732   0.8776   0.7194   0.1908   0.2439
log_GA_10_05_R10        0.9837   0.9272   0.9682   0.8845   0.7501   0.2559   0.3185
log_GA_10_05_R2         0.9736   0.8663   0.9593   0.8584   0.7140   0.1835   0.2342
log_GA_10_05_R4         0.9771   0.8984   0.9624   0.8699   0.7345   0.2161   0.2741
log_GA_10_05_R6         0.9795   0.9129   0.9639   0.8761   0.7413   0.2331   0.2935
log_GA_10_05_R8         0.9816   0.9214   0.9664   0.8809   0.7461   0.2456   0.3074
log_GA_10_10_R10        0.9749   0.9086   0.9629   0.8673   0.7321   0.2199   0.2780
log_GA_10_10_R2         0.9555   0.8485   0.9535   0.8470   0.7061   0.1600   0.2080
log_GA_10_10_R4         0.9605   0.8831   0.9563   0.8543   0.7216   0.1874   0.2418
log_GA_10_10_R6         0.9663   0.8955   0.9581   0.8583   0.7255   0.2006   0.2569
log_GA_10_10_R8         0.9710   0.9032   0.9608   0.8635   0.7290   0.2110   0.2683
log_GA_10_20_R10        0.9529   0.8707   0.9561   0.8451   0.7088   0.1749   0.2258
log_GA_10_20_R2         0.9159   0.8008   0.9452   0.8210   0.6789   0.1209   0.1590
log_GA_10_20_R4         0.9308   0.8334   0.9489   0.8296   0.6964   0.1448   0.1897
log_GA_10_20_R6         0.9402   0.8517   0.9513   0.8342   0.7010   0.1572   0.2048
log_GA_10_20_R8         0.9469   0.8626   0.9542   0.8401   0.7051   0.1667   0.2162
log_GA_20_00_R10        0.9875   0.9120   0.9793   0.8996   0.7455   0.2573   0.3152
log_GA_20_00_R2         0.9777   0.8494   0.9523   0.8218   0.6865   0.1570   0.1990
log_GA_20_00_R4         0.9825   0.8800   0.9685   0.8630   0.7133   0.2008   0.2504
log_GA_20_00_R6         0.9845   0.8950   0.9738   0.8812   0.7280   0.2252   0.2788
log_GA_20_00_R8         0.9861   0.9045   0.9767   0.8922   0.7380   0.2431   0.2992
