#observable           g^rej_20 g^rej_50 q^rej_20 q^rej_50 s^rej    I1/2     I1/2''  
GA_00_00_R10            0.9605   0.8815   0.9787   0.8962   0.7372   0.2230   0.2817
GA_00_00_R2             0.9363   0.8130   0.9541   0.8251   0.6797   0.1271   0.1669
GA_00_00_R4             0.9458   0.8442   0.9688   0.8626   0.7052   0.1675   0.2161
GA_00_00_R6             0.9518   0.8604   0.9741   0.8799   0.7189   0.1908   0.2439
GA_00_00_R8             0.9567   0.8720   0.9772   0.8908   0.7288   0.2087   0.2648
GA_10_05_R10            0.9853   0.9310   0.9676   0.8834   0.7496   0.2592   0.3212
GA_10_05_R2             0.9737   0.8905   0.9606   0.8692   0.7305   0.2080   0.2647
GA_10_05_R4             0.9783   0.9119   0.9632   0.8732   0.7408   0.2311   0.2914
GA_10_05_R6             0.9809   0.9205   0.9645   0.8760   0.7442   0.2421   0.3032
GA_10_05_R8             0.9834   0.9264   0.9662   0.8803   0.7468   0.2512   0.3127
GA_10_10_R10            0.9767   0.9098   0.9617   0.8647   0.7287   0.2186   0.2752
GA_10_10_R2             0.9549   0.8732   0.9548   0.8525   0.7181   0.1792   0.2325
GA_10_10_R4             0.9644   0.8934   0.9565   0.8544   0.7237   0.1970   0.2526
GA_10_10_R6             0.9701   0.9012   0.9581   0.8569   0.7237   0.2047   0.2605
GA_10_10_R8             0.9736   0.9056   0.9605   0.8604   0.7257   0.2119   0.2679
GA_10_20_R10            0.9556   0.8707   0.9553   0.8406   0.7024   0.1685   0.2174
GA_10_20_R2             0.9230   0.8244   0.9468   0.8284   0.6923   0.1366   0.1799
GA_10_20_R4             0.9367   0.8483   0.9489   0.8280   0.6976   0.1518   0.1981
GA_10_20_R6             0.9443   0.8588   0.9514   0.8301   0.6982   0.1571   0.2039
GA_10_20_R8             0.9507   0.8663   0.9539   0.8345   0.6999   0.1626   0.2103
GA_20_00_R10            0.9880   0.9185   0.9804   0.9080   0.7538   0.2720   0.3318
GA_20_00_R2             0.9804   0.8710   0.9651   0.8550   0.7081   0.1900   0.2374
GA_20_00_R4             0.9837   0.8938   0.9740   0.8819   0.7297   0.2264   0.2798
GA_20_00_R6             0.9856   0.9049   0.9774   0.8944   0.7405   0.2463   0.3027
GA_20_00_R8             0.9869   0.9127   0.9791   0.9019   0.7481   0.2604   0.3187
MultHadronThrust        0.9226   0.7562   0.9194   0.7390   0.6344   0.0971   0.1237
MultHardThrust          0.9736   0.8825   0.9831   0.8919   0.7310   0.2391   0.2886
MultIntermediasThrust   0.9882   0.9355   0.9911   0.9432   0.7844   0.3370   0.4027
MultShowerThrust        0.9756   0.8916   0.9826   0.9047   0.7409   0.2478   0.3034
Thrust                  0.9959   0.9508   0.9644   0.8780   0.7506   0.2855   0.3412
Thrust_log              0.9960   0.9507   0.9645   0.8780   0.7506   0.2849   0.3406
log_GA_00_00_R10        0.9605   0.8815   0.9787   0.8962   0.7372   0.2229   0.2817
log_GA_00_00_R2         0.9363   0.8130   0.9541   0.8251   0.6797   0.1271   0.1668
log_GA_00_00_R4         0.9458   0.8442   0.9688   0.8626   0.7052   0.1675   0.2161
log_GA_00_00_R6         0.9518   0.8604   0.9741   0.8799   0.7189   0.1907   0.2439
log_GA_00_00_R8         0.9567   0.8720   0.9772   0.8908   0.7288   0.2086   0.2648
log_GA_10_05_R10        0.9852   0.9309   0.9676   0.8834   0.7497   0.2586   0.3207
log_GA_10_05_R2         0.9738   0.8905   0.9606   0.8691   0.7304   0.2071   0.2638
log_GA_10_05_R4         0.9784   0.9118   0.9632   0.8731   0.7406   0.2303   0.2907
log_GA_10_05_R6         0.9810   0.9203   0.9645   0.8760   0.7441   0.2415   0.3026
log_GA_10_05_R8         0.9834   0.9264   0.9662   0.8800   0.7467   0.2507   0.3123
log_GA_10_10_R10        0.9767   0.9097   0.9617   0.8647   0.7287   0.2184   0.2750
log_GA_10_10_R2         0.9550   0.8733   0.9548   0.8526   0.7182   0.1790   0.2321
log_GA_10_10_R4         0.9643   0.8934   0.9565   0.8544   0.7236   0.1968   0.2524
log_GA_10_10_R6         0.9701   0.9013   0.9581   0.8570   0.7237   0.2046   0.2604
log_GA_10_10_R8         0.9738   0.9057   0.9604   0.8603   0.7257   0.2116   0.2677
log_GA_10_20_R10        0.9561   0.8718   0.9553   0.8406   0.7024   0.1734   0.2228
log_GA_10_20_R2         0.9229   0.8246   0.9468   0.8285   0.6924   0.1394   0.1830
log_GA_10_20_R4         0.9366   0.8486   0.9489   0.8280   0.6977   0.1545   0.2014
log_GA_10_20_R6         0.9447   0.8598   0.9513   0.8301   0.6981   0.1610   0.2088
log_GA_10_20_R8         0.9509   0.8667   0.9539   0.8346   0.7000   0.1672   0.2157
log_GA_20_00_R10        0.9880   0.9185   0.9805   0.9079   0.7539   0.2715   0.3317
log_GA_20_00_R2         0.9805   0.8707   0.9651   0.8549   0.7081   0.1884   0.2365
log_GA_20_00_R4         0.9837   0.8940   0.9740   0.8819   0.7297   0.2254   0.2794
log_GA_20_00_R6         0.9856   0.9048   0.9775   0.8946   0.7408   0.2456   0.3024
log_GA_20_00_R8         0.9869   0.9127   0.9791   0.9021   0.7482   0.2598   0.3185
