#observable           jj^rej_20 jj^rej_50 zj^rej_20 zj^rej_50 s^rej    I1/2     I1/2''  
GA_10_10_Q800_R6                 0.8003   0.5228   0.8178   0.5279   0.5127   0.0125   0.0163
GA_20_00_Q50_R2                  0.8847   0.6371   0.8670   0.6319   0.5683   0.0199   0.0272
GA_10_10_Q800_R4                 0.8130   0.5223   0.8089   0.5227   0.5110   0.0134   0.0175
log_mMDT_GA_00_00_Q800_R2        0.8157   0.5204   0.7968   0.5195   0.5101   0.0042   0.0058
GA_10_10_Q800_R2                 0.8162   0.5065   0.8013   0.5051   0.5028   0.0130   0.0168
log_mMDT_GA_00_00_Q800_R4        0.8150   0.5068   0.7915   0.5067   0.5034   0.0051   0.0068
GA_20_00_Q50_R4                  0.8878   0.6447   0.8715   0.6395   0.5730   0.0221   0.0302
log_mMDT_GA_00_00_Q800_R6        0.8165   0.5029   0.8023   0.5028   0.5014   0.0057   0.0077
log_mMDT_GA_00_00_Q800_R8        0.8159   0.5023   0.8089   0.5026   0.5012   0.0055   0.0075
GA_20_00_Q50_R8                  0.8859   0.6409   0.8682   0.6335   0.5697   0.0205   0.0280
GA_10_10_Q800_R8                 0.7928   0.5144   0.8151   0.5143   0.5074   0.0105   0.0139
mMDT_GA_10_05_Q100_R10           0.8925   0.6070   0.8504   0.5899   0.5485   0.0177   0.0241
log_GA_10_05_Q800_R10            0.7981   0.5056   0.8065   0.5053   0.5027   0.0032   0.0043
mMDT_GA_10_05_Q200_R2            0.8848   0.6410   0.8625   0.6324   0.5698   0.0200   0.0275
mMDT_GA_10_05_Q200_R4            0.8862   0.6289   0.8455   0.6119   0.5608   0.0174   0.0239
mMDT_GA_10_05_Q200_R6            0.8858   0.6133   0.8379   0.5929   0.5516   0.0155   0.0213
mMDT_GA_10_05_Q200_R8            0.8861   0.5992   0.8364   0.5811   0.5442   0.0146   0.0200
GA_20_00_Q50_R6                  0.8863   0.6434   0.8687   0.6356   0.5713   0.0211   0.0289
GA_20_00_Q100_R2                 0.8857   0.6401   0.8694   0.6355   0.5700   0.0208   0.0284
GA_20_00_Q100_R4                 0.8879   0.6451   0.8722   0.6402   0.5733   0.0223   0.0304
GA_20_00_Q100_R6                 0.8863   0.6435   0.8690   0.6357   0.5714   0.0212   0.0289
GA_20_00_Q100_R8                 0.8857   0.6407   0.8682   0.6334   0.5697   0.0205   0.0280
log_mMDT_GA_00_00_Q800_R10       0.8179   0.5036   0.8155   0.5033   0.5017   0.0053   0.0071
log_GA_10_20_Q400_R8             0.8126   0.5167   0.8131   0.5173   0.5086   0.0009   0.0013
log_GA_10_20_Q400_R6             0.8142   0.5132   0.8029   0.5123   0.5064   0.0012   0.0016
log_GA_10_20_Q400_R4             0.8221   0.5269   0.8042   0.5259   0.5130   0.0021   0.0028
log_GA_10_20_Q400_R2             0.8281   0.5497   0.8219   0.5479   0.5245   0.0036   0.0048
GA_00_00_Q50_R4                  0.8649   0.6116   0.8550   0.6110   0.5566   0.0121   0.0167
GA_00_00_Q50_R6                  0.8595   0.5993   0.8488   0.5965   0.5494   0.0095   0.0132
GA_00_00_Q50_R2                  0.8611   0.5991   0.8479   0.5972   0.5497   0.0098   0.0136
log_GA_10_10_Q400_R4             0.8341   0.5437   0.8099   0.5413   0.5211   0.0030   0.0041
GA_00_00_Q50_R8                  0.8536   0.5852   0.8456   0.5842   0.5425   0.0073   0.0101
log_GA_10_10_Q100_R10            0.8748   0.6026   0.8460   0.5939   0.5497   0.0117   0.0160
log_GA_10_10_Q400_R8             0.8264   0.5314   0.8149   0.5299   0.5154   0.0017   0.0024
mMDT_GA_10_10_Q100_R2            0.9132   0.7091   0.8938   0.6932   0.6049   0.0444   0.0602
mMDT_GA_10_10_Q100_R6            0.9003   0.6368   0.8453   0.6075   0.5610   0.0223   0.0305
GA_00_00_Q100_R2                 0.8666   0.6091   0.8520   0.6065   0.5548   0.0119   0.0163
log_GA_10_05_Q200_R10            0.8861   0.6144   0.8436   0.6003   0.5541   0.0150   0.0205
GA_00_00_Q100_R6                 0.8609   0.6016   0.8500   0.5986   0.5506   0.0100   0.0138
GA_00_00_Q100_R4                 0.8671   0.6155   0.8569   0.6147   0.5586   0.0130   0.0179
log_GA_20_00_Q50_R4              0.8879   0.6447   0.8714   0.6397   0.5730   0.0216   0.0295
log_GA_20_00_Q50_R6              0.8863   0.6435   0.8689   0.6356   0.5713   0.0207   0.0283
log_GA_20_00_Q50_R2              0.8844   0.6373   0.8670   0.6319   0.5683   0.0193   0.0265
GA_10_10_Q400_R8                 0.8265   0.5314   0.8148   0.5298   0.5155   0.0025   0.0033
GA_10_10_Q800_R10                0.7962   0.5048   0.8121   0.5047   0.5025   0.0105   0.0138
GA_10_10_Q100_R8                 0.8854   0.6184   0.8453   0.6048   0.5563   0.0157   0.0215
GA_10_10_Q400_R2                 0.8399   0.5645   0.8260   0.5614   0.5314   0.0054   0.0073
GA_10_10_Q100_R4                 0.9078   0.6875   0.8709   0.6638   0.5913   0.0341   0.0465
GA_10_10_Q100_R6                 0.8966   0.6466   0.8514   0.6265   0.5692   0.0224   0.0306
GA_10_10_Q400_R6                 0.8296   0.5323   0.8071   0.5291   0.5152   0.0028   0.0037
GA_10_10_Q400_R4                 0.8340   0.5434   0.8099   0.5413   0.5211   0.0037   0.0050
GA_10_10_Q100_R2                 0.9168   0.7254   0.9020   0.7164   0.6169   0.0528   0.0715
GA_20_00_Q200_R10                0.8813   0.6322   0.8654   0.6260   0.5654   0.0182   0.0249
log_mMDT_GA_20_00_Q100_R4        0.8836   0.6369   0.8661   0.6296   0.5675   0.0189   0.0259
log_mMDT_GA_20_00_Q100_R6        0.8815   0.6286   0.8607   0.6217   0.5636   0.0169   0.0232
log_mMDT_GA_20_00_Q100_R8        0.8804   0.6230   0.8604   0.6157   0.5605   0.0159   0.0219
log_GA_00_00_Q800_R8             0.8053   0.5104   0.8232   0.5126   0.5057   0.0041   0.0054
mMDT_GA_00_00_Q400_R8            0.8454   0.5424   0.8283   0.5379   0.5200   0.0045   0.0063
mMDT_GA_00_00_Q400_R6            0.8461   0.5491   0.8218   0.5431   0.5230   0.0045   0.0062
mMDT_GA_00_00_Q400_R4            0.8483   0.5605   0.8239   0.5556   0.5292   0.0049   0.0067
log_GA_00_00_Q800_R2             0.8151   0.5248   0.8172   0.5247   0.5125   0.0043   0.0058
mMDT_GA_00_00_Q400_R2            0.8523   0.5771   0.8414   0.5748   0.5381   0.0064   0.0088
log_GA_00_00_Q800_R4             0.8079   0.5164   0.8096   0.5162   0.5082   0.0042   0.0056
log_GA_00_00_Q800_R6             0.8035   0.5051   0.8132   0.5055   0.5027   0.0036   0.0049
log_GA_10_20_Q50_R10             0.8529   0.5783   0.8419   0.5764   0.5388   0.0067   0.0092
GA_10_20_Q800_R2                 0.8194   0.5176   0.8108   0.5160   0.5084   0.0130   0.0163
log_mMDT_GA_10_20_Q400_R10       0.8482   0.5289   0.8210   0.5262   0.5140   0.0054   0.0074
GA_10_20_Q800_R6                 0.8018   0.5306   0.8245   0.5349   0.5166   0.0109   0.0140
GA_10_20_Q800_R4                 0.8140   0.5337   0.8173   0.5348   0.5170   0.0143   0.0180
GA_10_20_Q800_R8                 0.7956   0.5148   0.8195   0.5171   0.5079   0.0112   0.0145
mMDT_GA_10_05_Q200_R10           0.8864   0.5888   0.8403   0.5748   0.5404   0.0144   0.0197
log_GA_10_05_Q50_R8              0.8984   0.6481   0.8558   0.6278   0.5699   0.0226   0.0308
log_GA_00_00_Q100_R10            0.8489   0.5750   0.8415   0.5747   0.5380   0.0059   0.0082
log_GA_10_05_Q50_R2              0.9181   0.7296   0.9087   0.7240   0.6203   0.0557   0.0754
log_GA_10_05_Q50_R6              0.9051   0.6706   0.8624   0.6479   0.5820   0.0287   0.0392
log_GA_10_05_Q50_R4              0.9127   0.7004   0.8813   0.6822   0.5999   0.0394   0.0536
log_mMDT_GA_20_00_Q200_R4        0.8765   0.6236   0.8609   0.6180   0.5612   0.0154   0.0212
log_mMDT_GA_20_00_Q200_R6        0.8756   0.6172   0.8558   0.6114   0.5580   0.0141   0.0194
log_mMDT_GA_20_00_Q200_R2        0.8779   0.6306   0.8701   0.6282   0.5656   0.0176   0.0242
log_mMDT_GA_20_00_Q200_R8        0.8754   0.6131   0.8559   0.6070   0.5557   0.0136   0.0187
log_GA_10_05_Q400_R10            0.8438   0.5550   0.8286   0.5523   0.5270   0.0039   0.0053
mMDT_GA_00_00_Q200_R10           0.8732   0.5718   0.8388   0.5609   0.5329   0.0098   0.0135
GA_10_10_Q400_R10                0.8278   0.5367   0.8242   0.5357   0.5180   0.0031   0.0042
log_GA_10_20_Q400_R10            0.8150   0.5257   0.8226   0.5267   0.5132   0.0016   0.0022
log_GA_00_00_Q50_R10             0.8480   0.5736   0.8408   0.5733   0.5373   0.0057   0.0079
mMDT_GA_10_05_Q400_R10           0.8518   0.5441   0.8278   0.5377   0.5201   0.0059   0.0081
log_mMDT_GA_10_20_Q100_R4        0.9062   0.6628   0.8524   0.6310   0.5741   0.0278   0.0378
log_GA_00_00_Q400_R8             0.8330   0.5642   0.8454   0.5655   0.5330   0.0047   0.0064
log_GA_20_00_Q100_R10            0.8851   0.6405   0.8692   0.6331   0.5694   0.0201   0.0276
GA_00_00_Q800_R10                0.8010   0.5208   0.8296   0.5235   0.5108   0.0063   0.0086
log_mMDT_GA_20_00_Q200_R10       0.8754   0.6124   0.8576   0.6061   0.5552   0.0137   0.0188
mMDT_GA_00_00_Q200_R8            0.8740   0.5805   0.8374   0.5677   0.5369   0.0102   0.0140
mMDT_GA_00_00_Q200_R4            0.8777   0.6110   0.8466   0.5989   0.5529   0.0131   0.0181
mMDT_GA_00_00_Q200_R6            0.8751   0.5936   0.8386   0.5813   0.5438   0.0111   0.0152
mMDT_GA_00_00_Q200_R2            0.8795   0.6295   0.8668   0.6227   0.5637   0.0171   0.0235
mMDT_GA_00_00_Q400_R10           0.8456   0.5415   0.8371   0.5371   0.5197   0.0052   0.0071
log_mMDT_GA_10_20_Q100_R2        0.9142   0.7031   0.8855   0.6810   0.5996   0.0409   0.0555
log_GA_10_10_Q50_R8              0.8861   0.6205   0.8469   0.6068   0.5574   0.0157   0.0215
log_mMDT_GA_10_20_Q100_R6        0.8998   0.6264   0.8365   0.5979   0.5556   0.0213   0.0290
log_mMDT_GA_00_00_Q100_R10       0.8783   0.5846   0.8414   0.5718   0.5388   0.0114   0.0156
log_mMDT_GA_10_20_Q100_R8        0.8953   0.6001   0.8316   0.5764   0.5433   0.0178   0.0243
log_GA_10_10_Q50_R6              0.8976   0.6493   0.8538   0.6293   0.5706   0.0227   0.0310
log_GA_10_10_Q50_R2              0.9191   0.7324   0.9074   0.7248   0.6215   0.0565   0.0765
mMDT_GA_00_00_Q800_R8            0.8159   0.5023   0.8089   0.5026   0.5012   0.0074   0.0100
mMDT_GA_00_00_Q800_R2            0.8157   0.5204   0.7968   0.5195   0.5101   0.0047   0.0063
mMDT_GA_00_00_Q800_R6            0.8165   0.5029   0.8023   0.5028   0.5014   0.0060   0.0081
mMDT_GA_00_00_Q800_R4            0.8150   0.5068   0.7915   0.5067   0.5034   0.0061   0.0081
GA_10_10_Q50_R8                  0.8861   0.6204   0.8469   0.6069   0.5573   0.0161   0.0221
GA_10_10_Q50_R6                  0.8975   0.6494   0.8537   0.6294   0.5707   0.0231   0.0316
GA_10_10_Q50_R4                  0.9090   0.6915   0.8741   0.6681   0.5935   0.0356   0.0485
GA_10_10_Q50_R2                  0.9190   0.7324   0.9075   0.7249   0.6215   0.0571   0.0772
log_GA_20_00_Q800_R6             0.8214   0.5290   0.8160   0.5317   0.5150   0.0053   0.0072
log_mMDT_GA_10_10_Q100_R2        0.9132   0.7090   0.8939   0.6932   0.6049   0.0438   0.0595
log_mMDT_GA_10_10_Q200_R2        0.8845   0.6337   0.8554   0.6225   0.5650   0.0179   0.0246
GA_00_00_Q200_R10                0.8511   0.5811   0.8447   0.5799   0.5405   0.0067   0.0093
log_mMDT_GA_10_10_Q200_R4        0.8869   0.6197   0.8354   0.5993   0.5550   0.0160   0.0220
log_mMDT_GA_10_10_Q100_R6        0.9006   0.6367   0.8452   0.6074   0.5610   0.0220   0.0300
log_mMDT_GA_10_10_Q200_R6        0.8864   0.6009   0.8290   0.5811   0.5450   0.0146   0.0200
log_mMDT_GA_10_10_Q100_R8        0.8962   0.6107   0.8395   0.5849   0.5481   0.0186   0.0253
log_mMDT_GA_10_10_Q200_R8        0.8867   0.5860   0.8286   0.5668   0.5376   0.0141   0.0193
log_GA_20_00_Q800_R8             0.8225   0.5329   0.8202   0.5364   0.5171   0.0065   0.0089
mMDT_GA_10_20_Q100_R10           0.8389   0.5838   0.8351   0.5655   0.5367   0.0074   0.0102
mMDT_GA_20_00_Q200_R10           0.8754   0.6124   0.8575   0.6059   0.5552   0.0140   0.0192
log_GA_10_10_Q200_R10            0.8690   0.5861   0.8358   0.5791   0.5415   0.0090   0.0124
mMDT_GA_20_00_Q200_R8            0.8755   0.6133   0.8560   0.6068   0.5557   0.0139   0.0191
log_mMDT_GA_10_10_Q50_R8         0.8968   0.6127   0.8409   0.5867   0.5491   0.0189   0.0258
mMDT_GA_20_00_Q200_R2            0.8779   0.6308   0.8701   0.6280   0.5656   0.0183   0.0251
mMDT_GA_20_00_Q200_R6            0.8755   0.6171   0.8557   0.6114   0.5580   0.0146   0.0200
mMDT_GA_20_00_Q200_R4            0.8767   0.6237   0.8610   0.6182   0.5610   0.0160   0.0219
log_mMDT_GA_00_00_Q200_R8        0.8740   0.5805   0.8374   0.5677   0.5369   0.0101   0.0139
log_mMDT_GA_00_00_Q200_R2        0.8795   0.6295   0.8668   0.6227   0.5637   0.0171   0.0235
mMDT_GA_20_00_Q50_R10            0.8804   0.6225   0.8622   0.6151   0.5603   0.0163   0.0224
log_mMDT_GA_00_00_Q200_R6        0.8751   0.5936   0.8386   0.5813   0.5438   0.0110   0.0152
log_mMDT_GA_00_00_Q200_R4        0.8777   0.6110   0.8466   0.5989   0.5529   0.0131   0.0180
log_mMDT_GA_10_10_Q400_R6        0.8450   0.5401   0.8049   0.5348   0.5189   0.0045   0.0062
log_mMDT_GA_10_10_Q400_R4        0.8428   0.5484   0.8069   0.5431   0.5228   0.0046   0.0063
log_mMDT_GA_10_10_Q400_R2        0.8437   0.5598   0.8215   0.5558   0.5291   0.0048   0.0066
log_mMDT_GA_10_10_Q400_R8        0.8478   0.5353   0.8128   0.5293   0.5161   0.0048   0.0066
log_mMDT_GA_10_10_Q200_R10       0.8874   0.5747   0.8321   0.5591   0.5329   0.0140   0.0192
log_mMDT_GA_10_20_Q400_R2        0.8430   0.5531   0.8177   0.5493   0.5255   0.0050   0.0068
log_mMDT_GA_20_00_Q400_R2        0.8517   0.5830   0.8455   0.5821   0.5414   0.0074   0.0102
log_mMDT_GA_10_20_Q400_R6        0.8427   0.5344   0.8025   0.5287   0.5160   0.0048   0.0066
log_mMDT_GA_20_00_Q400_R6        0.8494   0.5730   0.8376   0.5688   0.5356   0.0058   0.0080
log_mMDT_GA_10_20_Q400_R4        0.8421   0.5430   0.8025   0.5378   0.5200   0.0048   0.0066
log_mMDT_GA_20_00_Q400_R4        0.8507   0.5750   0.8390   0.5720   0.5372   0.0061   0.0084
log_mMDT_GA_10_20_Q400_R8        0.8456   0.5294   0.8100   0.5247   0.5134   0.0049   0.0067
log_mMDT_GA_20_00_Q400_R8        0.8499   0.5732   0.8418   0.5701   0.5358   0.0062   0.0085
log_mMDT_GA_20_00_Q50_R4         0.8838   0.6369   0.8657   0.6295   0.5675   0.0189   0.0259
log_mMDT_GA_20_00_Q50_R6         0.8816   0.6287   0.8605   0.6218   0.5637   0.0170   0.0233
log_mMDT_GA_20_00_Q50_R2         0.8842   0.6390   0.8677   0.6334   0.5694   0.0195   0.0267
log_mMDT_GA_20_00_Q50_R8         0.8806   0.6233   0.8604   0.6160   0.5606   0.0160   0.0220
log_GA_00_00_Q400_R10            0.8343   0.5629   0.8468   0.5650   0.5323   0.0048   0.0067
log_GA_10_10_Q50_R10             0.8754   0.6042   0.8477   0.5955   0.5506   0.0120   0.0165
GA_10_10_Q100_R10                0.8749   0.6026   0.8459   0.5940   0.5497   0.0120   0.0165
log_mMDT_GA_10_20_Q800_R6        0.8088   0.5183   0.7922   0.5138   0.5081   0.0167   0.0226
log_mMDT_GA_10_20_Q800_R4        0.8140   0.5136   0.7962   0.5119   0.5064   0.0160   0.0216
log_mMDT_GA_10_20_Q800_R2        0.8173   0.5036   0.7952   0.5036   0.5018   0.0176   0.0234
mMDT_GA_10_05_Q800_R8            0.8109   0.5015   0.8039   0.5015   0.5008   0.0121   0.0158
mMDT_GA_10_05_Q800_R6            0.8068   0.5072   0.8025   0.5068   0.5036   0.0130   0.0172
mMDT_GA_10_05_Q800_R4            0.8054   0.5085   0.7962   0.5079   0.5042   0.0145   0.0191
mMDT_GA_10_05_Q800_R2            0.8119   0.5007   0.7931   0.5009   0.5004   0.0162   0.0212
log_mMDT_GA_10_20_Q800_R8        0.8095   0.5123   0.8043   0.5112   0.5057   0.0154   0.0210
GA_10_20_Q100_R8                 0.8631   0.5880   0.8381   0.5830   0.5430   0.0087   0.0120
mMDT_GA_10_10_Q50_R6             0.9011   0.6395   0.8471   0.6100   0.5623   0.0229   0.0312
mMDT_GA_10_10_Q50_R10            0.8941   0.5947   0.8432   0.5746   0.5415   0.0174   0.0237
log_mMDT_GA_00_00_Q50_R8         0.8795   0.5941   0.8388   0.5790   0.5431   0.0120   0.0165
log_mMDT_GA_10_10_Q50_R4         0.9077   0.6756   0.8658   0.6467   0.5821   0.0305   0.0416
log_mMDT_GA_10_10_Q50_R6         0.9013   0.6395   0.8472   0.6098   0.5623   0.0226   0.0308
mMDT_GA_10_20_Q400_R10           0.8104   0.5260   0.8214   0.5267   0.5133   0.0024   0.0032
log_mMDT_GA_00_00_Q50_R6         0.8814   0.6088   0.8408   0.5937   0.5510   0.0136   0.0186
log_mMDT_GA_00_00_Q50_R4         0.8849   0.6267   0.8512   0.6142   0.5610   0.0166   0.0228
GA_10_20_Q100_R4                 0.8905   0.6587   0.8617   0.6440   0.5774   0.0240   0.0329
mMDT_GA_10_10_Q50_R2             0.9154   0.7162   0.9002   0.7019   0.6095   0.0482   0.0653
GA_10_20_Q100_R6                 0.8771   0.6140   0.8444   0.6038   0.5552   0.0138   0.0190
mMDT_GA_10_10_Q50_R8             0.8968   0.6129   0.8407   0.5867   0.5491   0.0192   0.0262
log_mMDT_GA_10_05_Q400_R8        0.8491   0.5443   0.8175   0.5379   0.5202   0.0046   0.0064
mMDT_GA_10_10_Q50_R4             0.9076   0.6756   0.8659   0.6467   0.5822   0.0309   0.0420
mMDT_GA_10_10_Q100_R4            0.9065   0.6717   0.8628   0.6427   0.5800   0.0297   0.0404
mMDT_GA_20_00_Q800_R10           0.8200   0.5308   0.8189   0.5256   0.5131   0.0112   0.0147
log_GA_10_20_Q800_R2             0.8191   0.5192   0.8153   0.5154   0.5084   0.0133   0.0175
log_GA_10_20_Q100_R8             0.8632   0.5881   0.8381   0.5831   0.5430   0.0084   0.0116
mMDT_GA_10_20_Q800_R2            0.8170   0.5037   0.8015   0.5037   0.5018   0.0122   0.0151
log_GA_10_20_Q800_R6             0.8018   0.5332   0.8229   0.5350   0.5165   0.0117   0.0155
GA_10_20_Q100_R2                 0.9038   0.7026   0.8950   0.7004   0.6059   0.0423   0.0576
log_GA_10_20_Q800_R4             0.8142   0.5319   0.8142   0.5359   0.5171   0.0129   0.0172
log_mMDT_GA_20_00_Q400_R10       0.8513   0.5767   0.8482   0.5749   0.5377   0.0070   0.0097
mMDT_GA_10_20_Q800_R8            0.7971   0.5072   0.8050   0.5071   0.5036   0.0110   0.0141
log_GA_10_20_Q800_R8             0.7959   0.5161   0.8198   0.5156   0.5073   0.0083   0.0112
log_mMDT_GA_10_05_Q400_R2        0.8466   0.5689   0.8265   0.5649   0.5335   0.0051   0.0070
log_GA_10_20_Q100_R4             0.8906   0.6586   0.8617   0.6439   0.5775   0.0237   0.0325
log_mMDT_GA_10_05_Q400_R6        0.8465   0.5479   0.8120   0.5421   0.5226   0.0043   0.0060
mMDT_GA_10_10_Q100_R8            0.8962   0.6108   0.8394   0.5849   0.5481   0.0189   0.0258
mMDT_GA_10_20_Q800_R6            0.8057   0.5177   0.8069   0.5171   0.5087   0.0104   0.0135
GA_10_20_Q400_R6                 0.8143   0.5130   0.8030   0.5121   0.5062   0.0016   0.0020
GA_10_20_Q400_R4                 0.8211   0.5270   0.8042   0.5259   0.5132   0.0023   0.0030
GA_10_20_Q400_R2                 0.8281   0.5495   0.8219   0.5477   0.5244   0.0037   0.0049
GA_10_20_Q400_R8                 0.8125   0.5168   0.8130   0.5176   0.5087   0.0016   0.0021
log_mMDT_GA_10_20_Q200_R2        0.8837   0.6254   0.8465   0.6118   0.5600   0.0166   0.0228
log_GA_10_20_Q100_R2             0.9039   0.7026   0.8950   0.7004   0.6059   0.0420   0.0572
log_mMDT_GA_10_20_Q200_R4        0.8854   0.6099   0.8274   0.5899   0.5496   0.0153   0.0209
log_GA_20_00_Q50_R10             0.8853   0.6408   0.8693   0.6333   0.5695   0.0202   0.0277
log_mMDT_GA_10_20_Q200_R6        0.8850   0.5907   0.8213   0.5722   0.5404   0.0141   0.0193
log_mMDT_GA_20_00_Q800_R8        0.8157   0.5306   0.8165   0.5295   0.5153   0.0056   0.0076
log_mMDT_GA_10_20_Q200_R8        0.8857   0.5763   0.8217   0.5593   0.5333   0.0137   0.0187
log_mMDT_GA_20_00_Q800_R6        0.8144   0.5267   0.8103   0.5284   0.5136   0.0060   0.0081
log_mMDT_GA_20_00_Q800_R4        0.8137   0.5207   0.8059   0.5242   0.5109   0.0066   0.0089
log_mMDT_GA_20_00_Q800_R2        0.8110   0.5266   0.8109   0.5302   0.5143   0.0071   0.0097
log_mMDT_GA_10_05_Q400_R4        0.8454   0.5563   0.8136   0.5501   0.5270   0.0046   0.0063
log_GA_00_00_Q200_R6             0.8615   0.6045   0.8553   0.6024   0.5523   0.0107   0.0148
log_GA_00_00_Q200_R4             0.8687   0.6213   0.8639   0.6209   0.5616   0.0144   0.0199
log_GA_00_00_Q200_R2             0.8774   0.6368   0.8750   0.6375   0.5700   0.0193   0.0265
log_mMDT_GA_10_05_Q200_R8        0.8860   0.5989   0.8364   0.5810   0.5442   0.0141   0.0193
log_mMDT_GA_10_05_Q200_R6        0.8859   0.6131   0.8379   0.5928   0.5515   0.0149   0.0205
log_mMDT_GA_10_05_Q200_R4        0.8862   0.6288   0.8454   0.6118   0.5607   0.0168   0.0230
mMDT_GA_10_05_Q50_R10            0.8930   0.6085   0.8518   0.5914   0.5493   0.0180   0.0246
log_mMDT_GA_10_05_Q200_R2        0.8848   0.6409   0.8624   0.6324   0.5697   0.0194   0.0266
log_GA_20_00_Q50_R8              0.8858   0.6408   0.8683   0.6335   0.5698   0.0201   0.0276
GA_20_00_Q200_R2                 0.8819   0.6363   0.8736   0.6352   0.5693   0.0204   0.0278
GA_20_00_Q200_R4                 0.8814   0.6338   0.8688   0.6297   0.5674   0.0190   0.0260
GA_20_00_Q200_R6                 0.8806   0.6326   0.8651   0.6258   0.5657   0.0182   0.0249
GA_20_00_Q200_R8                 0.8811   0.6313   0.8642   0.6246   0.5652   0.0179   0.0245
log_GA_20_00_Q800_R10            0.8259   0.5376   0.8206   0.5377   0.5189   0.0054   0.0074
mMDT_GA_10_20_Q100_R8            0.8470   0.5993   0.8318   0.5767   0.5434   0.0100   0.0138
mMDT_GA_10_20_Q100_R6            0.8634   0.6245   0.8366   0.5976   0.5555   0.0158   0.0217
mMDT_GA_10_20_Q100_R4            0.8886   0.6612   0.8525   0.6313   0.5740   0.0255   0.0349
mMDT_GA_00_00_Q800_R10           0.8179   0.5036   0.8155   0.5033   0.5017   0.0057   0.0079
GA_00_00_Q100_R8                 0.8546   0.5869   0.8464   0.5860   0.5434   0.0076   0.0105
GA_00_00_Q400_R2                 0.8528   0.5965   0.8625   0.5993   0.5493   0.0100   0.0138
GA_00_00_Q400_R4                 0.8435   0.5793   0.8487   0.5788   0.5397   0.0066   0.0091
GA_10_20_Q200_R8                 0.8529   0.5660   0.8262   0.5612   0.5318   0.0057   0.0078
GA_00_00_Q400_R6                 0.8366   0.5674   0.8448   0.5693   0.5341   0.0051   0.0070
GA_00_00_Q400_R8                 0.8330   0.5642   0.8454   0.5652   0.5330   0.0047   0.0065
GA_10_20_Q200_R4                 0.8649   0.6008   0.8327   0.5910   0.5485   0.0105   0.0144
GA_10_05_Q50_R10                 0.8927   0.6335   0.8552   0.6177   0.5633   0.0196   0.0268
GA_10_20_Q200_R6                 0.8599   0.5762   0.8264   0.5697   0.5366   0.0073   0.0100
GA_10_20_Q200_R2                 0.8691   0.6219   0.8544   0.6196   0.5621   0.0151   0.0207
GA_20_00_Q400_R6                 0.8534   0.5835   0.8450   0.5802   0.5416   0.0082   0.0112
log_GA_10_10_Q200_R8             0.8748   0.5929   0.8326   0.5816   0.5438   0.0105   0.0144
GA_20_00_Q400_R4                 0.8533   0.5847   0.8444   0.5824   0.5416   0.0086   0.0117
GA_20_00_Q400_R2                 0.8539   0.5920   0.8519   0.5893   0.5458   0.0102   0.0139
mMDT_GA_00_00_Q100_R10           0.8783   0.5846   0.8414   0.5718   0.5388   0.0114   0.0157
log_GA_10_10_Q200_R2             0.8852   0.6463   0.8603   0.6385   0.5724   0.0209   0.0286
log_GA_10_10_Q200_R4             0.8834   0.6285   0.8414   0.6122   0.5615   0.0166   0.0227
GA_20_00_Q400_R8                 0.8539   0.5866   0.8475   0.5827   0.5421   0.0087   0.0119
log_mMDT_GA_10_05_Q50_R10        0.8931   0.6084   0.8517   0.5913   0.5493   0.0175   0.0239
log_GA_10_20_Q100_R10            0.8523   0.5767   0.8403   0.5747   0.5379   0.0064   0.0089
log_GA_10_10_Q800_R6             0.8000   0.5230   0.8166   0.5280   0.5126   0.0075   0.0101
log_GA_10_10_Q800_R4             0.8132   0.5215   0.8086   0.5225   0.5109   0.0079   0.0105
GA_20_00_Q400_R10                0.8562   0.5905   0.8517   0.5883   0.5447   0.0096   0.0131
log_GA_10_10_Q800_R2             0.8164   0.5087   0.8007   0.5063   0.5037   0.0082   0.0107
mMDT_GA_10_10_Q800_R10           0.8151   0.5025   0.8050   0.5023   0.5012   0.0107   0.0141
mMDT_GA_10_20_Q800_R10           0.7984   0.5039   0.8045   0.5039   0.5020   0.0099   0.0126
log_GA_10_10_Q800_R8             0.7931   0.5139   0.8152   0.5142   0.5073   0.0069   0.0093
mMDT_GA_10_05_Q400_R8            0.8491   0.5443   0.8174   0.5379   0.5200   0.0054   0.0074
GA_20_00_Q50_R10                 0.8853   0.6409   0.8695   0.6334   0.5696   0.0206   0.0281
GA_10_20_Q400_R10                0.8150   0.5262   0.8226   0.5267   0.5132   0.0023   0.0031
mMDT_GA_10_05_Q400_R2            0.8468   0.5687   0.8263   0.5649   0.5337   0.0063   0.0086
mMDT_GA_10_05_Q400_R6            0.8465   0.5479   0.8120   0.5421   0.5226   0.0053   0.0073
mMDT_GA_10_05_Q400_R4            0.8453   0.5561   0.8135   0.5500   0.5268   0.0057   0.0078
log_mMDT_GA_20_00_Q50_R10        0.8804   0.6225   0.8623   0.6153   0.5603   0.0160   0.0220
GA_20_00_Q100_R10                0.8851   0.6407   0.8695   0.6332   0.5694   0.0205   0.0280
GA_10_10_Q200_R10                0.8689   0.5861   0.8359   0.5790   0.5416   0.0094   0.0130
mMDT_GA_10_10_Q200_R6            0.8863   0.6009   0.8292   0.5810   0.5450   0.0148   0.0203
mMDT_GA_10_10_Q200_R4            0.8866   0.6197   0.8355   0.5994   0.5550   0.0164   0.0224
mMDT_GA_10_10_Q200_R2            0.8846   0.6339   0.8553   0.6226   0.5651   0.0184   0.0253
GA_10_20_Q100_R10                0.8522   0.5766   0.8403   0.5746   0.5379   0.0068   0.0093
mMDT_GA_10_10_Q200_R8            0.8866   0.5861   0.8286   0.5667   0.5376   0.0144   0.0197
mMDT_GA_10_10_Q100_R10           0.8936   0.5930   0.8417   0.5731   0.5407   0.0171   0.0233
log_GA_10_05_Q50_R10             0.8926   0.6336   0.8552   0.6176   0.5633   0.0191   0.0261
log_GA_10_10_Q800_R10            0.7962   0.5047   0.8118   0.5050   0.5026   0.0063   0.0086
log_mMDT_GA_10_05_Q50_R8         0.8952   0.6249   0.8509   0.6023   0.5563   0.0192   0.0262
log_GA_20_00_Q100_R8             0.8857   0.6407   0.8684   0.6334   0.5697   0.0201   0.0275
log_GA_20_00_Q800_R4             0.8199   0.5291   0.8079   0.5251   0.5139   0.0056   0.0076
log_mMDT_GA_10_05_Q50_R6         0.8993   0.6495   0.8562   0.6247   0.5685   0.0232   0.0317
GA_10_05_Q200_R10                0.8861   0.6143   0.8438   0.6001   0.5540   0.0155   0.0212
log_mMDT_GA_10_10_Q100_R4        0.9066   0.6717   0.8628   0.6426   0.5800   0.0293   0.0400
log_GA_20_00_Q100_R2             0.8855   0.6403   0.8693   0.6354   0.5700   0.0202   0.0277
log_GA_20_00_Q100_R4             0.8879   0.6451   0.8721   0.6404   0.5734   0.0217   0.0298
log_GA_20_00_Q100_R6             0.8863   0.6436   0.8691   0.6357   0.5714   0.0207   0.0284
log_GA_20_00_Q800_R2             0.8190   0.5382   0.8168   0.5391   0.5195   0.0055   0.0075
log_GA_10_20_Q100_R6             0.8770   0.6142   0.8444   0.6039   0.5552   0.0135   0.0185
log_mMDT_GA_10_05_Q50_R4         0.9052   0.6800   0.8747   0.6578   0.5871   0.0314   0.0428
GA_00_00_Q100_R10                0.8489   0.5750   0.8415   0.5747   0.5381   0.0060   0.0082
log_mMDT_GA_10_05_Q50_R2         0.9116   0.7130   0.9035   0.7077   0.6102   0.0471   0.0640
log_mMDT_GA_00_00_Q50_R10        0.8785   0.5853   0.8411   0.5723   0.5391   0.0114   0.0157
log_mMDT_GA_00_00_Q200_R10       0.8732   0.5718   0.8388   0.5609   0.5329   0.0098   0.0134
log_mMDT_GA_20_00_Q100_R2        0.8843   0.6403   0.8694   0.6351   0.5702   0.0199   0.0273
log_mMDT_GA_10_10_Q800_R10       0.8152   0.5024   0.8047   0.5022   0.5012   0.0097   0.0129
GA_00_00_Q200_R6                 0.8615   0.6045   0.8553   0.6024   0.5523   0.0108   0.0149
GA_00_00_Q200_R4                 0.8687   0.6213   0.8639   0.6209   0.5616   0.0145   0.0199
GA_00_00_Q200_R2                 0.8774   0.6368   0.8750   0.6375   0.5700   0.0193   0.0265
log_GA_10_05_Q100_R8             0.8978   0.6462   0.8542   0.6258   0.5689   0.0221   0.0302
log_GA_10_05_Q100_R6             0.9043   0.6681   0.8603   0.6453   0.5806   0.0279   0.0381
log_GA_10_05_Q100_R4             0.9116   0.6969   0.8783   0.6783   0.5978   0.0379   0.0516
log_GA_10_05_Q100_R2             0.9161   0.7235   0.9038   0.7164   0.6163   0.0519   0.0704
GA_00_00_Q200_R8                 0.8556   0.5911   0.8498   0.5896   0.5458   0.0084   0.0116
log_mMDT_GA_10_20_Q800_R10       0.8135   0.5079   0.8023   0.5080   0.5039   0.0151   0.0205
mMDT_GA_00_00_Q100_R4            0.8846   0.6264   0.8523   0.6141   0.5609   0.0165   0.0227
GA_00_00_Q400_R10                0.8343   0.5631   0.8468   0.5651   0.5323   0.0049   0.0068
mMDT_GA_10_10_Q400_R10           0.8507   0.5343   0.8237   0.5298   0.5161   0.0058   0.0079
log_GA_10_05_Q800_R4             0.8102   0.5127   0.8008   0.5114   0.5060   0.0055   0.0073
log_GA_10_05_Q800_R6             0.7994   0.5071   0.8056   0.5073   0.5036   0.0044   0.0058
log_GA_10_05_Q800_R2             0.8127   0.5054   0.7938   0.5055   0.5027   0.0065   0.0086
log_GA_00_00_Q200_R8             0.8556   0.5911   0.8498   0.5896   0.5458   0.0084   0.0115
log_GA_10_05_Q800_R8             0.7976   0.5010   0.8053   0.5012   0.5005   0.0028   0.0036
log_GA_10_10_Q100_R8             0.8855   0.6185   0.8453   0.6047   0.5563   0.0153   0.0209
mMDT_GA_10_10_Q400_R6            0.8442   0.5399   0.8048   0.5347   0.5189   0.0049   0.0066
mMDT_GA_10_10_Q400_R2            0.8435   0.5597   0.8215   0.5558   0.5294   0.0055   0.0074
log_GA_10_10_Q100_R2             0.9169   0.7254   0.9018   0.7163   0.6170   0.0522   0.0708
log_GA_10_10_Q100_R4             0.9078   0.6876   0.8709   0.6635   0.5912   0.0338   0.0461
log_mMDT_GA_10_20_Q100_R10       0.8921   0.5831   0.8349   0.5653   0.5365   0.0162   0.0220
log_GA_10_10_Q100_R6             0.8968   0.6465   0.8516   0.6264   0.5691   0.0220   0.0300
mMDT_GA_00_00_Q50_R2             0.8865   0.6395   0.8597   0.6294   0.5684   0.0194   0.0266
mMDT_GA_20_00_Q50_R2             0.8844   0.6389   0.8677   0.6332   0.5693   0.0201   0.0275
mMDT_GA_20_00_Q800_R8            0.8151   0.5308   0.8167   0.5297   0.5155   0.0123   0.0162
mMDT_GA_00_00_Q50_R4             0.8849   0.6267   0.8512   0.6142   0.5610   0.0166   0.0228
mMDT_GA_20_00_Q800_R4            0.8129   0.5210   0.8058   0.5238   0.5107   0.0136   0.0179
mMDT_GA_00_00_Q50_R8             0.8795   0.5941   0.8388   0.5790   0.5431   0.0120   0.0165
mMDT_GA_20_00_Q800_R2            0.8103   0.5266   0.8108   0.5296   0.5147   0.0170   0.0222
log_mMDT_GA_10_20_Q50_R10        0.8926   0.5848   0.8362   0.5666   0.5373   0.0164   0.0224
GA_10_05_Q200_R2                 0.8900   0.6545   0.8668   0.6473   0.5773   0.0240   0.0328
mMDT_GA_10_10_Q200_R10           0.8874   0.5746   0.8322   0.5591   0.5329   0.0142   0.0193
mMDT_GA_10_05_Q50_R6             0.8993   0.6498   0.8561   0.6247   0.5684   0.0238   0.0324
GA_10_20_Q50_R8                  0.8639   0.5900   0.8396   0.5852   0.5440   0.0090   0.0124
mMDT_GA_10_05_Q50_R4             0.9052   0.6800   0.8748   0.6579   0.5871   0.0319   0.0436
mMDT_GA_10_05_Q50_R2             0.9115   0.7131   0.9033   0.7075   0.6102   0.0479   0.0649
GA_10_20_Q50_R2                  0.9064   0.7103   0.9007   0.7095   0.6107   0.0464   0.0630
GA_10_20_Q50_R4                  0.8919   0.6628   0.8648   0.6484   0.5797   0.0253   0.0346
mMDT_GA_10_05_Q50_R8             0.8953   0.6252   0.8509   0.6026   0.5563   0.0196   0.0268
GA_10_20_Q50_R6                  0.8782   0.6167   0.8465   0.6067   0.5567   0.0144   0.0197
log_GA_20_00_Q400_R2             0.8542   0.5919   0.8520   0.5891   0.5458   0.0089   0.0123
GA_20_00_Q800_R8                 0.8223   0.5330   0.8199   0.5365   0.5176   0.0125   0.0162
log_GA_20_00_Q400_R6             0.8534   0.5835   0.8449   0.5803   0.5415   0.0074   0.0103
log_GA_20_00_Q400_R4             0.8531   0.5850   0.8445   0.5819   0.5418   0.0076   0.0104
GA_20_00_Q800_R2                 0.8179   0.5388   0.8175   0.5392   0.5199   0.0157   0.0203
log_GA_20_00_Q400_R8             0.8539   0.5864   0.8475   0.5828   0.5422   0.0079   0.0109
GA_20_00_Q800_R6                 0.8214   0.5298   0.8158   0.5317   0.5150   0.0112   0.0144
GA_20_00_Q800_R4                 0.8186   0.5283   0.8073   0.5254   0.5138   0.0126   0.0164
mMDT_GA_10_05_Q100_R2            0.9095   0.7068   0.8984   0.6994   0.6063   0.0444   0.0603
mMDT_GA_10_05_Q100_R4            0.9041   0.6765   0.8716   0.6540   0.5851   0.0307   0.0419
mMDT_GA_10_05_Q100_R6            0.8985   0.6473   0.8540   0.6223   0.5672   0.0231   0.0316
mMDT_GA_10_05_Q100_R8            0.8947   0.6233   0.8492   0.6006   0.5553   0.0192   0.0263
log_GA_00_00_Q800_R10            0.8010   0.5213   0.8285   0.5235   0.5114   0.0056   0.0076
GA_10_05_Q400_R4                 0.8445   0.5625   0.8173   0.5566   0.5299   0.0055   0.0075
log_mMDT_GA_10_20_Q50_R8         0.8959   0.6022   0.8329   0.5781   0.5443   0.0181   0.0247
log_mMDT_GA_10_20_Q50_R6         0.9006   0.6292   0.8382   0.6002   0.5570   0.0217   0.0296
log_mMDT_GA_10_20_Q50_R4         0.9074   0.6669   0.8551   0.6350   0.5763   0.0288   0.0392
log_mMDT_GA_10_10_Q400_R10       0.8506   0.5341   0.8236   0.5297   0.5159   0.0052   0.0071
log_mMDT_GA_10_20_Q50_R2         0.9164   0.7106   0.8914   0.6891   0.6040   0.0444   0.0602
log_GA_00_00_Q400_R4             0.8435   0.5793   0.8487   0.5788   0.5397   0.0065   0.0090
log_GA_00_00_Q400_R6             0.8366   0.5674   0.8448   0.5693   0.5341   0.0049   0.0068
log_GA_00_00_Q400_R2             0.8528   0.5965   0.8625   0.5993   0.5493   0.0100   0.0138
log_mMDT_GA_00_00_Q400_R10       0.8456   0.5415   0.8369   0.5371   0.5197   0.0051   0.0070
log_GA_20_00_Q200_R10            0.8813   0.6321   0.8651   0.6260   0.5655   0.0179   0.0245
log_GA_10_05_Q200_R2             0.8899   0.6544   0.8669   0.6472   0.5772   0.0233   0.0320
log_GA_10_05_Q200_R6             0.8894   0.6304   0.8428   0.6128   0.5616   0.0178   0.0244
log_GA_10_05_Q200_R4             0.8909   0.6441   0.8506   0.6289   0.5698   0.0205   0.0281
mMDT_GA_10_20_Q100_R2            0.9129   0.7029   0.8857   0.6809   0.5994   0.0408   0.0553
log_GA_10_05_Q200_R8             0.8881   0.6199   0.8412   0.6027   0.5563   0.0160   0.0219
mMDT_GA_00_00_Q50_R10            0.8785   0.5853   0.8411   0.5723   0.5391   0.0115   0.0158
GA_10_10_Q200_R8                 0.8747   0.5928   0.8326   0.5818   0.5438   0.0109   0.0149
GA_10_10_Q200_R4                 0.8836   0.6285   0.8414   0.6122   0.5615   0.0170   0.0233
GA_10_10_Q200_R6                 0.8794   0.6062   0.8337   0.5916   0.5496   0.0133   0.0182
GA_10_10_Q200_R2                 0.8854   0.6462   0.8606   0.6383   0.5725   0.0214   0.0293
log_GA_00_00_Q100_R2             0.8666   0.6091   0.8520   0.6065   0.5548   0.0118   0.0163
log_GA_00_00_Q100_R6             0.8609   0.6016   0.8500   0.5986   0.5506   0.0100   0.0137
log_GA_00_00_Q100_R4             0.8671   0.6155   0.8569   0.6147   0.5586   0.0130   0.0179
log_GA_00_00_Q100_R8             0.8546   0.5869   0.8463   0.5860   0.5434   0.0076   0.0105
mMDT_GA_20_00_Q100_R6            0.8814   0.6283   0.8606   0.6216   0.5636   0.0172   0.0236
GA_10_20_Q800_R10                0.7934   0.5030   0.8109   0.5031   0.5015   0.0102   0.0132
GA_10_05_Q100_R10                0.8922   0.6320   0.8538   0.6160   0.5624   0.0192   0.0262
log_mMDT_GA_10_05_Q200_R10       0.8864   0.5885   0.8403   0.5748   0.5404   0.0139   0.0190
mMDT_GA_20_00_Q100_R2            0.8845   0.6402   0.8694   0.6349   0.5701   0.0205   0.0280
mMDT_GA_10_10_Q400_R4            0.8430   0.5482   0.8069   0.5430   0.5228   0.0049   0.0067
log_GA_10_20_Q50_R8              0.8640   0.5901   0.8396   0.5852   0.5440   0.0087   0.0120
log_mMDT_GA_20_00_Q800_R10       0.8208   0.5307   0.8180   0.5258   0.5133   0.0055   0.0075
log_GA_10_20_Q50_R2              0.9065   0.7103   0.9006   0.7096   0.6106   0.0460   0.0626
log_GA_10_20_Q50_R6              0.8780   0.6169   0.8465   0.6068   0.5566   0.0141   0.0193
log_GA_10_20_Q50_R4              0.8920   0.6627   0.8649   0.6483   0.5798   0.0250   0.0342
mMDT_GA_10_20_Q800_R4            0.8141   0.5190   0.8073   0.5183   0.5093   0.0134   0.0168
mMDT_GA_00_00_Q100_R2            0.8864   0.6404   0.8624   0.6312   0.5691   0.0197   0.0271
log_mMDT_GA_10_05_Q100_R10       0.8926   0.6068   0.8504   0.5897   0.5485   0.0172   0.0235
log_GA_10_20_Q200_R8             0.8531   0.5660   0.8262   0.5615   0.5319   0.0054   0.0074
log_GA_10_20_Q200_R2             0.8690   0.6219   0.8543   0.6198   0.5620   0.0147   0.0202
mMDT_GA_20_00_Q100_R8            0.8804   0.6231   0.8605   0.6156   0.5605   0.0162   0.0223
log_GA_10_20_Q200_R4             0.8654   0.6006   0.8324   0.5910   0.5484   0.0102   0.0140
log_GA_10_20_Q200_R6             0.8596   0.5765   0.8263   0.5695   0.5366   0.0070   0.0096
log_GA_10_10_Q50_R4              0.9090   0.6916   0.8741   0.6679   0.5935   0.0353   0.0481
GA_10_05_Q400_R6                 0.8432   0.5525   0.8143   0.5477   0.5249   0.0047   0.0064
GA_10_05_Q200_R6                 0.8892   0.6305   0.8429   0.6128   0.5614   0.0184   0.0252
GA_10_05_Q200_R4                 0.8910   0.6445   0.8507   0.6291   0.5700   0.0211   0.0288
mMDT_GA_10_10_Q400_R8            0.8467   0.5354   0.8126   0.5294   0.5161   0.0051   0.0070
GA_10_05_Q200_R8                 0.8881   0.6199   0.8411   0.6029   0.5563   0.0165   0.0226
GA_10_05_Q400_R8                 0.8414   0.5516   0.8198   0.5475   0.5246   0.0045   0.0061
mMDT_GA_20_00_Q400_R2            0.8517   0.5832   0.8457   0.5820   0.5414   0.0084   0.0116
log_mMDT_GA_10_10_Q800_R8        0.8124   0.5077   0.8061   0.5079   0.5041   0.0093   0.0123
mMDT_GA_20_00_Q400_R4            0.8506   0.5746   0.8391   0.5722   0.5370   0.0070   0.0096
mMDT_GA_20_00_Q400_R6            0.8493   0.5730   0.8377   0.5689   0.5357   0.0066   0.0091
mMDT_GA_20_00_Q400_R8            0.8499   0.5733   0.8420   0.5703   0.5358   0.0069   0.0095
log_mMDT_GA_10_10_Q800_R2        0.8170   0.5000   0.7948   0.5000   0.5000   0.0130   0.0173
log_mMDT_GA_10_10_Q800_R6        0.8099   0.5153   0.8003   0.5130   0.5073   0.0105   0.0141
mMDT_GA_10_20_Q200_R10           0.8317   0.5663   0.8261   0.5519   0.5291   0.0053   0.0072
log_GA_20_00_Q200_R8             0.8810   0.6315   0.8644   0.6248   0.5652   0.0176   0.0241
GA_00_00_Q800_R8                 0.8053   0.5110   0.8238   0.5129   0.5060   0.0052   0.0071
GA_00_00_Q800_R4                 0.8079   0.5164   0.8103   0.5162   0.5082   0.0053   0.0071
mMDT_GA_00_00_Q50_R6             0.8814   0.6088   0.8408   0.5937   0.5510   0.0136   0.0186
GA_00_00_Q800_R6                 0.8035   0.5051   0.8133   0.5055   0.5027   0.0041   0.0056
log_GA_20_00_Q200_R2             0.8818   0.6364   0.8737   0.6352   0.5693   0.0197   0.0270
log_GA_20_00_Q200_R4             0.8814   0.6339   0.8687   0.6298   0.5674   0.0184   0.0253
GA_00_00_Q800_R2                 0.8151   0.5248   0.8172   0.5247   0.5125   0.0048   0.0063
log_GA_20_00_Q200_R6             0.8807   0.6324   0.8652   0.6259   0.5657   0.0177   0.0243
GA_10_05_Q800_R8                 0.7985   0.5005   0.8052   0.5006   0.5003   0.0113   0.0147
mMDT_GA_20_00_Q50_R6             0.8816   0.6284   0.8604   0.6218   0.5637   0.0173   0.0237
GA_10_05_Q800_R2                 0.8120   0.5066   0.7933   0.5058   0.5032   0.0154   0.0199
mMDT_GA_20_00_Q100_R10           0.8802   0.6220   0.8620   0.6147   0.5601   0.0162   0.0222
GA_10_05_Q800_R4                 0.8098   0.5133   0.7999   0.5124   0.5064   0.0144   0.0189
mMDT_GA_20_00_Q400_R10           0.8514   0.5768   0.8480   0.5747   0.5378   0.0077   0.0105
GA_10_05_Q800_R6                 0.7987   0.5063   0.8051   0.5056   0.5029   0.0123   0.0163
mMDT_GA_20_00_Q50_R8             0.8806   0.6234   0.8604   0.6159   0.5607   0.0163   0.0224
log_mMDT_GA_10_10_Q100_R10       0.8937   0.5931   0.8417   0.5731   0.5407   0.0169   0.0231
GA_10_10_Q50_R10                 0.8755   0.6042   0.8476   0.5956   0.5506   0.0124   0.0170
mMDT_GA_20_00_Q800_R6            0.8146   0.5272   0.8097   0.5288   0.5134   0.0130   0.0171
GA_10_05_Q400_R2                 0.8483   0.5761   0.8302   0.5742   0.5378   0.0072   0.0099
log_GA_10_10_Q400_R2             0.8396   0.5642   0.8259   0.5621   0.5314   0.0046   0.0064
log_GA_10_10_Q400_R6             0.8295   0.5322   0.8070   0.5292   0.5153   0.0020   0.0028
log_GA_00_00_Q50_R8              0.8536   0.5852   0.8455   0.5842   0.5425   0.0073   0.0101
log_GA_00_00_Q50_R6              0.8595   0.5993   0.8488   0.5965   0.5494   0.0095   0.0131
log_GA_00_00_Q50_R4              0.8649   0.6116   0.8550   0.6110   0.5566   0.0121   0.0166
log_GA_00_00_Q50_R2              0.8611   0.5991   0.8479   0.5972   0.5497   0.0098   0.0136
GA_10_05_Q50_R2                  0.9181   0.7296   0.9087   0.7241   0.6205   0.0563   0.0761
GA_10_05_Q50_R4                  0.9127   0.7005   0.8814   0.6822   0.5999   0.0399   0.0542
log_mMDT_GA_00_00_Q400_R8        0.8454   0.5424   0.8283   0.5379   0.5200   0.0045   0.0062
GA_10_05_Q50_R6                  0.9050   0.6707   0.8623   0.6482   0.5821   0.0293   0.0399
GA_10_05_Q50_R8                  0.8984   0.6482   0.8560   0.6277   0.5699   0.0231   0.0315
log_mMDT_GA_00_00_Q400_R4        0.8483   0.5605   0.8239   0.5556   0.5292   0.0048   0.0066
log_mMDT_GA_00_00_Q400_R6        0.8461   0.5491   0.8218   0.5431   0.5230   0.0044   0.0060
log_mMDT_GA_00_00_Q400_R2        0.8523   0.5771   0.8414   0.5748   0.5381   0.0064   0.0088
mMDT_GA_20_00_Q100_R4            0.8837   0.6368   0.8662   0.6296   0.5674   0.0193   0.0265
log_GA_10_10_Q200_R6             0.8797   0.6061   0.8338   0.5914   0.5497   0.0128   0.0176
log_mMDT_GA_10_10_Q50_R10        0.8942   0.5948   0.8432   0.5747   0.5415   0.0172   0.0235
log_GA_00_00_Q200_R10            0.8511   0.5811   0.8447   0.5799   0.5405   0.0067   0.0092
log_mMDT_GA_10_10_Q50_R2         0.9154   0.7161   0.9002   0.7019   0.6094   0.0475   0.0645
mMDT_GA_10_10_Q800_R8            0.8126   0.5079   0.8062   0.5072   0.5038   0.0100   0.0131
log_GA_10_20_Q200_R10            0.8478   0.5645   0.8307   0.5614   0.5315   0.0048   0.0067
log_GA_10_05_Q100_R10            0.8921   0.6320   0.8537   0.6160   0.5624   0.0187   0.0256
log_mMDT_GA_10_05_Q400_R10       0.8520   0.5438   0.8279   0.5378   0.5201   0.0052   0.0071
mMDT_GA_10_10_Q800_R2            0.8168   0.5011   0.7955   0.5010   0.5005   0.0146   0.0187
mMDT_GA_10_10_Q800_R4            0.8120   0.5137   0.7950   0.5125   0.5065   0.0127   0.0165
mMDT_GA_10_10_Q800_R6            0.8074   0.5146   0.8007   0.5142   0.5076   0.0113   0.0147
GA_10_20_Q50_R10                 0.8529   0.5782   0.8419   0.5763   0.5388   0.0071   0.0097
GA_00_00_Q50_R10                 0.8480   0.5736   0.8409   0.5733   0.5374   0.0057   0.0079
log_mMDT_GA_10_05_Q800_R4        0.8050   0.5087   0.7965   0.5077   0.5041   0.0062   0.0085
log_mMDT_GA_10_05_Q800_R6        0.8065   0.5070   0.8021   0.5070   0.5035   0.0068   0.0091
mMDT_GA_10_20_Q400_R8            0.8088   0.5220   0.8101   0.5230   0.5112   0.0019   0.0026
log_mMDT_GA_10_05_Q800_R2        0.8119   0.5020   0.7928   0.5023   0.5011   0.0091   0.0122
mMDT_GA_10_20_Q400_R4            0.8162   0.5405   0.8025   0.5376   0.5202   0.0029   0.0039
mMDT_GA_10_20_Q400_R6            0.8099   0.5248   0.8025   0.5261   0.5127   0.0021   0.0028
log_mMDT_GA_10_05_Q800_R8        0.8111   0.5012   0.8044   0.5013   0.5006   0.0069   0.0092
log_mMDT_GA_20_00_Q100_R10       0.8802   0.6220   0.8621   0.6148   0.5600   0.0159   0.0219
mMDT_GA_10_20_Q400_R2            0.8317   0.5530   0.8176   0.5485   0.5253   0.0043   0.0057
GA_10_20_Q200_R10                0.8478   0.5644   0.8307   0.5614   0.5315   0.0052   0.0072
log_mMDT_GA_10_20_Q200_R10       0.8855   0.5656   0.8258   0.5515   0.5290   0.0135   0.0184
GA_10_05_Q100_R8                 0.8978   0.6463   0.8543   0.6257   0.5689   0.0226   0.0308
GA_10_05_Q100_R6                 0.9042   0.6682   0.8602   0.6456   0.5807   0.0285   0.0388
GA_10_05_Q100_R4                 0.9116   0.6970   0.8782   0.6781   0.5978   0.0384   0.0522
GA_10_05_Q100_R2                 0.9161   0.7236   0.9038   0.7167   0.6165   0.0525   0.0711
log_GA_10_20_Q800_R10            0.7937   0.5028   0.8102   0.5029   0.5014   0.0082   0.0110
mMDT_GA_10_20_Q50_R8             0.8479   0.6014   0.8331   0.5785   0.5444   0.0103   0.0142
mMDT_GA_10_20_Q50_R2             0.9152   0.7104   0.8916   0.6893   0.6038   0.0443   0.0600
mMDT_GA_10_20_Q50_R6             0.8644   0.6273   0.8383   0.6000   0.5569   0.0163   0.0224
mMDT_GA_10_20_Q50_R4             0.8900   0.6652   0.8552   0.6352   0.5762   0.0266   0.0364
log_mMDT_GA_00_00_Q100_R6        0.8812   0.6082   0.8414   0.5933   0.5507   0.0135   0.0185
log_mMDT_GA_00_00_Q100_R4        0.8846   0.6264   0.8523   0.6141   0.5609   0.0165   0.0227
mMDT_GA_10_20_Q200_R8            0.8364   0.5760   0.8219   0.5596   0.5334   0.0065   0.0090
log_mMDT_GA_00_00_Q100_R2        0.8864   0.6404   0.8624   0.6312   0.5691   0.0197   0.0271
mMDT_GA_00_00_Q100_R8            0.8792   0.5934   0.8393   0.5785   0.5428   0.0120   0.0164
mMDT_GA_10_20_Q200_R2            0.8823   0.6247   0.8465   0.6114   0.5600   0.0164   0.0224
mMDT_GA_00_00_Q100_R6            0.8812   0.6082   0.8414   0.5933   0.5507   0.0135   0.0185
mMDT_GA_10_20_Q200_R6            0.8468   0.5899   0.8214   0.5723   0.5403   0.0092   0.0127
log_mMDT_GA_00_00_Q100_R8        0.8792   0.5934   0.8393   0.5785   0.5428   0.0119   0.0164
mMDT_GA_10_20_Q200_R4            0.8645   0.6090   0.8275   0.5898   0.5497   0.0130   0.0179
mMDT_GA_20_00_Q50_R4             0.8838   0.6368   0.8658   0.6295   0.5673   0.0193   0.0265
log_mMDT_GA_10_05_Q100_R8        0.8947   0.6230   0.8494   0.6005   0.5554   0.0188   0.0256
log_mMDT_GA_10_05_Q100_R2        0.9096   0.7067   0.8984   0.6998   0.6062   0.0436   0.0594
log_mMDT_GA_10_05_Q100_R6        0.8986   0.6470   0.8542   0.6222   0.5672   0.0226   0.0308
log_mMDT_GA_10_05_Q100_R4        0.9042   0.6765   0.8718   0.6540   0.5851   0.0301   0.0411
log_GA_10_10_Q400_R10            0.8278   0.5366   0.8240   0.5356   0.5182   0.0021   0.0028
GA_10_05_Q800_R10                0.7980   0.5062   0.8064   0.5055   0.5029   0.0116   0.0152
log_mMDT_GA_00_00_Q50_R2         0.8865   0.6395   0.8597   0.6294   0.5684   0.0194   0.0266
GA_20_00_Q800_R10                0.8256   0.5376   0.8193   0.5377   0.5188   0.0101   0.0131
log_GA_10_05_Q400_R8             0.8419   0.5515   0.8199   0.5472   0.5247   0.0035   0.0048
log_GA_10_05_Q400_R2             0.8480   0.5766   0.8296   0.5744   0.5381   0.0060   0.0083
log_GA_10_05_Q400_R4             0.8444   0.5626   0.8175   0.5568   0.5299   0.0046   0.0063
log_GA_10_05_Q400_R6             0.8431   0.5524   0.8148   0.5476   0.5250   0.0037   0.0051
mMDT_GA_10_20_Q50_R10            0.8396   0.5854   0.8364   0.5669   0.5374   0.0077   0.0106
log_GA_20_00_Q400_R10            0.8562   0.5907   0.8517   0.5882   0.5447   0.0090   0.0124
log_mMDT_GA_10_10_Q800_R4        0.8118   0.5115   0.7973   0.5106   0.5054   0.0103   0.0137
mMDT_GA_10_05_Q800_R10           0.8166   0.5002   0.8043   0.5002   0.5001   0.0118   0.0157
log_mMDT_GA_10_05_Q800_R10       0.8170   0.5005   0.8045   0.5005   0.5002   0.0068   0.0091
GA_10_05_Q400_R10                0.8437   0.5550   0.8286   0.5526   0.5270   0.0049   0.0067
