 Parameter mdl_mc               has been read with value 1.420000e+00        
 Parameter mdl_mb               has been read with value 4.700000e+00        
 Parameter mdl_mt               has been read with value 1.720000e+02        
 Parameter mdl_mm               has been read with value 1.056600e-01        
 Parameter mdl_mta              has been read with value 1.777000e+00        
 Parameter mdl_mz               has been read with value 9.118800e+01        
 Parameter mdl_mh               has been read with value 1.200000e+02        
 Parameter mdl_mp               has been read with value 1.200000e+02        
 Parameter aewm1                has been read with value 1.325070e+02        
 Parameter mdl_gf               has been read with value 1.166390e-05        
 Parameter as                   has been read with value 1.180000e-01        
 Parameter mdl_lamws            has been read with value 2.253000e-01        
 Parameter mdl_aws              has been read with value 8.080000e-01        
 Parameter mdl_rhows            has been read with value 1.320000e-01        
 Parameter mdl_etaws            has been read with value 3.410000e-01        
 Parameter mdl_ymc              has been read with value 1.270000e+00        
 Parameter mdl_ymb              has been read with value 4.200000e+00        
 Parameter mdl_ymt              has been read with value 1.645000e+02        
 Parameter mdl_ymm              has been read with value 1.056600e-01        
 Parameter mdl_ymtau            has been read with value 1.777000e+00        
 Parameter mdl_wt               has been read with value 1.508336e+00        
 Parameter mdl_wtau             has been read with value 2.270000e-12        
 Parameter mdl_wz               has been read with value 2.441404e+00        
 Parameter mdl_ww               has been read with value 2.047600e+00        
 Parameter mdl_wh               has been read with value 5.753088e-03        
 Parameter mdl_wh1              has been read with value 5.753088e-03        
