Running MG5 in debug mode
************************************************************
*                                                          *
*                     W E L C O M E to                     *
*              M A D G R A P H 5 _ a M C @ N L O           *
*                                                          *
*                                                          *
*                 *                       *                *
*                   *        * *        *                  *
*                     * * * * 5 * * * *                    *
*                   *        * *        *                  *
*                 *                       *                *
*                                                          *
*         VERSION 2.2.3                 2015-02-10         *
*                                                          *
*    The MadGraph5_aMC@NLO Development Team - Find us at   *
*    https://server06.fynu.ucl.ac.be/projects/madgraph     *
*                            and                           *
*            http://amcatnlo.web.cern.ch/amcatnlo/         *
*                                                          *
*               Type 'help' for in-line help.              *
*           Type 'tutorial' to learn how MG5 works         *
*    Type 'tutorial aMCatNLO' to learn how aMC@NLO works   *
*    Type 'tutorial MadLoop' to learn how MadLoop works    *
*                                                          *
************************************************************
load MG5 configuration from ../../../../../../../../Programs_ubuntu/mg5amcnlo_matchbox/input/mg5_configuration.txt 
fastjet-config does not seem to correspond to a valid fastjet-config executable (v3+). We will use fjcore instead.
 Please set the 'fastjet'variable to the full (absolute) /PATH/TO/fastjet-config (including fastjet-config).
 MG5_aMC> set fastjet /PATH/TO/fastjet-config

lhapdf-config does not seem to correspond to a valid lhapdf-config executable. 
Please set the 'lhapdf' variable to the (absolute) /PATH/TO/lhapdf-config (including lhapdf-config).
Note that you can still compile and run aMC@NLO with the built-in PDFs
 MG5_aMC> set lhapdf /PATH/TO/lhapdf-config

Using default text editor "vi". Set another one in ./input/mg5_configuration.txt
No valid eps viewer found. Please set in ./input/mg5_configuration.txt
No valid web browser found. Please set in ./input/mg5_configuration.txt
import /data/lh2015-qg/lh2015-qg/Herwig/Herwig7/mumu_to_gg/Herwig/Build/MadGraphAmplitudes/proc.dat
The import format was not given, so we guess it as command
import model Higgs_Effective_Couplings_UFO
INFO: load particles 
INFO: load vertices 
[1;32mDEBUG: model prefixing  takes 0.0090000629425 [0m
INFO: Change particles name to pass to MG5 convention 
Defined multiparticle p = g u d s u~ d~ s~ c c~
Defined multiparticle j = g u d s u~ d~ s~ c c~
Defined multiparticle l+ = e+ mu+
Defined multiparticle l- = e- mu-
Defined multiparticle vl = ve vm vt
Defined multiparticle vl~ = ve~ vm~ vt~
Defined multiparticle all = g u d s u~ d~ s~ a ve vm vt e- ve~ vm~ vt~ e+ c t b c~ t~ b~ z w+ h h1 w- mu- ta- mu+ ta+
generate 13 -13  > 21 21 QCD=2 QED=2 @1
INFO: Trying process: mu- mu+ > g g HIG=1 HIW=1 QED=2 QCD=2 @1  
INFO: Process has 1 diagrams 
1 processes with 1 diagrams generated in 0.010 s
Total: 1 processes with 1 diagrams
output matchbox MG5 -f
INFO: initialize a new standalone directory: MG5 
INFO: Organizing processes into subprocess groups 
INFO: Generating Helas calls for process: mu- mu+ > g g HIG=1 HIW=1 QED=2 QCD=2 @1 
INFO: Processing color information for process: mu- mu+ > g g HIG=1 HIW=1 QED=2 QCD=2 @1 
INFO: Creating files in directory /data/lh2015-qg/lh2015-qg/Herwig/Herwig7/mumu_to_gg/Herwig/Build/MadGraphAmplitudes/MG5/SubProcesses/P1_mummup_gg 
INFO: Generating Feynman diagrams for Process: mu- mu+ > g g HIG=1 HIW=1 QED=2 QCD=2 @1 
Generated helas calls for 1 subprocesses (1 diagrams) in 0.005 s
Wrote files for 6 helas calls in 0.013 s
Export UFO model to MG4 format
ALOHA: aloha creates VVS3 routines
ALOHA: aloha creates FFS2 routines
INFO: Use Fortran compiler gfortran 
Output to directory /data/lh2015-qg/lh2015-qg/Herwig/Herwig7/mumu_to_gg/Herwig/Build/MadGraphAmplitudes/MG5 done.
quit
 

 

gfortran  -g -O2 -w -fbounds-check -ffixed-line-length-132 -fPIC -fno-f2c -shared -s -o  InterfaceMadGraph.so -IMG5/SubProcesses/ -IMG5/SubProcesses/P1_mummup_gg/    InterfaceMadGraph.f   MG5/SubProcesses/P1_mummup_gg/matrix.f MG5/Source/DHELAS/FFS2_3.f MG5/Source/DHELAS/VVS3_0.f MG5/Source/DHELAS/aloha_functions.f MG5/Source/MODEL/couplings1.f MG5/Source/MODEL/rw_para.f MG5/Source/MODEL/printout.f MG5/Source/MODEL/testprog.f MG5/Source/MODEL/couplings2.f MG5/Source/MODEL/couplings.f MG5/Source/MODEL/model_functions.f MG5/Source/MODEL/lha_read.f   
---------------------------------------------------------------
---------------------------------------------------------------
Warning: The model set for the MadGraph Interface 
         needs a parameter setting by hand.
         Please fill the param_card_Higgs_Effective_Couplings_UFO.dat
         with your favourite assumptions.
         And make sure Herwig uses the same parameters.
---------------------------------------------------------------
---------------------------------------------------------------
