#observable           g^rej_20 g^rej_50 q^rej_20 q^rej_50 s^rej    I1/2     I1/2''  
GA_00_00_R10            0.9825   0.9109   0.9758   0.8961   0.7469   0.2508   0.3117
GA_00_00_R2             0.8402   0.5686   0.8413   0.5727   0.5357   0.0050   0.0069
GA_00_00_R4             0.9361   0.7633   0.9345   0.7631   0.6416   0.0833   0.1108
GA_00_00_R6             0.9654   0.8492   0.9617   0.8403   0.6956   0.1607   0.2064
GA_00_00_R8             0.9765   0.8881   0.9711   0.8771   0.7259   0.2122   0.2674
GA_10_05_R10            0.9872   0.9386   0.9661   0.8956   0.7719   0.2882   0.3570
GA_10_05_R2             0.8611   0.6012   0.8800   0.6041   0.5521   0.0437   0.0560
GA_10_05_R4             0.9517   0.8189   0.9647   0.8400   0.6855   0.1447   0.1865
GA_10_05_R6             0.9747   0.8935   0.9671   0.8884   0.7401   0.2253   0.2853
GA_10_05_R8             0.9829   0.9232   0.9662   0.8958   0.7614   0.2649   0.3313
GA_10_10_R10            0.9890   0.9464   0.9614   0.8879   0.7719   0.2935   0.3621
GA_10_10_R2             0.8567   0.6060   0.8874   0.6145   0.5541   0.0388   0.0507
GA_10_10_R4             0.9526   0.8279   0.9648   0.8499   0.6932   0.1532   0.1979
GA_10_10_R6             0.9772   0.9047   0.9646   0.8899   0.7487   0.2376   0.3006
GA_10_10_R8             0.9849   0.9330   0.9622   0.8914   0.7659   0.2746   0.3423
GA_10_20_R10            0.9882   0.9350   0.9549   0.8735   0.7551   0.2625   0.3260
GA_10_20_R2             0.8554   0.6069   0.8841   0.6088   0.5548   0.0407   0.0529
GA_10_20_R4             0.9492   0.8231   0.9618   0.8463   0.6885   0.1466   0.1902
GA_10_20_R6             0.9765   0.8978   0.9610   0.8813   0.7409   0.2235   0.2839
GA_10_20_R8             0.9845   0.9241   0.9569   0.8792   0.7530   0.2516   0.3152
GA_20_00_R10            0.9762   0.8797   0.9678   0.8671   0.7190   0.1991   0.2514
GA_20_00_R2             0.8614   0.5767   0.8479   0.5807   0.5376   0.0456   0.0538
GA_20_00_R4             0.9416   0.7642   0.9316   0.7617   0.6410   0.0881   0.1147
GA_20_00_R6             0.9644   0.8326   0.9548   0.8230   0.6830   0.1426   0.1833
GA_20_00_R8             0.9719   0.8617   0.9633   0.8508   0.7043   0.1755   0.2231
MultHadronThrust        0.9958   0.9660   0.9927   0.9566   0.8171   0.4134   0.4826
MultHardThrust          0.9818   0.9034   0.9784   0.8938   0.7403   0.2415   0.2989
MultIntermediasThrust   0.0000   0.0000   0.0000   0.0000   0.0000   0.0000   0.0000
MultShowerThrust        0.9842   0.9146   0.9815   0.9068   0.7524   0.2659   0.3267
Thrust                  0.9986   0.9743   0.9639   0.8787   0.7627   0.3273   0.3827
Thrust_log              0.9986   0.9743   0.9639   0.8787   0.7628   0.3267   0.3822
log_GA_00_00_R10        0.9825   0.9109   0.9758   0.8961   0.7469   0.2508   0.3117
log_GA_00_00_R2         0.8402   0.5686   0.8413   0.5727   0.5357   0.0050   0.0069
log_GA_00_00_R4         0.9361   0.7633   0.9345   0.7631   0.6416   0.0833   0.1108
log_GA_00_00_R6         0.9654   0.8492   0.9617   0.8403   0.6956   0.1607   0.2064
log_GA_00_00_R8         0.9765   0.8881   0.9711   0.8771   0.7259   0.2122   0.2674
log_GA_10_05_R10        0.9872   0.9384   0.9661   0.8953   0.7715   0.2878   0.3566
log_GA_10_05_R2         0.8611   0.6004   0.8806   0.6047   0.5528   0.0269   0.0340
log_GA_10_05_R4         0.9515   0.8194   0.9646   0.8399   0.6852   0.1433   0.1850
log_GA_10_05_R6         0.9748   0.8932   0.9670   0.8882   0.7399   0.2245   0.2846
log_GA_10_05_R8         0.9829   0.9230   0.9660   0.8957   0.7611   0.2643   0.3307
log_GA_10_10_R10        0.9890   0.9462   0.9613   0.8878   0.7716   0.2932   0.3617
log_GA_10_10_R2         0.8563   0.6053   0.8856   0.6142   0.5535   0.0262   0.0338
log_GA_10_10_R4         0.9525   0.8275   0.9644   0.8494   0.6929   0.1521   0.1968
log_GA_10_10_R6         0.9771   0.9046   0.9645   0.8895   0.7485   0.2372   0.3001
log_GA_10_10_R8         0.9849   0.9327   0.9621   0.8913   0.7657   0.2742   0.3419
log_GA_10_20_R10        0.9882   0.9350   0.9548   0.8734   0.7550   0.2624   0.3258
log_GA_10_20_R2         0.8563   0.6055   0.8823   0.6071   0.5532   0.0358   0.0448
log_GA_10_20_R4         0.9489   0.8228   0.9613   0.8450   0.6884   0.1467   0.1900
log_GA_10_20_R6         0.9765   0.8977   0.9608   0.8811   0.7407   0.2234   0.2837
log_GA_10_20_R8         0.9845   0.9241   0.9567   0.8791   0.7528   0.2514   0.3150
log_GA_20_00_R10        0.9762   0.8797   0.9678   0.8670   0.7190   0.1986   0.2511
log_GA_20_00_R2         0.8617   0.5770   0.8467   0.5777   0.5378   0.0134   0.0179
log_GA_20_00_R4         0.9415   0.7642   0.9314   0.7611   0.6410   0.0841   0.1114
log_GA_20_00_R6         0.9643   0.8324   0.9547   0.8229   0.6830   0.1413   0.1825
log_GA_20_00_R8         0.9719   0.8617   0.9632   0.8508   0.7042   0.1747   0.2227
