#observable           g^rej_20 g^rej_50 q^rej_20 q^rej_50 s^rej    I1/2     I1/2''  
GA_00_00_R10            0.9896   0.9448   0.9773   0.9091   0.7735   0.3056   0.3727
GA_00_00_R2             0.9603   0.8513   0.9650   0.8551   0.7037   0.1681   0.2166
GA_00_00_R4             0.9788   0.9096   0.9745   0.8963   0.7493   0.2476   0.3102
GA_00_00_R6             0.9844   0.9279   0.9761   0.9048   0.7632   0.2779   0.3439
GA_00_00_R8             0.9874   0.9383   0.9768   0.9073   0.7702   0.2945   0.3615
GA_10_05_R10            0.9911   0.9453   0.9467   0.8424   0.7324   0.2506   0.3069
GA_10_05_R2             0.9677   0.8821   0.9569   0.8746   0.7327   0.2042   0.2622
GA_10_05_R4             0.9826   0.9272   0.9483   0.8622   0.7492   0.2446   0.3081
GA_10_05_R6             0.9866   0.9383   0.9463   0.8520   0.7429   0.2498   0.3111
GA_10_05_R8             0.9895   0.9433   0.9456   0.8455   0.7373   0.2509   0.3095
GA_10_10_R10            0.9925   0.9404   0.9382   0.8242   0.7162   0.2349   0.2854
GA_10_10_R2             0.9704   0.8922   0.9535   0.8727   0.7403   0.2138   0.2744
GA_10_10_R4             0.9846   0.9337   0.9416   0.8503   0.7446   0.2453   0.3075
GA_10_10_R6             0.9885   0.9415   0.9385   0.8359   0.7315   0.2427   0.3004
GA_10_10_R8             0.9909   0.9426   0.9375   0.8283   0.7227   0.2388   0.2925
GA_10_20_R10            0.9895   0.9084   0.9295   0.8025   0.6959   0.1937   0.2390
GA_10_20_R2             0.9693   0.8854   0.9483   0.8606   0.7291   0.1974   0.2544
GA_10_20_R4             0.9827   0.9145   0.9326   0.8324   0.7252   0.2102   0.2660
GA_10_20_R6             0.9857   0.9158   0.9295   0.8142   0.7104   0.2021   0.2532
GA_10_20_R8             0.9879   0.9128   0.9283   0.8068   0.7018   0.1972   0.2450
GA_20_00_R10            0.9797   0.9018   0.9704   0.8798   0.7364   0.2273   0.2850
GA_20_00_R2             0.9585   0.8344   0.9596   0.8354   0.6899   0.1489   0.1916
GA_20_00_R4             0.9719   0.8763   0.9659   0.8661   0.7187   0.1938   0.2462
GA_20_00_R6             0.9758   0.8896   0.9680   0.8735   0.7278   0.2102   0.2655
GA_20_00_R8             0.9779   0.8966   0.9695   0.8774   0.7327   0.2198   0.2765
MultHadronThrust        0.9979   0.9773   0.9962   0.9764   0.8478   0.4951   0.5631
MultHardThrust          0.9816   0.9129   0.9804   0.9078   0.7556   0.2676   0.3286
MultIntermediasThrust   0.9944   0.9613   0.9928   0.9541   0.8113   0.3987   0.4667
MultShowerThrust        0.9840   0.9265   0.9870   0.9287   0.7718   0.3041   0.3697
Thrust                  0.9977   0.9099   0.9367   0.8112   0.6977   0.2137   0.2517
Thrust_log              0.9977   0.9098   0.9367   0.8112   0.6976   0.2133   0.2512
log_GA_00_00_R10        0.9896   0.9448   0.9773   0.9091   0.7735   0.3056   0.3727
log_GA_00_00_R2         0.9603   0.8513   0.9650   0.8551   0.7037   0.1681   0.2166
log_GA_00_00_R4         0.9788   0.9096   0.9745   0.8963   0.7493   0.2476   0.3102
log_GA_00_00_R6         0.9844   0.9279   0.9761   0.9048   0.7632   0.2779   0.3439
log_GA_00_00_R8         0.9874   0.9383   0.9768   0.9073   0.7702   0.2945   0.3615
log_GA_10_05_R10        0.9911   0.9452   0.9466   0.8423   0.7322   0.2503   0.3065
log_GA_10_05_R2         0.9679   0.8821   0.9568   0.8744   0.7327   0.2031   0.2611
log_GA_10_05_R4         0.9826   0.9271   0.9483   0.8621   0.7491   0.2440   0.3075
log_GA_10_05_R6         0.9867   0.9379   0.9463   0.8519   0.7427   0.2493   0.3106
log_GA_10_05_R8         0.9895   0.9431   0.9455   0.8456   0.7370   0.2504   0.3091
log_GA_10_10_R10        0.9925   0.9404   0.9382   0.8243   0.7162   0.2347   0.2852
log_GA_10_10_R2         0.9702   0.8921   0.9532   0.8726   0.7397   0.2132   0.2737
log_GA_10_10_R4         0.9847   0.9335   0.9414   0.8503   0.7444   0.2450   0.3072
log_GA_10_10_R6         0.9885   0.9415   0.9384   0.8358   0.7314   0.2425   0.3001
log_GA_10_10_R8         0.9909   0.9426   0.9375   0.8283   0.7226   0.2385   0.2922
log_GA_10_20_R10        0.9896   0.9086   0.9295   0.8025   0.6960   0.1936   0.2389
log_GA_10_20_R2         0.9692   0.8852   0.9481   0.8606   0.7289   0.1975   0.2542
log_GA_10_20_R4         0.9828   0.9147   0.9325   0.8320   0.7251   0.2102   0.2657
log_GA_10_20_R6         0.9858   0.9159   0.9294   0.8140   0.7106   0.2022   0.2531
log_GA_10_20_R8         0.9879   0.9129   0.9283   0.8067   0.7018   0.1973   0.2449
log_GA_20_00_R10        0.9797   0.9019   0.9705   0.8798   0.7363   0.2269   0.2848
log_GA_20_00_R2         0.9586   0.8344   0.9597   0.8353   0.6898   0.1468   0.1902
log_GA_20_00_R4         0.9719   0.8762   0.9659   0.8662   0.7187   0.1930   0.2458
log_GA_20_00_R6         0.9758   0.8895   0.9680   0.8737   0.7277   0.2096   0.2652
log_GA_20_00_R8         0.9779   0.8966   0.9694   0.8772   0.7327   0.2192   0.2762
