#observable           g^rej_20 g^rej_50 q^rej_20 q^rej_50 s^rej    I1/2     I1/2''  
GA_00_00_R10            0.9874   0.9379   0.9780   0.9093   0.7694   0.2950   0.3617
GA_00_00_R2             0.9381   0.7938   0.9531   0.8056   0.6652   0.1111   0.1462
GA_00_00_R4             0.9711   0.8864   0.9700   0.8789   0.7301   0.2099   0.2668
GA_00_00_R6             0.9798   0.9131   0.9737   0.8948   0.7505   0.2505   0.3134
GA_00_00_R8             0.9844   0.9283   0.9761   0.9031   0.7614   0.2755   0.3409
GA_10_05_R10            0.9898   0.9412   0.9557   0.8590   0.7403   0.2550   0.3137
GA_10_05_R2             0.9480   0.8344   0.9508   0.8418   0.6978   0.1478   0.1933
GA_10_05_R4             0.9763   0.9087   0.9494   0.8583   0.7367   0.2181   0.2778
GA_10_05_R6             0.9835   0.9273   0.9504   0.8560   0.7398   0.2366   0.2969
GA_10_05_R8             0.9872   0.9360   0.9527   0.8561   0.7395   0.2468   0.3063
GA_10_10_R10            0.9910   0.9372   0.9491   0.8438   0.7281   0.2403   0.2946
GA_10_10_R2             0.9499   0.8394   0.9482   0.8426   0.7027   0.1521   0.1991
GA_10_10_R4             0.9784   0.9126   0.9438   0.8483   0.7329   0.2164   0.2753
GA_10_10_R6             0.9852   0.9287   0.9436   0.8430   0.7305   0.2289   0.2863
GA_10_10_R8             0.9886   0.9343   0.9457   0.8420   0.7284   0.2351   0.2908
GA_10_20_R10            0.9888   0.9140   0.9406   0.8245   0.7093   0.2056   0.2548
GA_10_20_R2             0.9484   0.8329   0.9435   0.8309   0.6928   0.1392   0.1831
GA_10_20_R4             0.9767   0.8968   0.9356   0.8301   0.7171   0.1895   0.2427
GA_10_20_R6             0.9831   0.9077   0.9348   0.8233   0.7124   0.1965   0.2479
GA_10_20_R8             0.9864   0.9116   0.9376   0.8214   0.7100   0.2005   0.2507
GA_20_00_R10            0.9776   0.8998   0.9722   0.8834   0.7363   0.2271   0.2852
GA_20_00_R2             0.9362   0.7848   0.9490   0.7934   0.6599   0.1074   0.1399
GA_20_00_R4             0.9643   0.8592   0.9621   0.8532   0.7059   0.1718   0.2205
GA_20_00_R6             0.9714   0.8805   0.9669   0.8676   0.7208   0.1972   0.2507
GA_20_00_R8             0.9750   0.8915   0.9698   0.8764   0.7298   0.2135   0.2697
MultHadronThrust        0.9828   0.9414   0.9934   0.9513   0.7953   0.3683   0.4312
MultHardThrust          0.9804   0.9104   0.9855   0.9192   0.7552   0.2746   0.3347
MultIntermediasThrust   0.9944   0.9616   0.9937   0.9589   0.8145   0.4077   0.4762
MultShowerThrust        0.9848   0.9267   0.9880   0.9323   0.7743   0.3095   0.3748
Thrust                  0.9980   0.9384   0.9565   0.8551   0.7302   0.2590   0.3060
Thrust_log              0.9980   0.9382   0.9565   0.8550   0.7301   0.2585   0.3055
log_GA_00_00_R10        0.9874   0.9379   0.9780   0.9093   0.7694   0.2950   0.3617
log_GA_00_00_R2         0.9381   0.7938   0.9531   0.8056   0.6652   0.1111   0.1462
log_GA_00_00_R4         0.9711   0.8864   0.9700   0.8789   0.7301   0.2099   0.2668
log_GA_00_00_R6         0.9798   0.9131   0.9737   0.8948   0.7505   0.2505   0.3134
log_GA_00_00_R8         0.9844   0.9283   0.9761   0.9031   0.7614   0.2755   0.3409
log_GA_10_05_R10        0.9898   0.9411   0.9555   0.8590   0.7402   0.2546   0.3133
log_GA_10_05_R2         0.9482   0.8342   0.9508   0.8413   0.6975   0.1459   0.1912
log_GA_10_05_R4         0.9763   0.9086   0.9494   0.8580   0.7364   0.2173   0.2770
log_GA_10_05_R6         0.9835   0.9274   0.9504   0.8559   0.7394   0.2361   0.2964
log_GA_10_05_R8         0.9873   0.9356   0.9527   0.8562   0.7394   0.2462   0.3057
log_GA_10_10_R10        0.9910   0.9372   0.9490   0.8439   0.7281   0.2401   0.2944
log_GA_10_10_R2         0.9499   0.8392   0.9480   0.8423   0.7023   0.1506   0.1974
log_GA_10_10_R4         0.9783   0.9125   0.9437   0.8481   0.7327   0.2160   0.2747
log_GA_10_10_R6         0.9852   0.9285   0.9435   0.8429   0.7304   0.2286   0.2859
log_GA_10_10_R8         0.9887   0.9343   0.9457   0.8420   0.7282   0.2348   0.2905
log_GA_10_20_R10        0.9887   0.9144   0.9404   0.8245   0.7092   0.2056   0.2547
log_GA_10_20_R2         0.9486   0.8325   0.9434   0.8304   0.6925   0.1390   0.1825
log_GA_10_20_R4         0.9768   0.8967   0.9354   0.8302   0.7170   0.1896   0.2426
log_GA_10_20_R6         0.9831   0.9076   0.9347   0.8231   0.7123   0.1964   0.2476
log_GA_10_20_R8         0.9865   0.9115   0.9375   0.8213   0.7101   0.2006   0.2506
log_GA_20_00_R10        0.9776   0.8998   0.9722   0.8835   0.7362   0.2267   0.2850
log_GA_20_00_R2         0.9361   0.7849   0.9489   0.7938   0.6598   0.1031   0.1361
log_GA_20_00_R4         0.9642   0.8593   0.9620   0.8530   0.7059   0.1707   0.2198
log_GA_20_00_R6         0.9715   0.8803   0.9669   0.8676   0.7207   0.1965   0.2503
log_GA_20_00_R8         0.9751   0.8914   0.9697   0.8765   0.7298   0.2131   0.2695
