#observable           g^rej_20 g^rej_50 q^rej_20 q^rej_50 s^rej    I1/2     I1/2''  
GA_00_00_R10            0.9897   0.9470   0.9797   0.9166   0.7788   0.3168   0.3852
GA_00_00_R2             0.9570   0.8389   0.9623   0.8452   0.6945   0.1527   0.1979
GA_00_00_R4             0.9779   0.9061   0.9744   0.8960   0.7474   0.2434   0.3054
GA_00_00_R6             0.9841   0.9273   0.9768   0.9069   0.7653   0.2795   0.3459
GA_00_00_R8             0.9872   0.9392   0.9782   0.9125   0.7738   0.3009   0.3690
GA_10_05_R10            0.9913   0.9508   0.9533   0.8577   0.7453   0.2692   0.3291
GA_10_05_R2             0.9628   0.8745   0.9588   0.8733   0.7280   0.1958   0.2522
GA_10_05_R4             0.9817   0.9264   0.9515   0.8707   0.7537   0.2499   0.3149
GA_10_05_R6             0.9866   0.9403   0.9510   0.8627   0.7515   0.2609   0.3247
GA_10_05_R8             0.9895   0.9467   0.9517   0.8582   0.7477   0.2655   0.3273
GA_10_10_R10            0.9927   0.9491   0.9462   0.8410   0.7302   0.2544   0.3090
GA_10_10_R2             0.9651   0.8845   0.9565   0.8742   0.7345   0.2052   0.2639
GA_10_10_R4             0.9837   0.9338   0.9454   0.8602   0.7501   0.2516   0.3156
GA_10_10_R6             0.9886   0.9442   0.9440   0.8481   0.7416   0.2549   0.3155
GA_10_10_R8             0.9910   0.9484   0.9442   0.8418   0.7341   0.2544   0.3116
GA_10_20_R10            0.9904   0.9213   0.9380   0.8203   0.7097   0.2125   0.2615
GA_10_20_R2             0.9640   0.8758   0.9523   0.8649   0.7255   0.1903   0.2460
GA_10_20_R4             0.9819   0.9187   0.9370   0.8420   0.7317   0.2191   0.2771
GA_10_20_R6             0.9864   0.9234   0.9347   0.8279   0.7205   0.2159   0.2699
GA_10_20_R8             0.9887   0.9231   0.9351   0.8208   0.7131   0.2132   0.2644
GA_20_00_R10            0.9797   0.9055   0.9733   0.8889   0.7429   0.2380   0.2977
GA_20_00_R2             0.9531   0.8233   0.9572   0.8261   0.6824   0.1382   0.1786
GA_20_00_R4             0.9701   0.8743   0.9666   0.8670   0.7188   0.1929   0.2456
GA_20_00_R6             0.9748   0.8906   0.9694   0.8777   0.7304   0.2135   0.2700
GA_20_00_R8             0.9776   0.8995   0.9714   0.8838   0.7381   0.2272   0.2856
MultHadronThrust        0.9971   0.9786   0.9961   0.9734   0.8435   0.4892   0.5566
MultHardThrust          0.9833   0.9188   0.9844   0.9198   0.7624   0.2867   0.3494
MultIntermediasThrust   0.9953   0.9664   0.9939   0.9597   0.8158   0.4154   0.4828
MultShowerThrust        0.9855   0.9349   0.9896   0.9380   0.7831   0.3280   0.3955
Thrust                  0.9986   0.9364   0.9528   0.8446   0.7225   0.2529   0.2968
Thrust_log              0.9986   0.9364   0.9528   0.8446   0.7225   0.2525   0.2964
log_GA_00_00_R10        0.9897   0.9470   0.9797   0.9166   0.7788   0.3168   0.3852
log_GA_00_00_R2         0.9570   0.8389   0.9623   0.8452   0.6945   0.1527   0.1979
log_GA_00_00_R4         0.9779   0.9061   0.9744   0.8960   0.7474   0.2434   0.3054
log_GA_00_00_R6         0.9841   0.9273   0.9768   0.9069   0.7653   0.2795   0.3459
log_GA_00_00_R8         0.9872   0.9392   0.9782   0.9125   0.7738   0.3009   0.3690
log_GA_10_05_R10        0.9913   0.9507   0.9534   0.8576   0.7452   0.2688   0.3287
log_GA_10_05_R2         0.9627   0.8738   0.9592   0.8725   0.7276   0.1946   0.2510
log_GA_10_05_R4         0.9815   0.9264   0.9515   0.8706   0.7535   0.2494   0.3143
log_GA_10_05_R6         0.9866   0.9401   0.9510   0.8625   0.7514   0.2603   0.3241
log_GA_10_05_R8         0.9895   0.9463   0.9516   0.8582   0.7476   0.2650   0.3267
log_GA_10_10_R10        0.9927   0.9490   0.9462   0.8409   0.7302   0.2542   0.3087
log_GA_10_10_R2         0.9653   0.8843   0.9563   0.8739   0.7341   0.2043   0.2630
log_GA_10_10_R4         0.9837   0.9338   0.9453   0.8600   0.7499   0.2513   0.3153
log_GA_10_10_R6         0.9886   0.9440   0.9439   0.8480   0.7415   0.2547   0.3152
log_GA_10_10_R8         0.9910   0.9482   0.9441   0.8418   0.7340   0.2541   0.3113
log_GA_10_20_R10        0.9905   0.9215   0.9379   0.8202   0.7097   0.2125   0.2615
log_GA_10_20_R2         0.9640   0.8756   0.9521   0.8644   0.7252   0.1902   0.2456
log_GA_10_20_R4         0.9820   0.9185   0.9369   0.8418   0.7315   0.2190   0.2768
log_GA_10_20_R6         0.9864   0.9234   0.9346   0.8278   0.7204   0.2159   0.2697
log_GA_10_20_R8         0.9887   0.9234   0.9350   0.8208   0.7131   0.2132   0.2643
log_GA_20_00_R10        0.9796   0.9055   0.9732   0.8888   0.7429   0.2376   0.2976
log_GA_20_00_R2         0.9531   0.8232   0.9572   0.8262   0.6822   0.1357   0.1768
log_GA_20_00_R4         0.9700   0.8743   0.9666   0.8670   0.7187   0.1919   0.2449
log_GA_20_00_R6         0.9748   0.8904   0.9694   0.8775   0.7304   0.2130   0.2697
log_GA_20_00_R8         0.9776   0.8994   0.9714   0.8838   0.7380   0.2268   0.2854
