#observable           g^rej_20 g^rej_50 q^rej_20 q^rej_50 s^rej    I1/2     I1/2''  
GA_00_00_R10            0.9912   0.9535   0.9804   0.9192   0.7856   0.3321   0.4015
GA_00_00_R2             0.9716   0.8755   0.9716   0.8751   0.7221   0.2014   0.2554
GA_00_00_R4             0.9824   0.9210   0.9781   0.9084   0.7611   0.2732   0.3387
GA_00_00_R6             0.9866   0.9372   0.9788   0.9151   0.7745   0.3019   0.3705
GA_00_00_R8             0.9894   0.9459   0.9798   0.9176   0.7812   0.3191   0.3884
GA_10_05_R10            0.9925   0.9543   0.9489   0.8489   0.7438   0.2721   0.3317
GA_10_05_R2             0.9767   0.9035   0.9618   0.8924   0.7507   0.2394   0.3031
GA_10_05_R4             0.9858   0.9351   0.9498   0.8741   0.7627   0.2681   0.3350
GA_10_05_R6             0.9889   0.9454   0.9476   0.8593   0.7562   0.2712   0.3358
GA_10_05_R8             0.9910   0.9509   0.9477   0.8519   0.7490   0.2714   0.3333
GA_10_10_R10            0.9940   0.9556   0.9398   0.8283   0.7250   0.2586   0.3118
GA_10_10_R2             0.9784   0.9145   0.9581   0.8903   0.7587   0.2526   0.3192
GA_10_10_R4             0.9873   0.9443   0.9422   0.8610   0.7590   0.2722   0.3383
GA_10_10_R6             0.9906   0.9521   0.9388   0.8417   0.7443   0.2678   0.3289
GA_10_10_R8             0.9926   0.9548   0.9389   0.8319   0.7328   0.2620   0.3187
GA_10_20_R10            0.9906   0.9206   0.9314   0.8071   0.7029   0.2073   0.2549
GA_10_20_R2             0.9774   0.9062   0.9527   0.8785   0.7468   0.2316   0.2942
GA_10_20_R4             0.9856   0.9250   0.9331   0.8405   0.7352   0.2290   0.2874
GA_10_20_R6             0.9881   0.9253   0.9289   0.8199   0.7201   0.2182   0.2716
GA_10_20_R8             0.9896   0.9226   0.9293   0.8099   0.7092   0.2104   0.2602
GA_20_00_R10            0.9821   0.9075   0.9740   0.8898   0.7433   0.2413   0.3003
GA_20_00_R2             0.9696   0.8560   0.9659   0.8528   0.7033   0.1738   0.2208
GA_20_00_R4             0.9763   0.8853   0.9701   0.8766   0.7260   0.2096   0.2641
GA_20_00_R6             0.9788   0.8958   0.9712   0.8829   0.7340   0.2240   0.2808
GA_20_00_R8             0.9807   0.9024   0.9726   0.8866   0.7390   0.2334   0.2915
MultHadronThrust        0.9990   0.9908   0.9976   0.9835   0.8751   0.5733   0.6381
MultHardThrust          0.9841   0.9241   0.9855   0.9186   0.7683   0.2974   0.3608
MultIntermediasThrust   0.9946   0.9651   0.9933   0.9567   0.8177   0.4123   0.4816
MultShowerThrust        0.9859   0.9372   0.9908   0.9446   0.7878   0.3390   0.4065
Thrust                  0.9986   0.9237   0.9462   0.8262   0.7077   0.2344   0.2736
Thrust_log              0.9986   0.9238   0.9463   0.8262   0.7076   0.2340   0.2733
log_GA_00_00_R10        0.9912   0.9535   0.9804   0.9192   0.7856   0.3321   0.4015
log_GA_00_00_R2         0.9716   0.8755   0.9716   0.8751   0.7221   0.2014   0.2554
log_GA_00_00_R4         0.9824   0.9210   0.9781   0.9084   0.7611   0.2732   0.3387
log_GA_00_00_R6         0.9866   0.9372   0.9788   0.9151   0.7745   0.3019   0.3705
log_GA_00_00_R8         0.9894   0.9459   0.9798   0.9176   0.7812   0.3191   0.3884
log_GA_10_05_R10        0.9924   0.9542   0.9489   0.8488   0.7438   0.2717   0.3313
log_GA_10_05_R2         0.9768   0.9032   0.9618   0.8920   0.7507   0.2388   0.3023
log_GA_10_05_R4         0.9858   0.9350   0.9498   0.8738   0.7623   0.2676   0.3345
log_GA_10_05_R6         0.9889   0.9450   0.9474   0.8593   0.7560   0.2707   0.3353
log_GA_10_05_R8         0.9910   0.9507   0.9477   0.8520   0.7490   0.2711   0.3329
log_GA_10_10_R10        0.9941   0.9555   0.9397   0.8282   0.7249   0.2584   0.3116
log_GA_10_10_R2         0.9784   0.9145   0.9578   0.8901   0.7584   0.2523   0.3187
log_GA_10_10_R4         0.9873   0.9441   0.9421   0.8609   0.7588   0.2719   0.3379
log_GA_10_10_R6         0.9906   0.9521   0.9387   0.8415   0.7443   0.2676   0.3287
log_GA_10_10_R8         0.9926   0.9547   0.9389   0.8319   0.7327   0.2618   0.3185
log_GA_10_20_R10        0.9909   0.9215   0.9314   0.8070   0.7030   0.2076   0.2551
log_GA_10_20_R2         0.9775   0.9063   0.9524   0.8782   0.7467   0.2316   0.2939
log_GA_10_20_R4         0.9856   0.9252   0.9330   0.8404   0.7353   0.2292   0.2874
log_GA_10_20_R6         0.9883   0.9257   0.9288   0.8197   0.7201   0.2183   0.2715
log_GA_10_20_R8         0.9898   0.9232   0.9293   0.8099   0.7092   0.2106   0.2603
log_GA_20_00_R10        0.9821   0.9074   0.9739   0.8898   0.7430   0.2409   0.3001
log_GA_20_00_R2         0.9696   0.8558   0.9659   0.8528   0.7031   0.1725   0.2200
log_GA_20_00_R4         0.9763   0.8853   0.9700   0.8766   0.7259   0.2090   0.2637
log_GA_20_00_R6         0.9789   0.8959   0.9712   0.8828   0.7339   0.2234   0.2806
log_GA_20_00_R8         0.9807   0.9024   0.9725   0.8864   0.7389   0.2330   0.2913
