#observable           g^rej_20 g^rej_50 q^rej_20 q^rej_50 s^rej    I1/2     I1/2''  
GA_00_00_R10            0.9898   0.9465   0.9794   0.9141   0.7773   0.3139   0.3818
GA_00_00_R2             0.9601   0.8515   0.9657   0.8553   0.7046   0.1688   0.2175
GA_00_00_R4             0.9787   0.9101   0.9746   0.8976   0.7504   0.2494   0.3123
GA_00_00_R6             0.9844   0.9283   0.9765   0.9059   0.7646   0.2800   0.3464
GA_00_00_R8             0.9875   0.9392   0.9781   0.9105   0.7727   0.2994   0.3670
GA_10_05_R10            0.9914   0.9483   0.9518   0.8526   0.7393   0.2609   0.3189
GA_10_05_R2             0.9679   0.8833   0.9575   0.8765   0.7341   0.2066   0.2652
GA_10_05_R4             0.9827   0.9280   0.9503   0.8653   0.7511   0.2480   0.3122
GA_10_05_R6             0.9867   0.9395   0.9486   0.8562   0.7459   0.2545   0.3166
GA_10_05_R8             0.9897   0.9453   0.9500   0.8529   0.7417   0.2582   0.3181
GA_10_10_R10            0.9927   0.9443   0.9442   0.8345   0.7229   0.2440   0.2961
GA_10_10_R2             0.9704   0.8929   0.9537   0.8747   0.7412   0.2161   0.2771
GA_10_10_R4             0.9847   0.9346   0.9435   0.8522   0.7457   0.2476   0.3104
GA_10_10_R6             0.9886   0.9425   0.9409   0.8399   0.7340   0.2462   0.3046
GA_10_10_R8             0.9911   0.9450   0.9422   0.8355   0.7269   0.2450   0.2998
GA_10_20_R10            0.9899   0.9129   0.9357   0.8118   0.7025   0.2014   0.2483
GA_10_20_R2             0.9692   0.8859   0.9484   0.8619   0.7302   0.1990   0.2563
GA_10_20_R4             0.9826   0.9152   0.9342   0.8332   0.7262   0.2117   0.2677
GA_10_20_R6             0.9859   0.9172   0.9315   0.8176   0.7124   0.2048   0.2563
GA_10_20_R8             0.9882   0.9159   0.9335   0.8128   0.7061   0.2023   0.2511
GA_20_00_R10            0.9802   0.9052   0.9732   0.8863   0.7406   0.2358   0.2946
GA_20_00_R2             0.9587   0.8358   0.9600   0.8366   0.6911   0.1502   0.1933
GA_20_00_R4             0.9723   0.8779   0.9668   0.8685   0.7203   0.1969   0.2499
GA_20_00_R6             0.9761   0.8913   0.9694   0.8765   0.7301   0.2142   0.2702
GA_20_00_R8             0.9784   0.8989   0.9716   0.8822   0.7359   0.2260   0.2835
MultHadronThrust        0.9979   0.9774   0.9967   0.9772   0.8478   0.4969   0.5642
MultHardThrust          0.9830   0.9185   0.9874   0.9234   0.7662   0.2931   0.3549
MultIntermediasThrust   0.9945   0.9622   0.9931   0.9574   0.8128   0.4052   0.4733
MultShowerThrust        0.9851   0.9316   0.9894   0.9378   0.7816   0.3241   0.3909
Thrust                  0.9981   0.9266   0.9513   0.8395   0.7165   0.2404   0.2830
Thrust_log              0.9982   0.9265   0.9512   0.8395   0.7165   0.2400   0.2826
log_GA_00_00_R10        0.9898   0.9465   0.9794   0.9141   0.7773   0.3139   0.3818
log_GA_00_00_R2         0.9601   0.8515   0.9657   0.8553   0.7046   0.1688   0.2175
log_GA_00_00_R4         0.9787   0.9101   0.9746   0.8976   0.7504   0.2494   0.3123
log_GA_00_00_R6         0.9844   0.9283   0.9765   0.9059   0.7646   0.2800   0.3464
log_GA_00_00_R8         0.9875   0.9392   0.9781   0.9105   0.7727   0.2994   0.3670
log_GA_10_05_R10        0.9914   0.9482   0.9517   0.8526   0.7391   0.2606   0.3186
log_GA_10_05_R2         0.9681   0.8832   0.9573   0.8763   0.7340   0.2057   0.2642
log_GA_10_05_R4         0.9827   0.9281   0.9504   0.8649   0.7511   0.2474   0.3116
log_GA_10_05_R6         0.9867   0.9392   0.9485   0.8561   0.7456   0.2540   0.3161
log_GA_10_05_R8         0.9897   0.9453   0.9501   0.8529   0.7414   0.2577   0.3176
log_GA_10_10_R10        0.9927   0.9442   0.9441   0.8343   0.7229   0.2438   0.2959
log_GA_10_10_R2         0.9702   0.8930   0.9535   0.8746   0.7407   0.2155   0.2764
log_GA_10_10_R4         0.9847   0.9344   0.9433   0.8522   0.7456   0.2474   0.3100
log_GA_10_10_R6         0.9886   0.9425   0.9408   0.8398   0.7339   0.2460   0.3043
log_GA_10_10_R8         0.9911   0.9449   0.9420   0.8354   0.7269   0.2448   0.2996
log_GA_10_20_R10        0.9899   0.9128   0.9357   0.8118   0.7025   0.2014   0.2483
log_GA_10_20_R2         0.9692   0.8858   0.9482   0.8618   0.7299   0.1991   0.2561
log_GA_10_20_R4         0.9827   0.9154   0.9340   0.8331   0.7262   0.2117   0.2675
log_GA_10_20_R6         0.9859   0.9173   0.9314   0.8176   0.7125   0.2048   0.2562
log_GA_10_20_R8         0.9883   0.9160   0.9335   0.8127   0.7061   0.2024   0.2510
log_GA_20_00_R10        0.9802   0.9051   0.9732   0.8863   0.7405   0.2354   0.2945
log_GA_20_00_R2         0.9587   0.8357   0.9599   0.8366   0.6910   0.1482   0.1919
log_GA_20_00_R4         0.9724   0.8778   0.9669   0.8684   0.7203   0.1962   0.2495
log_GA_20_00_R6         0.9761   0.8913   0.9694   0.8766   0.7299   0.2136   0.2698
log_GA_20_00_R8         0.9783   0.8990   0.9716   0.8821   0.7358   0.2254   0.2833
