#observable           g^rej_20 g^rej_50 q^rej_20 q^rej_50 s^rej    I1/2     I1/2''  
GA_00_00_R10            0.9873   0.9350   0.9788   0.9127   0.7708   0.2966   0.3636
GA_00_00_R2             0.9238   0.7368   0.9311   0.7470   0.6278   0.0691   0.0923
GA_00_00_R4             0.9689   0.8694   0.9678   0.8636   0.7138   0.1873   0.2390
GA_00_00_R6             0.9789   0.9045   0.9745   0.8930   0.7436   0.2403   0.3010
GA_00_00_R8             0.9839   0.9238   0.9768   0.9058   0.7606   0.2730   0.3379
GA_10_05_R10            0.9896   0.9483   0.9571   0.8713   0.7584   0.2790   0.3436
GA_10_05_R2             0.9350   0.7838   0.9563   0.8151   0.6633   0.1155   0.1506
GA_10_05_R4             0.9751   0.9032   0.9600   0.8834   0.7463   0.2302   0.2925
GA_10_05_R6             0.9832   0.9290   0.9560   0.8782   0.7578   0.2585   0.3243
GA_10_05_R8             0.9872   0.9409   0.9558   0.8733   0.7597   0.2714   0.3370
GA_10_10_R10            0.9915   0.9518   0.9500   0.8568   0.7474   0.2716   0.3323
GA_10_10_R2             0.9359   0.7894   0.9565   0.8220   0.6703   0.1209   0.1578
GA_10_10_R4             0.9775   0.9120   0.9562   0.8810   0.7515   0.2396   0.3038
GA_10_10_R6             0.9855   0.9362   0.9498   0.8687   0.7565   0.2619   0.3272
GA_10_10_R8             0.9893   0.9465   0.9490   0.8606   0.7522   0.2687   0.3319
GA_10_20_R10            0.9891   0.9291   0.9415   0.8370   0.7261   0.2288   0.2835
GA_10_20_R2             0.9320   0.7858   0.9551   0.8152   0.6654   0.1132   0.1486
GA_10_20_R4             0.9767   0.9034   0.9511   0.8682   0.7390   0.2195   0.2795
GA_10_20_R6             0.9842   0.9216   0.9418   0.8522   0.7383   0.2297   0.2891
GA_10_20_R8             0.9872   0.9269   0.9404   0.8416   0.7314   0.2292   0.2860
GA_20_00_R10            0.9792   0.8992   0.9725   0.8844   0.7365   0.2279   0.2855
GA_20_00_R2             0.9268   0.7445   0.9309   0.7492   0.6319   0.0803   0.1041
GA_20_00_R4             0.9659   0.8494   0.9622   0.8431   0.6983   0.1633   0.2089
GA_20_00_R6             0.9731   0.8758   0.9674   0.8654   0.7178   0.1946   0.2466
GA_20_00_R8             0.9768   0.8897   0.9704   0.8764   0.7285   0.2133   0.2686
MultHadronThrust        0.9963   0.9764   0.9955   0.9712   0.8405   0.4753   0.5449
MultHardThrust          0.9804   0.9168   0.9854   0.9216   0.7601   0.2816   0.3440
MultIntermediasThrust   0.9907   0.9451   0.9912   0.9426   0.7914   0.3513   0.4184
MultShowerThrust        0.9862   0.9307   0.9874   0.9312   0.7739   0.3113   0.3765
Thrust                  0.9986   0.9528   0.9566   0.8562   0.7346   0.2761   0.3232
Thrust_log              0.9986   0.9528   0.9565   0.8562   0.7345   0.2755   0.3227
log_GA_00_00_R10        0.9873   0.9350   0.9788   0.9127   0.7708   0.2966   0.3636
log_GA_00_00_R2         0.9238   0.7368   0.9311   0.7470   0.6278   0.0691   0.0923
log_GA_00_00_R4         0.9689   0.8694   0.9678   0.8636   0.7138   0.1873   0.2390
log_GA_00_00_R6         0.9789   0.9045   0.9745   0.8930   0.7436   0.2403   0.3010
log_GA_00_00_R8         0.9839   0.9238   0.9768   0.9058   0.7606   0.2730   0.3379
log_GA_10_05_R10        0.9897   0.9481   0.9569   0.8713   0.7583   0.2785   0.3431
log_GA_10_05_R2         0.9352   0.7835   0.9559   0.8149   0.6631   0.1126   0.1475
log_GA_10_05_R4         0.9750   0.9029   0.9600   0.8830   0.7456   0.2295   0.2918
log_GA_10_05_R6         0.9833   0.9289   0.9560   0.8781   0.7575   0.2579   0.3238
log_GA_10_05_R8         0.9872   0.9408   0.9559   0.8733   0.7595   0.2709   0.3366
log_GA_10_10_R10        0.9915   0.9516   0.9499   0.8567   0.7473   0.2714   0.3320
log_GA_10_10_R2         0.9351   0.7889   0.9560   0.8219   0.6700   0.1193   0.1559
log_GA_10_10_R4         0.9775   0.9119   0.9559   0.8808   0.7511   0.2391   0.3032
log_GA_10_10_R6         0.9855   0.9361   0.9497   0.8685   0.7564   0.2615   0.3267
log_GA_10_10_R8         0.9892   0.9464   0.9490   0.8606   0.7521   0.2684   0.3316
log_GA_10_20_R10        0.9891   0.9292   0.9415   0.8369   0.7262   0.2288   0.2834
log_GA_10_20_R2         0.9322   0.7852   0.9544   0.8146   0.6652   0.1131   0.1482
log_GA_10_20_R4         0.9767   0.9034   0.9508   0.8680   0.7390   0.2195   0.2792
log_GA_10_20_R6         0.9842   0.9217   0.9417   0.8520   0.7382   0.2297   0.2888
log_GA_10_20_R8         0.9872   0.9269   0.9403   0.8415   0.7313   0.2292   0.2858
log_GA_20_00_R10        0.9792   0.8991   0.9725   0.8843   0.7363   0.2275   0.2853
log_GA_20_00_R2         0.9269   0.7451   0.9309   0.7487   0.6318   0.0739   0.0981
log_GA_20_00_R4         0.9658   0.8495   0.9621   0.8431   0.6981   0.1620   0.2081
log_GA_20_00_R6         0.9730   0.8755   0.9674   0.8653   0.7177   0.1938   0.2461
log_GA_20_00_R8         0.9768   0.8896   0.9704   0.8763   0.7286   0.2128   0.2684
