#observable           g^rej_20 g^rej_50 q^rej_20 q^rej_50 s^rej    I1/2     I1/2''  
GA_00_00_R10            0.9912   0.9505   0.9789   0.9110   0.7758   0.3153   0.3818
GA_00_00_R2             0.9743   0.8990   0.9733   0.8923   0.7425   0.2328   0.2938
GA_00_00_R4             0.9830   0.9273   0.9755   0.9040   0.7638   0.2765   0.3430
GA_00_00_R6             0.9870   0.9389   0.9764   0.9069   0.7701   0.2944   0.3617
GA_00_00_R8             0.9893   0.9460   0.9775   0.9084   0.7728   0.3055   0.3726
GA_10_05_R10            0.9923   0.9396   0.9475   0.8383   0.7227   0.2402   0.2924
GA_10_05_R2             0.9779   0.9153   0.9476   0.8613   0.7453   0.2307   0.2933
GA_10_05_R4             0.9857   0.9346   0.9441   0.8447   0.7350   0.2385   0.2979
GA_10_05_R6             0.9888   0.9391   0.9450   0.8394   0.7287   0.2394   0.2957
GA_10_05_R8             0.9907   0.9399   0.9456   0.8377   0.7245   0.2393   0.2932
GA_10_10_R10            0.9931   0.9231   0.9392   0.8181   0.7047   0.2168   0.2625
GA_10_10_R2             0.9794   0.9231   0.9405   0.8482   0.7406   0.2299   0.2914
GA_10_10_R4             0.9871   0.9349   0.9358   0.8259   0.7209   0.2267   0.2817
GA_10_10_R6             0.9899   0.9326   0.9367   0.8200   0.7113   0.2218   0.2724
GA_10_10_R8             0.9916   0.9274   0.9370   0.8175   0.7068   0.2181   0.2658
GA_10_20_R10            0.9893   0.8907   0.9305   0.7967   0.6862   0.1793   0.2210
GA_10_20_R2             0.9781   0.9035   0.9306   0.8282   0.7202   0.1961   0.2504
GA_10_20_R4             0.9835   0.9049   0.9259   0.8036   0.6991   0.1855   0.2336
GA_10_20_R6             0.9861   0.8993   0.9279   0.7972   0.6911   0.1808   0.2257
GA_10_20_R8             0.9876   0.8937   0.9287   0.7955   0.6873   0.1789   0.2218
GA_20_00_R10            0.9808   0.9080   0.9734   0.8859   0.7413   0.2378   0.2968
GA_20_00_R2             0.9675   0.8680   0.9662   0.8629   0.7153   0.1857   0.2370
GA_20_00_R4             0.9745   0.8891   0.9686   0.8747   0.7292   0.2110   0.2670
GA_20_00_R6             0.9775   0.8976   0.9708   0.8793   0.7346   0.2229   0.2803
GA_20_00_R8             0.9794   0.9034   0.9717   0.8825   0.7382   0.2305   0.2889
MultHadronThrust        0.9986   0.9834   0.9975   0.9812   0.8625   0.5381   0.6022
MultHardThrust          0.9808   0.9189   0.9852   0.9250   0.7704   0.2979   0.3613
MultIntermediasThrust   0.9966   0.9708   0.9941   0.9611   0.8220   0.4319   0.4988
MultShowerThrust        0.9844   0.9290   0.9887   0.9359   0.7781   0.3187   0.3847
Thrust                  0.9972   0.9054   0.9478   0.8282   0.7047   0.2154   0.2555
Thrust_log              0.9972   0.9053   0.9478   0.8281   0.7046   0.2150   0.2550
log_GA_00_00_R10        0.9912   0.9505   0.9789   0.9110   0.7758   0.3153   0.3818
log_GA_00_00_R2         0.9743   0.8990   0.9733   0.8923   0.7425   0.2328   0.2938
log_GA_00_00_R4         0.9830   0.9273   0.9755   0.9040   0.7638   0.2764   0.3430
log_GA_00_00_R6         0.9870   0.9389   0.9764   0.9069   0.7701   0.2944   0.3617
log_GA_00_00_R8         0.9893   0.9460   0.9775   0.9084   0.7728   0.3055   0.3726
log_GA_10_05_R10        0.9923   0.9395   0.9474   0.8383   0.7226   0.2399   0.2921
log_GA_10_05_R2         0.9778   0.9152   0.9476   0.8612   0.7447   0.2300   0.2925
log_GA_10_05_R4         0.9857   0.9345   0.9441   0.8447   0.7349   0.2380   0.2974
log_GA_10_05_R6         0.9888   0.9389   0.9449   0.8393   0.7286   0.2390   0.2953
log_GA_10_05_R8         0.9907   0.9399   0.9456   0.8375   0.7245   0.2389   0.2928
log_GA_10_10_R10        0.9931   0.9232   0.9391   0.8181   0.7046   0.2165   0.2623
log_GA_10_10_R2         0.9795   0.9229   0.9403   0.8480   0.7405   0.2296   0.2909
log_GA_10_10_R4         0.9871   0.9346   0.9358   0.8258   0.7208   0.2264   0.2814
log_GA_10_10_R6         0.9899   0.9326   0.9366   0.8199   0.7112   0.2216   0.2722
log_GA_10_10_R8         0.9917   0.9275   0.9369   0.8175   0.7067   0.2179   0.2656
log_GA_10_20_R10        0.9897   0.8909   0.9304   0.7967   0.6863   0.1797   0.2212
log_GA_10_20_R2         0.9779   0.9033   0.9304   0.8280   0.7204   0.1960   0.2500
log_GA_10_20_R4         0.9838   0.9050   0.9258   0.8035   0.6991   0.1855   0.2335
log_GA_10_20_R6         0.9862   0.8995   0.9279   0.7970   0.6911   0.1811   0.2259
log_GA_10_20_R8         0.9879   0.8939   0.9287   0.7955   0.6871   0.1791   0.2218
log_GA_20_00_R10        0.9809   0.9079   0.9733   0.8860   0.7412   0.2374   0.2966
log_GA_20_00_R2         0.9675   0.8680   0.9662   0.8629   0.7151   0.1845   0.2363
log_GA_20_00_R4         0.9745   0.8891   0.9686   0.8748   0.7291   0.2104   0.2666
log_GA_20_00_R6         0.9775   0.8975   0.9707   0.8794   0.7346   0.2223   0.2801
log_GA_20_00_R8         0.9795   0.9033   0.9717   0.8826   0.7382   0.2301   0.2887
