#observable           g^rej_20 g^rej_50 q^rej_20 q^rej_50 s^rej    I1/2     I1/2''  
GA_00_00_R10            0.9915   0.9492   0.9784   0.9087   0.7707   0.3090   0.3735
GA_00_00_R2             0.9783   0.9165   0.9744   0.8992   0.7575   0.2589   0.3242
GA_00_00_R4             0.9850   0.9343   0.9757   0.9022   0.7647   0.2828   0.3492
GA_00_00_R6             0.9880   0.9414   0.9766   0.9044   0.7667   0.2934   0.3591
GA_00_00_R8             0.9899   0.9461   0.9772   0.9062   0.7682   0.3012   0.3662
GA_10_05_R10            0.9926   0.9238   0.9442   0.8279   0.7108   0.2210   0.2686
GA_10_05_R2             0.9820   0.9251   0.9415   0.8393   0.7307   0.2243   0.2828
GA_10_05_R4             0.9873   0.9304   0.9411   0.8285   0.7183   0.2222   0.2757
GA_10_05_R6             0.9899   0.9285   0.9414   0.8264   0.7137   0.2205   0.2711
GA_10_05_R8             0.9914   0.9257   0.9424   0.8263   0.7111   0.2199   0.2686
GA_10_10_R10            0.9927   0.8969   0.9357   0.8069   0.6922   0.1933   0.2346
GA_10_10_R2             0.9830   0.9250   0.9331   0.8207   0.7167   0.2122   0.2668
GA_10_10_R4             0.9882   0.9187   0.9323   0.8073   0.7000   0.2021   0.2498
GA_10_10_R6             0.9903   0.9087   0.9324   0.8051   0.6942   0.1966   0.2409
GA_10_10_R8             0.9918   0.9011   0.9333   0.8043   0.6923   0.1937   0.2361
GA_10_20_R10            0.9874   0.8665   0.9284   0.7850   0.6747   0.1614   0.1991
GA_10_20_R2             0.9790   0.8955   0.9227   0.7963   0.6943   0.1725   0.2197
GA_10_20_R4             0.9840   0.8846   0.9225   0.7843   0.6799   0.1648   0.2069
GA_10_20_R6             0.9860   0.8746   0.9235   0.7819   0.6754   0.1614   0.2011
GA_10_20_R8             0.9869   0.8691   0.9254   0.7832   0.6741   0.1606   0.1989
GA_20_00_R10            0.9811   0.9069   0.9731   0.8836   0.7391   0.2352   0.2935
GA_20_00_R2             0.9714   0.8798   0.9670   0.8697   0.7238   0.1994   0.2534
GA_20_00_R4             0.9758   0.8925   0.9692   0.8748   0.7311   0.2148   0.2711
GA_20_00_R6             0.9782   0.8990   0.9703   0.8777   0.7343   0.2225   0.2797
GA_20_00_R8             0.9798   0.9032   0.9716   0.8806   0.7368   0.2290   0.2867
MultHadronThrust        0.9980   0.9836   0.9968   0.9815   0.8593   0.5521   0.6077
MultHardThrust          0.9807   0.9177   0.9852   0.9167   0.7568   0.2871   0.3473
MultIntermediasThrust   0.9976   0.9754   0.9947   0.9641   0.8280   0.4491   0.5150
MultShowerThrust        0.9829   0.9247   0.9879   0.9299   0.7753   0.3087   0.3740
Thrust                  0.9945   0.8883   0.9460   0.8191   0.6963   0.1957   0.2346
Thrust_log              0.9947   0.8883   0.9460   0.8190   0.6963   0.1953   0.2342
log_GA_00_00_R10        0.9915   0.9492   0.9785   0.9086   0.7707   0.3089   0.3734
log_GA_00_00_R2         0.9783   0.9165   0.9744   0.8992   0.7575   0.2589   0.3242
log_GA_00_00_R4         0.9850   0.9343   0.9757   0.9022   0.7647   0.2828   0.3492
log_GA_00_00_R6         0.9880   0.9414   0.9765   0.9044   0.7667   0.2933   0.3591
log_GA_00_00_R8         0.9899   0.9461   0.9772   0.9062   0.7682   0.3011   0.3662
log_GA_10_05_R10        0.9925   0.9238   0.9441   0.8278   0.7107   0.2206   0.2682
log_GA_10_05_R2         0.9820   0.9246   0.9415   0.8391   0.7308   0.2237   0.2822
log_GA_10_05_R4         0.9873   0.9304   0.9411   0.8286   0.7182   0.2218   0.2753
log_GA_10_05_R6         0.9899   0.9284   0.9414   0.8262   0.7136   0.2201   0.2707
log_GA_10_05_R8         0.9914   0.9255   0.9423   0.8261   0.7112   0.2195   0.2683
log_GA_10_10_R10        0.9928   0.8970   0.9355   0.8070   0.6922   0.1932   0.2345
log_GA_10_10_R2         0.9829   0.9250   0.9329   0.8205   0.7165   0.2120   0.2664
log_GA_10_10_R4         0.9882   0.9188   0.9321   0.8073   0.7000   0.2018   0.2495
log_GA_10_10_R6         0.9903   0.9088   0.9323   0.8050   0.6942   0.1964   0.2406
log_GA_10_10_R8         0.9919   0.9010   0.9333   0.8042   0.6924   0.1936   0.2359
log_GA_10_20_R10        0.9890   0.8667   0.9283   0.7851   0.6747   0.1621   0.1995
log_GA_10_20_R2         0.9793   0.8953   0.9225   0.7962   0.6943   0.1727   0.2197
log_GA_10_20_R4         0.9842   0.8847   0.9224   0.7843   0.6797   0.1651   0.2070
log_GA_10_20_R6         0.9865   0.8753   0.9235   0.7820   0.6755   0.1619   0.2014
log_GA_10_20_R8         0.9880   0.8691   0.9254   0.7832   0.6742   0.1613   0.1994
log_GA_20_00_R10        0.9810   0.9068   0.9731   0.8835   0.7391   0.2349   0.2934
log_GA_20_00_R2         0.9715   0.8796   0.9669   0.8697   0.7237   0.1985   0.2530
log_GA_20_00_R4         0.9758   0.8927   0.9692   0.8748   0.7313   0.2143   0.2709
log_GA_20_00_R6         0.9782   0.8989   0.9702   0.8775   0.7342   0.2222   0.2796
log_GA_20_00_R8         0.9798   0.9031   0.9716   0.8807   0.7367   0.2286   0.2866
