#observable           g^rej_20 g^rej_50 q^rej_20 q^rej_50 s^rej    I1/2     I1/2''  
GA_00_00_R10            0.9983   0.9745   0.9810   0.9222   0.7956   0.3762   0.4398
GA_00_00_R2             0.9880   0.9118   0.9704   0.8808   0.7380   0.2421   0.2981
GA_00_00_R4             0.9951   0.9508   0.9768   0.9098   0.7738   0.3173   0.3805
GA_00_00_R6             0.9968   0.9647   0.9781   0.9165   0.7867   0.3480   0.4123
GA_00_00_R8             0.9978   0.9709   0.9795   0.9196   0.7917   0.3647   0.4287
GA_10_05_R10            0.9986   0.9672   0.9486   0.8468   0.7398   0.2921   0.3428
GA_10_05_R2             0.9926   0.9429   0.9605   0.8924   0.7663   0.2912   0.3549
GA_10_05_R4             0.9968   0.9623   0.9483   0.8687   0.7644   0.3067   0.3675
GA_10_05_R6             0.9978   0.9670   0.9463   0.8549   0.7538   0.3028   0.3593
GA_10_05_R8             0.9984   0.9678   0.9469   0.8494   0.7457   0.2968   0.3498
GA_10_10_R10            0.9989   0.9586   0.9385   0.8255   0.7200   0.2673   0.3113
GA_10_10_R2             0.9931   0.9502   0.9569   0.8891   0.7713   0.3008   0.3662
GA_10_10_R4             0.9973   0.9660   0.9398   0.8542   0.7557   0.3021   0.3598
GA_10_10_R6             0.9984   0.9669   0.9368   0.8359   0.7383   0.2886   0.3400
GA_10_10_R8             0.9987   0.9637   0.9372   0.8277   0.7267   0.2764   0.3233
GA_10_20_R10            0.9956   0.9213   0.9281   0.8015   0.6979   0.2131   0.2552
GA_10_20_R2             0.9916   0.9389   0.9514   0.8783   0.7580   0.2723   0.3344
GA_10_20_R4             0.9952   0.9427   0.9291   0.8324   0.7328   0.2519   0.3047
GA_10_20_R6             0.9955   0.9356   0.9257   0.8120   0.7140   0.2327   0.2799
GA_10_20_R8             0.9955   0.9282   0.9264   0.8033   0.7029   0.2205   0.2644
GA_20_00_R10            0.9947   0.9434   0.9755   0.8980   0.7614   0.2951   0.3543
GA_20_00_R2             0.9877   0.8994   0.9653   0.8669   0.7247   0.2210   0.2714
GA_20_00_R4             0.9919   0.9250   0.9693   0.8843   0.7454   0.2593   0.3154
GA_20_00_R6             0.9935   0.9343   0.9716   0.8898   0.7530   0.2757   0.3334
GA_20_00_R8             0.9943   0.9393   0.9737   0.8942   0.7578   0.2862   0.3448
MultHadronThrust        1.0000   0.9952   0.9971   0.9825   0.8847   0.6088   0.6686
MultHardThrust          0.9987   0.9715   0.9879   0.9444   0.8053   0.4015   0.4631
MultIntermediasThrust   0.9994   0.9866   0.9943   0.9655   0.8392   0.4840   0.5473
MultShowerThrust        0.9994   0.9831   0.9914   0.9544   0.8264   0.4521   0.5158
Thrust                  0.9982   0.9121   0.9453   0.8189   0.7004   0.2215   0.2593
Thrust_log              0.9983   0.9119   0.9454   0.8190   0.7005   0.2210   0.2589
log_GA_00_00_R10        0.9983   0.9745   0.9810   0.9222   0.7956   0.3762   0.4398
log_GA_00_00_R2         0.9880   0.9118   0.9704   0.8808   0.7380   0.2421   0.2981
log_GA_00_00_R4         0.9951   0.9508   0.9768   0.9098   0.7738   0.3173   0.3805
log_GA_00_00_R6         0.9968   0.9647   0.9781   0.9165   0.7867   0.3480   0.4123
log_GA_00_00_R8         0.9978   0.9709   0.9795   0.9196   0.7917   0.3647   0.4287
log_GA_10_05_R10        0.9986   0.9669   0.9486   0.8468   0.7397   0.2917   0.3424
log_GA_10_05_R2         0.9926   0.9427   0.9604   0.8921   0.7663   0.2900   0.3539
log_GA_10_05_R4         0.9967   0.9620   0.9483   0.8686   0.7644   0.3060   0.3669
log_GA_10_05_R6         0.9978   0.9668   0.9463   0.8548   0.7537   0.3022   0.3587
log_GA_10_05_R8         0.9984   0.9675   0.9469   0.8491   0.7456   0.2963   0.3494
log_GA_10_10_R10        0.9990   0.9587   0.9383   0.8253   0.7200   0.2670   0.3111
log_GA_10_10_R2         0.9931   0.9501   0.9567   0.8888   0.7710   0.3001   0.3653
log_GA_10_10_R4         0.9973   0.9658   0.9398   0.8542   0.7555   0.3017   0.3594
log_GA_10_10_R6         0.9984   0.9668   0.9368   0.8358   0.7383   0.2883   0.3397
log_GA_10_10_R8         0.9987   0.9636   0.9372   0.8276   0.7267   0.2761   0.3230
log_GA_10_20_R10        0.9959   0.9213   0.9281   0.8015   0.6979   0.2133   0.2552
log_GA_10_20_R2         0.9916   0.9390   0.9512   0.8780   0.7578   0.2720   0.3339
log_GA_10_20_R4         0.9952   0.9429   0.9289   0.8322   0.7330   0.2518   0.3044
log_GA_10_20_R6         0.9956   0.9359   0.9256   0.8119   0.7139   0.2327   0.2798
log_GA_10_20_R8         0.9955   0.9283   0.9263   0.8033   0.7029   0.2205   0.2643
log_GA_20_00_R10        0.9947   0.9433   0.9754   0.8979   0.7613   0.2949   0.3542
log_GA_20_00_R2         0.9876   0.8994   0.9653   0.8668   0.7246   0.2199   0.2708
log_GA_20_00_R4         0.9919   0.9249   0.9693   0.8841   0.7452   0.2588   0.3151
log_GA_20_00_R6         0.9935   0.9343   0.9717   0.8898   0.7529   0.2754   0.3333
log_GA_20_00_R8         0.9943   0.9393   0.9737   0.8942   0.7578   0.2860   0.3447
