#observable           g^rej_20 g^rej_50 q^rej_20 q^rej_50 s^rej    I1/2     I1/2''  
GA_00_00_R10            0.9702   0.8825   0.9725   0.8779   0.7263   0.2089   0.2648
GA_00_00_R2             0.9275   0.7755   0.9533   0.8042   0.6626   0.1071   0.1412
GA_00_00_R4             0.9494   0.8287   0.9630   0.8423   0.6905   0.1492   0.1939
GA_00_00_R6             0.9587   0.8534   0.9675   0.8588   0.7067   0.1736   0.2234
GA_00_00_R8             0.9657   0.8731   0.9699   0.8690   0.7176   0.1922   0.2455
GA_10_05_R10            0.9785   0.8833   0.9474   0.8286   0.7036   0.1768   0.2251
GA_10_05_R2             0.9376   0.7972   0.9380   0.7939   0.6642   0.1036   0.1377
GA_10_05_R4             0.9595   0.8416   0.9405   0.8125   0.6858   0.1362   0.1784
GA_10_05_R6             0.9687   0.8618   0.9429   0.8193   0.6937   0.1535   0.1988
GA_10_05_R8             0.9742   0.8739   0.9452   0.8231   0.6992   0.1659   0.2129
GA_10_10_R10            0.9808   0.8782   0.9401   0.8143   0.6933   0.1684   0.2134
GA_10_10_R2             0.9386   0.8036   0.9336   0.7885   0.6653   0.1035   0.1378
GA_10_10_R4             0.9620   0.8463   0.9336   0.8020   0.6816   0.1338   0.1750
GA_10_10_R6             0.9714   0.8617   0.9364   0.8053   0.6869   0.1489   0.1922
GA_10_10_R8             0.9767   0.8707   0.9378   0.8091   0.6902   0.1591   0.2034
GA_10_20_R10            0.9750   0.8484   0.9328   0.7939   0.6763   0.1401   0.1794
GA_10_20_R2             0.9368   0.7864   0.9257   0.7688   0.6506   0.0890   0.1189
GA_10_20_R4             0.9596   0.8181   0.9253   0.7805   0.6647   0.1118   0.1469
GA_10_20_R6             0.9675   0.8330   0.9280   0.7840   0.6694   0.1240   0.1611
GA_10_20_R8             0.9715   0.8415   0.9299   0.7880   0.6726   0.1321   0.1704
GA_20_00_R10            0.9699   0.8456   0.9650   0.8468   0.6966   0.1652   0.2105
GA_20_00_R2             0.9364   0.7793   0.9481   0.7872   0.6520   0.1000   0.1317
GA_20_00_R4             0.9555   0.8120   0.9553   0.8181   0.6738   0.1288   0.1674
GA_20_00_R6             0.9623   0.8266   0.9599   0.8305   0.6843   0.1441   0.1859
GA_20_00_R8             0.9667   0.8371   0.9626   0.8395   0.6912   0.1554   0.1991
MultHadronThrust        0.9859   0.9361   0.9929   0.9471   0.7898   0.3457   0.4131
MultHardThrust          0.9662   0.8685   0.9787   0.8885   0.7230   0.2091   0.2614
MultIntermediasThrust   0.9782   0.9120   0.9881   0.9252   0.7633   0.2833   0.3471
MultShowerThrust        0.9673   0.8769   0.9832   0.8974   0.7320   0.2219   0.2775
Thrust                  0.9930   0.9030   0.9504   0.8336   0.7083   0.2089   0.2533
Thrust_log              0.9930   0.9031   0.9505   0.8336   0.7083   0.2085   0.2528
log_GA_00_00_R10        0.9702   0.8825   0.9725   0.8779   0.7263   0.2089   0.2648
log_GA_00_00_R2         0.9275   0.7755   0.9533   0.8042   0.6626   0.1071   0.1412
log_GA_00_00_R4         0.9494   0.8287   0.9630   0.8423   0.6905   0.1492   0.1939
log_GA_00_00_R6         0.9587   0.8534   0.9675   0.8588   0.7067   0.1736   0.2234
log_GA_00_00_R8         0.9657   0.8731   0.9699   0.8690   0.7176   0.1922   0.2455
log_GA_10_05_R10        0.9785   0.8832   0.9473   0.8286   0.7036   0.1768   0.2250
log_GA_10_05_R2         0.9375   0.7972   0.9380   0.7940   0.6642   0.1049   0.1390
log_GA_10_05_R4         0.9595   0.8418   0.9406   0.8125   0.6858   0.1367   0.1787
log_GA_10_05_R6         0.9686   0.8616   0.9429   0.8192   0.6937   0.1537   0.1989
log_GA_10_05_R8         0.9743   0.8739   0.9451   0.8231   0.6992   0.1659   0.2129
log_GA_10_10_R10        0.9808   0.8773   0.9385   0.8127   0.6924   0.1684   0.2133
log_GA_10_10_R2         0.9410   0.7967   0.9135   0.7708   0.6580   0.1037   0.1379
log_GA_10_10_R4         0.9627   0.8433   0.9263   0.7951   0.6780   0.1338   0.1749
log_GA_10_10_R6         0.9718   0.8601   0.9326   0.8017   0.6850   0.1489   0.1921
log_GA_10_10_R8         0.9770   0.8697   0.9354   0.8067   0.6891   0.1591   0.2033
log_GA_10_20_R10        0.9752   0.8474   0.9311   0.7924   0.6755   0.1403   0.1794
log_GA_10_20_R2         0.9389   0.7785   0.9062   0.7517   0.6426   0.0895   0.1193
log_GA_10_20_R4         0.9598   0.8143   0.9181   0.7737   0.6613   0.1121   0.1471
log_GA_10_20_R6         0.9677   0.8313   0.9243   0.7805   0.6676   0.1245   0.1614
log_GA_10_20_R8         0.9720   0.8402   0.9276   0.7857   0.6714   0.1325   0.1706
log_GA_20_00_R10        0.9700   0.8456   0.9651   0.8469   0.6966   0.1647   0.2100
log_GA_20_00_R2         0.9364   0.7793   0.9481   0.7871   0.6518   0.0987   0.1303
log_GA_20_00_R4         0.9554   0.8119   0.9553   0.8180   0.6738   0.1279   0.1666
log_GA_20_00_R6         0.9623   0.8266   0.9598   0.8305   0.6843   0.1436   0.1853
log_GA_20_00_R8         0.9667   0.8370   0.9626   0.8394   0.6911   0.1549   0.1986
