#observable           g^rej_20 g^rej_50 q^rej_20 q^rej_50 s^rej    I1/2     I1/2''  
GA_00_00_R10            0.9496   0.8124   0.9374   0.7966   0.6690   0.1129   0.1491
GA_00_00_R2             0.9447   0.7416   0.9050   0.7230   0.6222   0.0710   0.0917
GA_00_00_R4             0.9377   0.7652   0.9138   0.7487   0.6378   0.0782   0.1036
GA_00_00_R6             0.9421   0.7841   0.9239   0.7700   0.6512   0.0906   0.1205
GA_00_00_R8             0.9457   0.7992   0.9316   0.7842   0.6607   0.1020   0.1352
GA_10_05_R10            0.9714   0.8404   0.9294   0.7856   0.6717   0.1317   0.1691
GA_10_05_R2             0.9680   0.8033   0.9253   0.7713   0.6551   0.1130   0.1433
GA_10_05_R4             0.9652   0.8150   0.9233   0.7739   0.6614   0.1143   0.1468
GA_10_05_R6             0.9670   0.8265   0.9261   0.7785   0.6659   0.1210   0.1558
GA_10_05_R8             0.9693   0.8347   0.9278   0.7820   0.6690   0.1267   0.1629
GA_10_10_R10            0.9577   0.8214   0.9224   0.7725   0.6616   0.1100   0.1447
GA_10_10_R2             0.9550   0.7854   0.9215   0.7658   0.6492   0.0986   0.1265
GA_10_10_R4             0.9456   0.7938   0.9168   0.7612   0.6515   0.0924   0.1221
GA_10_10_R6             0.9492   0.8051   0.9200   0.7645   0.6559   0.0983   0.1302
GA_10_10_R8             0.9535   0.8140   0.9209   0.7689   0.6588   0.1043   0.1377
GA_10_20_R10            0.9278   0.7856   0.9155   0.7594   0.6495   0.0848   0.1137
GA_10_20_R2             0.9212   0.7381   0.9150   0.7369   0.6270   0.0682   0.0889
GA_10_20_R4             0.9071   0.7375   0.9091   0.7329   0.6265   0.0599   0.0807
GA_10_20_R6             0.9137   0.7566   0.9128   0.7448   0.6356   0.0682   0.0921
GA_10_20_R8             0.9207   0.7722   0.9146   0.7536   0.6437   0.0771   0.1037
GA_20_00_R10            0.9738   0.8261   0.9423   0.7964   0.6699   0.1339   0.1692
GA_20_00_R2             0.9669   0.7775   0.9151   0.7406   0.6361   0.0965   0.1219
GA_20_00_R4             0.9680   0.7937   0.9238   0.7607   0.6483   0.1068   0.1354
GA_20_00_R6             0.9703   0.8078   0.9318   0.7762   0.6575   0.1175   0.1489
GA_20_00_R8             0.9725   0.8170   0.9377   0.7872   0.6639   0.1260   0.1595
MultHadronThrust        0.9494   0.8088   0.9376   0.7947   0.6669   0.1109   0.1466
MultHardThrust          0.9792   0.8790   0.9681   0.8639   0.7151   0.2009   0.2508
MultIntermediasThrust   0.9677   0.8431   0.9325   0.8150   0.6851   0.1466   0.1893
MultShowerThrust        0.9769   0.8822   0.9701   0.8689   0.7203   0.2041   0.2564
Thrust                  0.9692   0.8393   0.9350   0.7874   0.6703   0.1322   0.1703
Thrust_log              0.9691   0.8391   0.9349   0.7874   0.6703   0.1318   0.1699
log_GA_00_00_R10        0.9496   0.8124   0.9374   0.7966   0.6690   0.1128   0.1491
log_GA_00_00_R2         0.9447   0.7416   0.9050   0.7230   0.6222   0.0710   0.0917
log_GA_00_00_R4         0.9377   0.7652   0.9138   0.7487   0.6378   0.0782   0.1036
log_GA_00_00_R6         0.9421   0.7841   0.9239   0.7700   0.6512   0.0906   0.1205
log_GA_00_00_R8         0.9457   0.7992   0.9316   0.7842   0.6607   0.1020   0.1352
log_GA_10_05_R10        0.9714   0.8404   0.9295   0.7855   0.6716   0.1314   0.1687
log_GA_10_05_R2         0.9680   0.8030   0.9255   0.7712   0.6552   0.1123   0.1426
log_GA_10_05_R4         0.9651   0.8149   0.9233   0.7737   0.6612   0.1138   0.1463
log_GA_10_05_R6         0.9669   0.8265   0.9262   0.7786   0.6658   0.1206   0.1554
log_GA_10_05_R8         0.9692   0.8345   0.9279   0.7821   0.6689   0.1262   0.1624
log_GA_10_10_R10        0.9577   0.8213   0.9224   0.7725   0.6617   0.1097   0.1445
log_GA_10_10_R2         0.9551   0.7852   0.9216   0.7659   0.6492   0.0981   0.1259
log_GA_10_10_R4         0.9456   0.7940   0.9169   0.7611   0.6515   0.0922   0.1217
log_GA_10_10_R6         0.9493   0.8051   0.9199   0.7646   0.6559   0.0981   0.1299
log_GA_10_10_R8         0.9535   0.8140   0.9209   0.7689   0.6587   0.1040   0.1375
log_GA_10_20_R10        0.9278   0.7858   0.9156   0.7594   0.6495   0.0852   0.1142
log_GA_10_20_R2         0.9212   0.7379   0.9151   0.7367   0.6270   0.0679   0.0884
log_GA_10_20_R4         0.9073   0.7375   0.9091   0.7329   0.6265   0.0600   0.0807
log_GA_10_20_R6         0.9137   0.7568   0.9129   0.7449   0.6357   0.0689   0.0929
log_GA_10_20_R8         0.9208   0.7723   0.9146   0.7534   0.6437   0.0776   0.1043
log_GA_20_00_R10        0.9738   0.8258   0.9423   0.7963   0.6698   0.1336   0.1690
log_GA_20_00_R2         0.9668   0.7774   0.9151   0.7407   0.6359   0.0958   0.1214
log_GA_20_00_R4         0.9681   0.7936   0.9238   0.7607   0.6483   0.1064   0.1351
log_GA_20_00_R6         0.9703   0.8077   0.9319   0.7764   0.6575   0.1172   0.1487
log_GA_20_00_R8         0.9725   0.8169   0.9378   0.7871   0.6639   0.1258   0.1594
