#observable           g^rej_20 g^rej_50 q^rej_20 q^rej_50 s^rej    I1/2     I1/2''  
GA_00_00_R10            0.9381   0.7698   0.9006   0.7412   0.6370   0.0768   0.1027
GA_00_00_R2             0.9327   0.7050   0.8775   0.6795   0.5989   0.0496   0.0649
GA_00_00_R4             0.9257   0.7196   0.8750   0.6913   0.6072   0.0520   0.0693
GA_00_00_R6             0.9296   0.7401   0.8845   0.7107   0.6186   0.0601   0.0806
GA_00_00_R8             0.9336   0.7557   0.8934   0.7268   0.6285   0.0684   0.0917
GA_10_05_R10            0.9677   0.8362   0.9419   0.7999   0.6741   0.1337   0.1721
GA_10_05_R2             0.9587   0.7783   0.9228   0.7543   0.6420   0.0939   0.1212
GA_10_05_R4             0.9581   0.7950   0.9262   0.7626   0.6507   0.1005   0.1304
GA_10_05_R6             0.9614   0.8117   0.9340   0.7778   0.6600   0.1128   0.1461
GA_10_05_R8             0.9647   0.8248   0.9390   0.7907   0.6674   0.1238   0.1599
GA_10_10_R10            0.9538   0.8211   0.9382   0.7946   0.6685   0.1168   0.1537
GA_10_10_R2             0.9482   0.7681   0.9227   0.7507   0.6385   0.0859   0.1117
GA_10_10_R4             0.9413   0.7798   0.9251   0.7551   0.6441   0.0861   0.1138
GA_10_10_R6             0.9453   0.7953   0.9328   0.7707   0.6533   0.0966   0.1279
GA_10_10_R8             0.9495   0.8092   0.9362   0.7836   0.6613   0.1070   0.1413
GA_10_20_R10            0.9214   0.7805   0.9337   0.7818   0.6542   0.0912   0.1220
GA_10_20_R2             0.9183   0.7276   0.9183   0.7268   0.6207   0.0628   0.0827
GA_10_20_R4             0.9046   0.7294   0.9204   0.7296   0.6216   0.0586   0.0788
GA_10_20_R6             0.9088   0.7470   0.9294   0.7506   0.6332   0.0694   0.0934
GA_10_20_R8             0.9145   0.7642   0.9315   0.7688   0.6450   0.0808   0.1084
GA_20_00_R10            0.9641   0.7936   0.9252   0.7639   0.6493   0.1037   0.1331
GA_20_00_R2             0.9531   0.7408   0.8959   0.7082   0.6163   0.0711   0.0916
GA_20_00_R4             0.9549   0.7546   0.9005   0.7220   0.6249   0.0775   0.1000
GA_20_00_R6             0.9585   0.7698   0.9103   0.7392   0.6345   0.0871   0.1122
GA_20_00_R8             0.9614   0.7830   0.9192   0.7523   0.6421   0.0957   0.1231
MultHadronThrust        0.9340   0.7532   0.9022   0.7323   0.6288   0.0672   0.0902
MultHardThrust          0.9609   0.8222   0.9512   0.8093   0.6721   0.1351   0.1730
MultIntermediasThrust   0.9429   0.7330   0.8322   0.6761   0.6054   0.0749   0.0991
MultShowerThrust        0.9636   0.8264   0.9396   0.8078   0.6760   0.1306   0.1695
Thrust                  0.9676   0.8620   0.9502   0.8285   0.6975   0.1614   0.2074
Thrust_log              0.9676   0.8622   0.9502   0.8286   0.6974   0.1611   0.2073
log_GA_00_00_R10        0.9381   0.7698   0.9006   0.7412   0.6370   0.0767   0.1027
log_GA_00_00_R2         0.9327   0.7050   0.8775   0.6795   0.5989   0.0496   0.0649
log_GA_00_00_R4         0.9257   0.7196   0.8750   0.6913   0.6072   0.0520   0.0693
log_GA_00_00_R6         0.9296   0.7401   0.8845   0.7107   0.6186   0.0601   0.0806
log_GA_00_00_R8         0.9336   0.7557   0.8934   0.7268   0.6285   0.0684   0.0917
log_GA_10_05_R10        0.9676   0.8361   0.9419   0.7999   0.6741   0.1334   0.1718
log_GA_10_05_R2         0.9586   0.7785   0.9227   0.7543   0.6420   0.0933   0.1205
log_GA_10_05_R4         0.9580   0.7950   0.9261   0.7625   0.6505   0.1001   0.1299
log_GA_10_05_R6         0.9614   0.8117   0.9340   0.7778   0.6598   0.1125   0.1457
log_GA_10_05_R8         0.9647   0.8247   0.9389   0.7906   0.6673   0.1234   0.1595
log_GA_10_10_R10        0.9539   0.8211   0.9382   0.7945   0.6684   0.1166   0.1534
log_GA_10_10_R2         0.9482   0.7678   0.9226   0.7509   0.6385   0.0856   0.1112
log_GA_10_10_R4         0.9414   0.7797   0.9250   0.7551   0.6440   0.0857   0.1134
log_GA_10_10_R6         0.9453   0.7950   0.9328   0.7705   0.6532   0.0964   0.1276
log_GA_10_10_R8         0.9496   0.8091   0.9363   0.7836   0.6613   0.1068   0.1411
log_GA_10_20_R10        0.9214   0.7806   0.9337   0.7817   0.6542   0.0918   0.1226
log_GA_10_20_R2         0.9183   0.7276   0.9182   0.7266   0.6207   0.0629   0.0825
log_GA_10_20_R4         0.9046   0.7297   0.9204   0.7297   0.6216   0.0589   0.0789
log_GA_10_20_R6         0.9089   0.7470   0.9293   0.7505   0.6332   0.0701   0.0941
log_GA_10_20_R8         0.9144   0.7645   0.9315   0.7689   0.6450   0.0815   0.1092
log_GA_20_00_R10        0.9641   0.7934   0.9252   0.7636   0.6494   0.1034   0.1330
log_GA_20_00_R2         0.9530   0.7409   0.8959   0.7083   0.6164   0.0702   0.0910
log_GA_20_00_R4         0.9548   0.7546   0.9004   0.7219   0.6248   0.0769   0.0996
log_GA_20_00_R6         0.9586   0.7699   0.9102   0.7392   0.6345   0.0867   0.1120
log_GA_20_00_R8         0.9614   0.7829   0.9191   0.7522   0.6421   0.0953   0.1230
