#observable           g^rej_20 g^rej_50 q^rej_20 q^rej_50 s^rej    I1/2     I1/2''  
GA_00_00_R10            0.9506   0.8130   0.9385   0.7982   0.6693   0.1140   0.1505
GA_00_00_R2             0.9365   0.7257   0.9005   0.7086   0.6137   0.0599   0.0789
GA_00_00_R4             0.9346   0.7581   0.9133   0.7435   0.6341   0.0732   0.0975
GA_00_00_R6             0.9407   0.7800   0.9243   0.7675   0.6485   0.0880   0.1172
GA_00_00_R8             0.9455   0.7974   0.9320   0.7838   0.6597   0.1012   0.1342
GA_10_05_R10            0.9726   0.8526   0.9373   0.8025   0.6821   0.1442   0.1850
GA_10_05_R2             0.9588   0.7890   0.9259   0.7684   0.6504   0.1005   0.1305
GA_10_05_R4             0.9606   0.8151   0.9291   0.7819   0.6646   0.1137   0.1479
GA_10_05_R6             0.9652   0.8310   0.9324   0.7909   0.6720   0.1259   0.1631
GA_10_05_R8             0.9693   0.8434   0.9351   0.7973   0.6778   0.1357   0.1749
GA_10_10_R10            0.9625   0.8399   0.9315   0.7928   0.6749   0.1278   0.1670
GA_10_10_R2             0.9497   0.7780   0.9241   0.7645   0.6470   0.0921   0.1204
GA_10_10_R4             0.9459   0.8023   0.9249   0.7735   0.6584   0.0991   0.1311
GA_10_10_R6             0.9521   0.8188   0.9275   0.7819   0.6646   0.1098   0.1449
GA_10_10_R8             0.9579   0.8306   0.9293   0.7878   0.6702   0.1192   0.1567
GA_10_20_R10            0.9381   0.8078   0.9253   0.7805   0.6634   0.1016   0.1354
GA_10_20_R2             0.9202   0.7382   0.9191   0.7406   0.6279   0.0678   0.0896
GA_10_20_R4             0.9133   0.7538   0.9183   0.7514   0.6365   0.0699   0.0941
GA_10_20_R6             0.9228   0.7741   0.9225   0.7640   0.6474   0.0810   0.1089
GA_10_20_R8             0.9310   0.7923   0.9235   0.7739   0.6567   0.0920   0.1231
GA_20_00_R10            0.9671   0.8152   0.9419   0.7924   0.6660   0.1234   0.1584
GA_20_00_R2             0.9543   0.7551   0.9089   0.7262   0.6249   0.0784   0.1016
GA_20_00_R4             0.9581   0.7771   0.9215   0.7540   0.6411   0.0923   0.1198
GA_20_00_R6             0.9615   0.7940   0.9307   0.7715   0.6514   0.1047   0.1353
GA_20_00_R8             0.9647   0.8054   0.9369   0.7826   0.6593   0.1145   0.1474
MultHadronThrust        0.9521   0.8035   0.9348   0.7961   0.6656   0.1096   0.1447
MultHardThrust          0.9676   0.8477   0.9630   0.8453   0.6952   0.1656   0.2103
MultIntermediasThrust   0.9656   0.8363   0.9313   0.8096   0.6817   0.1397   0.1811
MultShowerThrust        0.9678   0.8543   0.9622   0.8478   0.7010   0.1685   0.2154
Thrust                  0.9771   0.8686   0.9479   0.8139   0.6894   0.1629   0.2067
Thrust_log              0.9771   0.8685   0.9478   0.8138   0.6894   0.1625   0.2064
log_GA_00_00_R10        0.9506   0.8130   0.9385   0.7982   0.6693   0.1140   0.1505
log_GA_00_00_R2         0.9365   0.7257   0.9005   0.7086   0.6137   0.0599   0.0789
log_GA_00_00_R4         0.9346   0.7581   0.9133   0.7435   0.6341   0.0732   0.0975
log_GA_00_00_R6         0.9407   0.7800   0.9243   0.7675   0.6485   0.0880   0.1171
log_GA_00_00_R8         0.9455   0.7974   0.9320   0.7838   0.6597   0.1012   0.1342
log_GA_10_05_R10        0.9726   0.8524   0.9372   0.8027   0.6821   0.1439   0.1847
log_GA_10_05_R2         0.9589   0.7888   0.9259   0.7684   0.6503   0.0998   0.1298
log_GA_10_05_R4         0.9606   0.8147   0.9290   0.7816   0.6644   0.1132   0.1474
log_GA_10_05_R6         0.9652   0.8310   0.9324   0.7909   0.6720   0.1255   0.1627
log_GA_10_05_R8         0.9693   0.8433   0.9350   0.7972   0.6777   0.1353   0.1745
log_GA_10_10_R10        0.9625   0.8399   0.9314   0.7928   0.6748   0.1276   0.1668
log_GA_10_10_R2         0.9496   0.7778   0.9242   0.7643   0.6467   0.0917   0.1198
log_GA_10_10_R4         0.9460   0.8016   0.9248   0.7735   0.6583   0.0988   0.1308
log_GA_10_10_R6         0.9521   0.8186   0.9275   0.7816   0.6646   0.1096   0.1447
log_GA_10_10_R8         0.9580   0.8306   0.9293   0.7876   0.6701   0.1190   0.1564
log_GA_10_20_R10        0.9383   0.8078   0.9253   0.7806   0.6634   0.1020   0.1359
log_GA_10_20_R2         0.9203   0.7383   0.9191   0.7406   0.6279   0.0677   0.0893
log_GA_10_20_R4         0.9134   0.7538   0.9184   0.7512   0.6365   0.0700   0.0940
log_GA_10_20_R6         0.9228   0.7740   0.9224   0.7640   0.6474   0.0815   0.1094
log_GA_10_20_R8         0.9309   0.7923   0.9235   0.7739   0.6566   0.0923   0.1235
log_GA_20_00_R10        0.9671   0.8151   0.9419   0.7923   0.6660   0.1231   0.1582
log_GA_20_00_R2         0.9544   0.7553   0.9091   0.7260   0.6250   0.0772   0.1008
log_GA_20_00_R4         0.9580   0.7770   0.9214   0.7541   0.6409   0.0917   0.1194
log_GA_20_00_R6         0.9615   0.7936   0.9308   0.7711   0.6514   0.1042   0.1350
log_GA_20_00_R8         0.9647   0.8054   0.9368   0.7825   0.6593   0.1141   0.1472
