#observable           g^rej_20 g^rej_50 q^rej_20 q^rej_50 s^rej    I1/2     I1/2''  
GA_00_00_R10            0.9971   0.9838   0.9993   0.9924   0.8764   0.5791   0.6429
GA_00_00_R2             0.9932   0.9691   0.9995   0.9901   0.8587   0.5243   0.5923
GA_00_00_R4             0.9946   0.9750   0.9990   0.9901   0.8655   0.5432   0.6114
GA_00_00_R6             0.9957   0.9791   0.9991   0.9912   0.8702   0.5580   0.6246
GA_00_00_R8             0.9965   0.9817   0.9992   0.9917   0.8737   0.5693   0.6346
GA_10_05_R10            0.8901   0.6931   0.8966   0.6954   0.6022   0.0381   0.0520
GA_10_05_R2             0.8038   0.5379   0.8679   0.5449   0.5208   0.0095   0.0129
GA_10_05_R4             0.8401   0.6114   0.8859   0.6319   0.5616   0.0179   0.0246
GA_10_05_R6             0.8623   0.6500   0.8906   0.6662   0.5816   0.0255   0.0350
GA_10_05_R8             0.8779   0.6748   0.8938   0.6839   0.5936   0.0321   0.0439
GA_10_10_R10            0.8919   0.7099   0.9002   0.7058   0.6097   0.0448   0.0611
GA_10_10_R2             0.7509   0.5218   0.8740   0.5302   0.5128   0.0183   0.0250
GA_10_10_R4             0.8165   0.6169   0.8916   0.6448   0.5663   0.0253   0.0346
GA_10_10_R6             0.8523   0.6614   0.8947   0.6802   0.5897   0.0324   0.0443
GA_10_10_R8             0.8756   0.6906   0.8977   0.6964   0.6018   0.0389   0.0531
GA_10_20_R10            0.8925   0.7083   0.9007   0.7071   0.6109   0.0434   0.0592
GA_10_20_R2             0.7688   0.5341   0.8862   0.5476   0.5201   0.0191   0.0261
GA_10_20_R4             0.8307   0.6238   0.8968   0.6559   0.5709   0.0256   0.0350
GA_10_20_R6             0.8604   0.6654   0.8970   0.6870   0.5921   0.0321   0.0439
GA_10_20_R8             0.8792   0.6905   0.8993   0.7010   0.6038   0.0381   0.0521
GA_20_00_R10            0.9826   0.8975   0.9872   0.9058   0.7395   0.2530   0.3071
GA_20_00_R2             0.9799   0.8891   0.9896   0.9100   0.7368   0.2504   0.3032
GA_20_00_R4             0.9806   0.8907   0.9883   0.9069   0.7365   0.2486   0.3018
GA_20_00_R6             0.9810   0.8933   0.9878   0.9061   0.7374   0.2496   0.3031
GA_20_00_R8             0.9818   0.8954   0.9874   0.9056   0.7382   0.2509   0.3047
MultHadronThrust        0.9988   0.9894   0.9985   0.9887   0.8854   0.6163   0.6746
MultHardThrust          0.9998   0.9985   1.0000   0.9999   0.9597   0.8519   0.8819
MultIntermediasThrust   0.9997   0.9980   0.9987   0.9964   0.9435   0.7808   0.8285
MultShowerThrust        0.9998   0.9989   1.0000   1.0000   0.9645   0.8663   0.8946
Thrust                  0.9531   0.7866   0.9182   0.7465   0.6412   0.0898   0.1184
Thrust_log              0.9531   0.7864   0.9183   0.7464   0.6412   0.0894   0.1179
log_GA_00_00_R10        0.9971   0.9838   0.9993   0.9924   0.8764   0.5790   0.6429
log_GA_00_00_R2         0.9932   0.9691   0.9995   0.9901   0.8587   0.5243   0.5923
log_GA_00_00_R4         0.9946   0.9750   0.9990   0.9901   0.8655   0.5432   0.6114
log_GA_00_00_R6         0.9957   0.9791   0.9991   0.9912   0.8702   0.5580   0.6246
log_GA_00_00_R8         0.9965   0.9817   0.9992   0.9917   0.8737   0.5693   0.6346
log_GA_10_05_R10        0.8901   0.6932   0.8966   0.6954   0.6022   0.0377   0.0516
log_GA_10_05_R2         0.8035   0.5379   0.8680   0.5450   0.5207   0.0091   0.0124
log_GA_10_05_R4         0.8401   0.6112   0.8860   0.6320   0.5615   0.0176   0.0242
log_GA_10_05_R6         0.8621   0.6499   0.8906   0.6660   0.5817   0.0252   0.0345
log_GA_10_05_R8         0.8778   0.6747   0.8939   0.6836   0.5936   0.0318   0.0435
log_GA_10_10_R10        0.8919   0.7098   0.9001   0.7057   0.6097   0.0447   0.0609
log_GA_10_10_R2         0.7512   0.5219   0.8739   0.5302   0.5127   0.0180   0.0246
log_GA_10_10_R4         0.8166   0.6170   0.8915   0.6449   0.5664   0.0251   0.0344
log_GA_10_10_R6         0.8523   0.6616   0.8946   0.6802   0.5897   0.0322   0.0441
log_GA_10_10_R8         0.8756   0.6906   0.8978   0.6963   0.6019   0.0387   0.0529
log_GA_10_20_R10        0.8924   0.7084   0.9006   0.7070   0.6111   0.0436   0.0595
log_GA_10_20_R2         0.7686   0.5341   0.8862   0.5476   0.5200   0.0193   0.0263
log_GA_10_20_R4         0.8303   0.6241   0.8968   0.6556   0.5709   0.0258   0.0353
log_GA_10_20_R6         0.8601   0.6655   0.8969   0.6872   0.5923   0.0323   0.0442
log_GA_10_20_R8         0.8792   0.6906   0.8993   0.7009   0.6039   0.0383   0.0524
log_GA_20_00_R10        0.9825   0.8975   0.9873   0.9060   0.7396   0.2527   0.3069
log_GA_20_00_R2         0.9799   0.8892   0.9897   0.9099   0.7368   0.2498   0.3029
log_GA_20_00_R4         0.9806   0.8906   0.9882   0.9068   0.7364   0.2482   0.3016
log_GA_20_00_R6         0.9810   0.8933   0.9878   0.9061   0.7373   0.2493   0.3030
log_GA_20_00_R8         0.9818   0.8955   0.9874   0.9056   0.7381   0.2505   0.3045
