#observable           g^rej_20 g^rej_50 q^rej_20 q^rej_50 s^rej    I1/2     I1/2''  
GA_00_00_R10            0.9707   0.8654   0.9580   0.8440   0.7037   0.1707   0.2192
GA_00_00_R2             0.9364   0.7770   0.9254   0.7664   0.6469   0.0855   0.1142
GA_00_00_R4             0.9513   0.8163   0.9419   0.8033   0.6717   0.1181   0.1556
GA_00_00_R6             0.9600   0.8379   0.9502   0.8226   0.6855   0.1398   0.1822
GA_00_00_R8             0.9663   0.8533   0.9542   0.8351   0.6957   0.1566   0.2025
GA_10_05_R10            0.9827   0.8700   0.9364   0.8049   0.6869   0.1621   0.2040
GA_10_05_R2             0.9625   0.8234   0.9283   0.7824   0.6674   0.1178   0.1535
GA_10_05_R4             0.9719   0.8478   0.9316   0.7935   0.6771   0.1377   0.1772
GA_10_05_R6             0.9769   0.8581   0.9336   0.7977   0.6815   0.1479   0.1887
GA_10_05_R8             0.9802   0.8644   0.9347   0.8019   0.6846   0.1560   0.1975
GA_10_10_R10            0.9798   0.8597   0.9295   0.7916   0.6780   0.1482   0.1882
GA_10_10_R2             0.9518   0.8110   0.9223   0.7711   0.6595   0.1031   0.1364
GA_10_10_R4             0.9648   0.8360   0.9256   0.7822   0.6693   0.1235   0.1610
GA_10_10_R6             0.9722   0.8463   0.9268   0.7859   0.6734   0.1343   0.1733
GA_10_10_R8             0.9766   0.8534   0.9280   0.7895   0.6761   0.1423   0.1819
GA_10_20_R10            0.9674   0.8428   0.9227   0.7774   0.6693   0.1265   0.1646
GA_10_20_R2             0.9218   0.7723   0.9155   0.7557   0.6440   0.0774   0.1042
GA_10_20_R4             0.9436   0.8103   0.9191   0.7701   0.6598   0.1005   0.1336
GA_10_20_R6             0.9547   0.8270   0.9202   0.7737   0.6644   0.1122   0.1480
GA_10_20_R8             0.9617   0.8381   0.9212   0.7760   0.6664   0.1204   0.1576
GA_20_00_R10            0.9706   0.8394   0.9526   0.8187   0.6823   0.1464   0.1869
GA_20_00_R2             0.9563   0.7890   0.9308   0.7685   0.6499   0.1001   0.1301
GA_20_00_R4             0.9626   0.8120   0.9416   0.7915   0.6647   0.1197   0.1545
GA_20_00_R6             0.9663   0.8241   0.9472   0.8041   0.6723   0.1310   0.1683
GA_20_00_R8             0.9687   0.8326   0.9502   0.8123   0.6778   0.1396   0.1786
MultHadronThrust        0.9617   0.8414   0.9538   0.8300   0.6841   0.1525   0.1951
MultHardThrust          0.9688   0.8617   0.9718   0.8668   0.7121   0.2012   0.2473
MultIntermediasThrust   0.9856   0.9143   0.9790   0.9066   0.7500   0.2659   0.3259
MultShowerThrust        0.9761   0.8900   0.9812   0.8909   0.7316   0.2324   0.2867
Thrust                  0.9870   0.8729   0.9420   0.8041   0.6856   0.1712   0.2116
Thrust_log              0.9870   0.8728   0.9419   0.8040   0.6857   0.1705   0.2110
log_GA_00_00_R10        0.9707   0.8654   0.9579   0.8440   0.7037   0.1707   0.2191
log_GA_00_00_R2         0.9364   0.7770   0.9254   0.7664   0.6469   0.0855   0.1142
log_GA_00_00_R4         0.9513   0.8163   0.9419   0.8033   0.6717   0.1180   0.1556
log_GA_00_00_R6         0.9600   0.8379   0.9502   0.8226   0.6855   0.1397   0.1822
log_GA_00_00_R8         0.9663   0.8533   0.9542   0.8351   0.6957   0.1566   0.2024
log_GA_10_05_R10        0.9827   0.8698   0.9364   0.8049   0.6869   0.1616   0.2036
log_GA_10_05_R2         0.9623   0.8233   0.9282   0.7825   0.6673   0.1172   0.1528
log_GA_10_05_R4         0.9719   0.8476   0.9315   0.7935   0.6769   0.1369   0.1764
log_GA_10_05_R6         0.9769   0.8580   0.9335   0.7976   0.6814   0.1475   0.1882
log_GA_10_05_R8         0.9802   0.8645   0.9347   0.8019   0.6846   0.1555   0.1970
log_GA_10_10_R10        0.9799   0.8597   0.9294   0.7916   0.6780   0.1481   0.1881
log_GA_10_10_R2         0.9517   0.8109   0.9224   0.7711   0.6594   0.1026   0.1358
log_GA_10_10_R4         0.9649   0.8361   0.9255   0.7823   0.6693   0.1231   0.1606
log_GA_10_10_R6         0.9722   0.8464   0.9267   0.7860   0.6734   0.1340   0.1729
log_GA_10_10_R8         0.9766   0.8533   0.9278   0.7895   0.6760   0.1420   0.1816
log_GA_10_20_R10        0.9674   0.8435   0.9227   0.7775   0.6693   0.1276   0.1656
log_GA_10_20_R2         0.9220   0.7720   0.9154   0.7556   0.6439   0.0776   0.1044
log_GA_10_20_R4         0.9442   0.8109   0.9191   0.7701   0.6599   0.1009   0.1342
log_GA_10_20_R6         0.9555   0.8274   0.9202   0.7737   0.6644   0.1131   0.1490
log_GA_10_20_R8         0.9627   0.8385   0.9212   0.7760   0.6664   0.1215   0.1587
log_GA_20_00_R10        0.9706   0.8394   0.9527   0.8189   0.6823   0.1462   0.1868
log_GA_20_00_R2         0.9563   0.7889   0.9308   0.7685   0.6499   0.0993   0.1296
log_GA_20_00_R4         0.9626   0.8118   0.9418   0.7918   0.6647   0.1192   0.1542
log_GA_20_00_R6         0.9662   0.8241   0.9472   0.8040   0.6722   0.1306   0.1681
log_GA_20_00_R8         0.9687   0.8326   0.9503   0.8122   0.6779   0.1392   0.1785
