#observable           g^rej_20 g^rej_50 q^rej_20 q^rej_50 s^rej    I1/2     I1/2''  
GA_00_00_R10            0.9693   0.8633   0.9616   0.8483   0.7050   0.1724   0.2210
GA_00_00_R2             0.9393   0.7498   0.9201   0.7364   0.6287   0.0729   0.0963
GA_00_00_R4             0.9473   0.7951   0.9394   0.7871   0.6606   0.1043   0.1375
GA_00_00_R6             0.9567   0.8260   0.9499   0.8164   0.6792   0.1311   0.1710
GA_00_00_R8             0.9640   0.8470   0.9570   0.8353   0.6936   0.1535   0.1985
GA_10_05_R10            0.9809   0.8772   0.9402   0.8132   0.6932   0.1676   0.2119
GA_10_05_R2             0.9586   0.8026   0.9286   0.7812   0.6592   0.1080   0.1407
GA_10_05_R4             0.9665   0.8364   0.9301   0.7931   0.6757   0.1289   0.1672
GA_10_05_R6             0.9728   0.8566   0.9346   0.8018   0.6835   0.1453   0.1867
GA_10_05_R8             0.9773   0.8684   0.9380   0.8086   0.6889   0.1577   0.2009
GA_10_10_R10            0.9774   0.8686   0.9342   0.8017   0.6854   0.1546   0.1975
GA_10_10_R2             0.9501   0.7918   0.9246   0.7747   0.6557   0.0989   0.1298
GA_10_10_R4             0.9577   0.8263   0.9244   0.7837   0.6695   0.1163   0.1527
GA_10_10_R6             0.9666   0.8463   0.9282   0.7911   0.6766   0.1320   0.1718
GA_10_10_R8             0.9728   0.8593   0.9317   0.7971   0.6817   0.1446   0.1863
GA_10_20_R10            0.9636   0.8484   0.9273   0.7890   0.6766   0.1306   0.1707
GA_10_20_R2             0.9252   0.7526   0.9176   0.7515   0.6358   0.0735   0.0977
GA_10_20_R4             0.9351   0.7867   0.9173   0.7673   0.6523   0.0876   0.1172
GA_10_20_R6             0.9478   0.8149   0.9217   0.7773   0.6644   0.1050   0.1395
GA_10_20_R8             0.9572   0.8334   0.9250   0.7839   0.6722   0.1194   0.1572
GA_20_00_R10            0.9719   0.8422   0.9543   0.8225   0.6848   0.1507   0.1918
GA_20_00_R2             0.9539   0.7695   0.9229   0.7455   0.6356   0.0879   0.1141
GA_20_00_R4             0.9609   0.7995   0.9376   0.7790   0.6559   0.1097   0.1419
GA_20_00_R6             0.9657   0.8187   0.9460   0.7986   0.6690   0.1272   0.1635
GA_20_00_R8             0.9694   0.8319   0.9511   0.8124   0.6784   0.1402   0.1793
MultHadronThrust        0.9724   0.8766   0.9688   0.8725   0.7216   0.2009   0.2537
MultHardThrust          0.9755   0.8814   0.9762   0.8753   0.7220   0.2105   0.2622
MultIntermediasThrust   0.9816   0.9021   0.9772   0.8963   0.7412   0.2428   0.3011
MultShowerThrust        0.9807   0.8992   0.9802   0.8986   0.7404   0.2421   0.2992
Thrust                  0.9887   0.8902   0.9526   0.8253   0.6997   0.1920   0.2367
Thrust_log              0.9887   0.8901   0.9526   0.8253   0.6997   0.1917   0.2364
log_GA_00_00_R10        0.9693   0.8633   0.9616   0.8483   0.7050   0.1724   0.2210
log_GA_00_00_R2         0.9393   0.7498   0.9201   0.7364   0.6287   0.0729   0.0963
log_GA_00_00_R4         0.9473   0.7951   0.9394   0.7871   0.6606   0.1043   0.1375
log_GA_00_00_R6         0.9567   0.8260   0.9499   0.8164   0.6792   0.1311   0.1710
log_GA_00_00_R8         0.9640   0.8470   0.9570   0.8353   0.6936   0.1535   0.1985
log_GA_10_05_R10        0.9809   0.8771   0.9401   0.8130   0.6932   0.1673   0.2116
log_GA_10_05_R2         0.9587   0.8027   0.9284   0.7810   0.6591   0.1069   0.1396
log_GA_10_05_R4         0.9666   0.8358   0.9301   0.7928   0.6756   0.1283   0.1666
log_GA_10_05_R6         0.9728   0.8563   0.9344   0.8017   0.6832   0.1448   0.1862
log_GA_10_05_R8         0.9773   0.8682   0.9378   0.8086   0.6887   0.1573   0.2005
log_GA_10_10_R10        0.9774   0.8685   0.9342   0.8017   0.6854   0.1544   0.1972
log_GA_10_10_R2         0.9502   0.7918   0.9246   0.7746   0.6555   0.0983   0.1290
log_GA_10_10_R4         0.9578   0.8262   0.9243   0.7837   0.6696   0.1160   0.1523
log_GA_10_10_R6         0.9665   0.8465   0.9282   0.7908   0.6766   0.1318   0.1714
log_GA_10_10_R8         0.9728   0.8593   0.9317   0.7972   0.6817   0.1444   0.1861
log_GA_10_20_R10        0.9638   0.8486   0.9274   0.7889   0.6767   0.1307   0.1708
log_GA_10_20_R2         0.9251   0.7530   0.9177   0.7518   0.6358   0.0734   0.0971
log_GA_10_20_R4         0.9353   0.7867   0.9174   0.7674   0.6523   0.0877   0.1172
log_GA_10_20_R6         0.9478   0.8151   0.9217   0.7772   0.6645   0.1051   0.1395
log_GA_10_20_R8         0.9575   0.8336   0.9249   0.7839   0.6721   0.1194   0.1572
log_GA_20_00_R10        0.9719   0.8420   0.9544   0.8224   0.6848   0.1503   0.1917
log_GA_20_00_R2         0.9538   0.7695   0.9229   0.7457   0.6355   0.0863   0.1130
log_GA_20_00_R4         0.9609   0.7995   0.9376   0.7791   0.6559   0.1090   0.1415
log_GA_20_00_R6         0.9657   0.8188   0.9460   0.7987   0.6689   0.1266   0.1632
log_GA_20_00_R8         0.9692   0.8318   0.9510   0.8122   0.6782   0.1397   0.1790
