#observable           g^rej_20 g^rej_50 q^rej_20 q^rej_50 s^rej    I1/2     I1/2''  
GA_00_00_R10            0.9433   0.7846   0.9250   0.7699   0.6513   0.0915   0.1213
GA_00_00_R2             0.9449   0.7237   0.8966   0.6960   0.6055   0.0625   0.0807
GA_00_00_R4             0.9420   0.7338   0.9030   0.7178   0.6184   0.0653   0.0856
GA_00_00_R6             0.9372   0.7531   0.9095   0.7376   0.6303   0.0725   0.0959
GA_00_00_R8             0.9402   0.7693   0.9173   0.7543   0.6414   0.0815   0.1081
GA_10_05_R10            0.9671   0.8375   0.9358   0.7992   0.6774   0.1332   0.1718
GA_10_05_R2             0.9640   0.7934   0.9283   0.7573   0.6468   0.1053   0.1345
GA_10_05_R4             0.9623   0.7977   0.9294   0.7750   0.6556   0.1083   0.1397
GA_10_05_R6             0.9631   0.8118   0.9308   0.7850   0.6641   0.1158   0.1498
GA_10_05_R8             0.9654   0.8253   0.9333   0.7923   0.6714   0.1243   0.1607
GA_10_10_R10            0.9525   0.8232   0.9314   0.7897   0.6711   0.1164   0.1532
GA_10_10_R2             0.9650   0.7842   0.9289   0.7596   0.6433   0.1032   0.1322
GA_10_10_R4             0.9526   0.7864   0.9273   0.7712   0.6513   0.0986   0.1283
GA_10_10_R6             0.9488   0.7991   0.9271   0.7779   0.6579   0.1017   0.1336
GA_10_10_R8             0.9496   0.8114   0.9295   0.7837   0.6646   0.1082   0.1425
GA_10_20_R10            0.9231   0.7796   0.9267   0.7741   0.6527   0.0872   0.1168
GA_10_20_R2             0.9594   0.7585   0.9257   0.7433   0.6317   0.0894   0.1151
GA_10_20_R4             0.9230   0.7467   0.9223   0.7487   0.6318   0.0731   0.0963
GA_10_20_R6             0.9163   0.7527   0.9217   0.7523   0.6367   0.0721   0.0963
GA_10_20_R8             0.9182   0.7648   0.9243   0.7632   0.6445   0.0783   0.1050
GA_20_00_R10            0.9646   0.8005   0.9323   0.7740   0.6544   0.1105   0.1418
GA_20_00_R2             0.9577   0.7578   0.9061   0.7187   0.6242   0.0827   0.1053
GA_20_00_R4             0.9580   0.7645   0.9139   0.7338   0.6311   0.0852   0.1094
GA_20_00_R6             0.9596   0.7784   0.9197   0.7490   0.6395   0.0932   0.1200
GA_20_00_R8             0.9621   0.7903   0.9266   0.7627   0.6475   0.1018   0.1310
MultHadronThrust        0.9492   0.7989   0.9300   0.7795   0.6586   0.1013   0.1340
MultHardThrust          0.9608   0.8282   0.9547   0.8143   0.6817   0.1415   0.1811
MultIntermediasThrust   0.9499   0.7816   0.8795   0.7342   0.6377   0.0915   0.1208
MultShowerThrust        0.9622   0.8312   0.9487   0.8182   0.6837   0.1413   0.1826
Thrust                  0.9662   0.8589   0.9491   0.8145   0.6890   0.1530   0.1969
Thrust_log              0.9662   0.8589   0.9492   0.8146   0.6890   0.1523   0.1963
log_GA_00_00_R10        0.9433   0.7846   0.9250   0.7699   0.6513   0.0915   0.1213
log_GA_00_00_R2         0.9449   0.7237   0.8966   0.6960   0.6055   0.0625   0.0807
log_GA_00_00_R4         0.9420   0.7338   0.9030   0.7178   0.6184   0.0653   0.0856
log_GA_00_00_R6         0.9372   0.7531   0.9095   0.7376   0.6303   0.0725   0.0959
log_GA_00_00_R8         0.9402   0.7693   0.9173   0.7543   0.6414   0.0815   0.1081
log_GA_10_05_R10        0.9671   0.8373   0.9357   0.7991   0.6775   0.1324   0.1710
log_GA_10_05_R2         0.9639   0.7934   0.9283   0.7573   0.6467   0.1031   0.1322
log_GA_10_05_R4         0.9621   0.7976   0.9291   0.7746   0.6556   0.1073   0.1385
log_GA_10_05_R6         0.9631   0.8114   0.9308   0.7852   0.6638   0.1151   0.1489
log_GA_10_05_R8         0.9654   0.8252   0.9332   0.7923   0.6710   0.1236   0.1599
log_GA_10_10_R10        0.9526   0.8231   0.9315   0.7899   0.6711   0.1159   0.1526
log_GA_10_10_R2         0.9650   0.7843   0.9285   0.7594   0.6435   0.1019   0.1305
log_GA_10_10_R4         0.9526   0.7868   0.9273   0.7715   0.6514   0.0980   0.1276
log_GA_10_10_R6         0.9489   0.7991   0.9274   0.7778   0.6578   0.1012   0.1329
log_GA_10_10_R8         0.9495   0.8116   0.9295   0.7836   0.6645   0.1078   0.1421
log_GA_10_20_R10        0.9231   0.7796   0.9266   0.7742   0.6527   0.0875   0.1170
log_GA_10_20_R2         0.9595   0.7583   0.9257   0.7435   0.6315   0.0894   0.1144
log_GA_10_20_R4         0.9232   0.7468   0.9222   0.7487   0.6318   0.0728   0.0957
log_GA_10_20_R6         0.9164   0.7528   0.9217   0.7524   0.6367   0.0720   0.0960
log_GA_10_20_R8         0.9183   0.7648   0.9242   0.7632   0.6445   0.0785   0.1051
log_GA_20_00_R10        0.9646   0.8005   0.9323   0.7739   0.6544   0.1098   0.1414
log_GA_20_00_R2         0.9580   0.7580   0.9064   0.7188   0.6242   0.0798   0.1031
log_GA_20_00_R4         0.9579   0.7644   0.9139   0.7339   0.6311   0.0839   0.1086
log_GA_20_00_R6         0.9596   0.7786   0.9195   0.7489   0.6397   0.0923   0.1194
log_GA_20_00_R8         0.9621   0.7900   0.9266   0.7621   0.6474   0.1012   0.1305
