#observable           g^rej_20 g^rej_50 q^rej_20 q^rej_50 s^rej    I1/2     I1/2''  
GA_00_00_R10            0.9908   0.9225   0.9591   0.8673   0.7365   0.2407   0.2964
GA_00_00_R2             0.9666   0.8236   0.9299   0.7854   0.6679   0.1210   0.1570
GA_00_00_R4             0.9789   0.8769   0.9421   0.8273   0.7012   0.1719   0.2187
GA_00_00_R6             0.9847   0.8979   0.9500   0.8467   0.7180   0.2020   0.2535
GA_00_00_R8             0.9880   0.9122   0.9546   0.8587   0.7286   0.2233   0.2774
GA_10_05_R10            0.9909   0.9122   0.9407   0.8248   0.7101   0.2081   0.2557
GA_10_05_R2             0.9694   0.8463   0.9370   0.8082   0.6839   0.1416   0.1827
GA_10_05_R4             0.9814   0.8839   0.9375   0.8208   0.7012   0.1754   0.2221
GA_10_05_R6             0.9860   0.8984   0.9384   0.8228   0.7067   0.1909   0.2388
GA_10_05_R8             0.9888   0.9067   0.9395   0.8234   0.7087   0.2005   0.2485
GA_10_10_R10            0.9931   0.9122   0.9347   0.8136   0.7026   0.2054   0.2499
GA_10_10_R2             0.9728   0.8573   0.9353   0.8111   0.6895   0.1506   0.1936
GA_10_10_R4             0.9842   0.8924   0.9332   0.8149   0.7004   0.1805   0.2271
GA_10_10_R6             0.9883   0.9037   0.9332   0.8143   0.7025   0.1928   0.2393
GA_10_10_R8             0.9911   0.9087   0.9337   0.8127   0.7028   0.1998   0.2454
GA_10_20_R10            0.9880   0.8873   0.9281   0.7998   0.6910   0.1767   0.2189
GA_10_20_R2             0.9697   0.8457   0.9311   0.8006   0.6802   0.1385   0.1787
GA_10_20_R4             0.9795   0.8692   0.9265   0.8010   0.6878   0.1567   0.1990
GA_10_20_R6             0.9835   0.8774   0.9260   0.7999   0.6902   0.1657   0.2083
GA_10_20_R8             0.9861   0.8837   0.9263   0.7987   0.6908   0.1714   0.2140
GA_20_00_R10            0.9757   0.8581   0.9515   0.8285   0.6938   0.1620   0.2059
GA_20_00_R2             0.9570   0.7878   0.9260   0.7643   0.6489   0.0983   0.1277
GA_20_00_R4             0.9666   0.8231   0.9380   0.7961   0.6699   0.1257   0.1620
GA_20_00_R6             0.9708   0.8398   0.9443   0.8108   0.6809   0.1414   0.1814
GA_20_00_R8             0.9735   0.8502   0.9484   0.8209   0.6883   0.1527   0.1948
MultHadronThrust        0.9988   0.9757   0.9792   0.9291   0.8046   0.3922   0.4584
MultHardThrust          0.9787   0.8945   0.9755   0.8879   0.7302   0.2283   0.2829
MultIntermediasThrust   0.9940   0.9441   0.9599   0.8934   0.7633   0.2937   0.3556
MultShowerThrust        0.9878   0.9250   0.9804   0.9132   0.7615   0.2836   0.3458
Thrust                  0.9957   0.9054   0.9488   0.8213   0.7022   0.2122   0.2529
Thrust_log              0.9957   0.9055   0.9488   0.8213   0.7022   0.2117   0.2525
log_GA_00_00_R10        0.9908   0.9225   0.9591   0.8673   0.7365   0.2407   0.2964
log_GA_00_00_R2         0.9666   0.8236   0.9299   0.7854   0.6679   0.1210   0.1570
log_GA_00_00_R4         0.9789   0.8769   0.9421   0.8273   0.7012   0.1719   0.2187
log_GA_00_00_R6         0.9847   0.8979   0.9500   0.8467   0.7180   0.2020   0.2535
log_GA_00_00_R8         0.9880   0.9122   0.9546   0.8587   0.7286   0.2233   0.2774
log_GA_10_05_R10        0.9909   0.9121   0.9406   0.8248   0.7100   0.2077   0.2553
log_GA_10_05_R2         0.9693   0.8461   0.9367   0.8083   0.6837   0.1408   0.1818
log_GA_10_05_R4         0.9814   0.8838   0.9375   0.8205   0.7012   0.1749   0.2215
log_GA_10_05_R6         0.9860   0.8985   0.9384   0.8228   0.7066   0.1905   0.2384
log_GA_10_05_R8         0.9888   0.9065   0.9395   0.8234   0.7086   0.2001   0.2480
log_GA_10_10_R10        0.9931   0.9123   0.9346   0.8136   0.7026   0.2051   0.2496
log_GA_10_10_R2         0.9728   0.8575   0.9352   0.8110   0.6894   0.1502   0.1930
log_GA_10_10_R4         0.9842   0.8922   0.9332   0.8148   0.7004   0.1802   0.2267
log_GA_10_10_R6         0.9883   0.9035   0.9332   0.8143   0.7025   0.1926   0.2390
log_GA_10_10_R8         0.9911   0.9089   0.9337   0.8128   0.7027   0.1996   0.2451
log_GA_10_20_R10        0.9882   0.8875   0.9281   0.7998   0.6910   0.1768   0.2188
log_GA_10_20_R2         0.9700   0.8459   0.9309   0.8006   0.6801   0.1385   0.1782
log_GA_10_20_R4         0.9795   0.8691   0.9264   0.8010   0.6877   0.1567   0.1988
log_GA_10_20_R6         0.9835   0.8775   0.9259   0.7998   0.6901   0.1657   0.2081
log_GA_10_20_R8         0.9861   0.8840   0.9262   0.7987   0.6907   0.1715   0.2139
log_GA_20_00_R10        0.9757   0.8581   0.9515   0.8285   0.6938   0.1617   0.2058
log_GA_20_00_R2         0.9569   0.7877   0.9259   0.7642   0.6488   0.0969   0.1267
log_GA_20_00_R4         0.9666   0.8230   0.9381   0.7960   0.6700   0.1250   0.1616
log_GA_20_00_R6         0.9709   0.8398   0.9444   0.8108   0.6808   0.1410   0.1812
log_GA_20_00_R8         0.9736   0.8502   0.9484   0.8209   0.6882   0.1523   0.1946
