#observable           g^rej_20 g^rej_50 q^rej_20 q^rej_50 s^rej    I1/2     I1/2''  
GA_00_00_R10            0.9463   0.7661   0.9143   0.7449   0.6358   0.0821   0.1071
GA_00_00_R2             0.9601   0.7389   0.9030   0.7060   0.6173   0.0762   0.0977
GA_00_00_R4             0.9512   0.7342   0.9000   0.7074   0.6124   0.0711   0.0902
GA_00_00_R6             0.9470   0.7475   0.9058   0.7183   0.6204   0.0738   0.0948
GA_00_00_R8             0.9500   0.7527   0.9094   0.7322   0.6286   0.0771   0.0999
GA_10_05_R10            0.9673   0.8196   0.9366   0.7914   0.6683   0.1247   0.1594
GA_10_05_R2             0.9623   0.8101   0.9307   0.7762   0.6593   0.1185   0.1505
GA_10_05_R4             0.9690   0.8005   0.9305   0.7672   0.6500   0.1119   0.1426
GA_10_05_R6             0.9679   0.8028   0.9325   0.7784   0.6564   0.1152   0.1468
GA_10_05_R8             0.9675   0.8099   0.9340   0.7844   0.6624   0.1190   0.1520
GA_10_10_R10            0.9538   0.8068   0.9348   0.7862   0.6636   0.1111   0.1444
GA_10_10_R2             0.9603   0.8063   0.9268   0.7675   0.6572   0.1137   0.1456
GA_10_10_R4             0.9693   0.7950   0.9310   0.7657   0.6479   0.1104   0.1402
GA_10_10_R6             0.9628   0.7935   0.9312   0.7763   0.6541   0.1088   0.1392
GA_10_10_R8             0.9571   0.7991   0.9328   0.7805   0.6586   0.1086   0.1402
GA_10_20_R10            0.9245   0.7631   0.9293   0.7642   0.6433   0.0816   0.1078
GA_10_20_R2             0.9576   0.7925   0.9201   0.7548   0.6465   0.1014   0.1317
GA_10_20_R4             0.9628   0.7665   0.9282   0.7512   0.6363   0.0961   0.1224
GA_10_20_R6             0.9433   0.7598   0.9276   0.7585   0.6388   0.0870   0.1122
GA_10_20_R8             0.9297   0.7597   0.9274   0.7583   0.6402   0.0814   0.1066
GA_20_00_R10            0.9640   0.7809   0.9228   0.7535   0.6423   0.0985   0.1258
GA_20_00_R2             0.9688   0.7912   0.9126   0.7371   0.6376   0.1071   0.1332
GA_20_00_R4             0.9626   0.7622   0.9088   0.7250   0.6261   0.0874   0.1109
GA_20_00_R6             0.9619   0.7644   0.9127   0.7343   0.6306   0.0885   0.1128
GA_20_00_R8             0.9627   0.7716   0.9177   0.7437   0.6360   0.0927   0.1184
MultHadronThrust        0.9544   0.8090   0.9239   0.7811   0.6621   0.1073   0.1413
MultHardThrust          0.9591   0.8096   0.9472   0.8021   0.6675   0.1225   0.1583
MultIntermediasThrust   0.0000   0.0000   0.0000   0.0000   0.0000   0.0000   0.0000
MultShowerThrust        0.9501   0.7732   0.8797   0.7283   0.6351   0.0834   0.1097
Thrust                  0.9525   0.8366   0.9503   0.8165   0.6835   0.1370   0.1784
Thrust_log              0.9524   0.8365   0.9502   0.8165   0.6834   0.1360   0.1775
log_GA_00_00_R10        0.9463   0.7661   0.9143   0.7449   0.6358   0.0821   0.1071
log_GA_00_00_R2         0.9601   0.7389   0.9030   0.7060   0.6173   0.0762   0.0977
log_GA_00_00_R4         0.9512   0.7342   0.9000   0.7074   0.6124   0.0711   0.0902
log_GA_00_00_R6         0.9470   0.7475   0.9058   0.7183   0.6204   0.0738   0.0948
log_GA_00_00_R8         0.9500   0.7527   0.9094   0.7322   0.6286   0.0771   0.0999
log_GA_10_05_R10        0.9673   0.8192   0.9366   0.7914   0.6684   0.1241   0.1588
log_GA_10_05_R2         0.9623   0.8104   0.9302   0.7760   0.6590   0.1131   0.1453
log_GA_10_05_R4         0.9689   0.8004   0.9303   0.7666   0.6503   0.1104   0.1411
log_GA_10_05_R6         0.9679   0.8029   0.9320   0.7778   0.6561   0.1142   0.1458
log_GA_10_05_R8         0.9674   0.8096   0.9340   0.7842   0.6622   0.1181   0.1511
log_GA_10_10_R10        0.9537   0.8068   0.9347   0.7863   0.6635   0.1106   0.1438
log_GA_10_10_R2         0.9604   0.8060   0.9264   0.7677   0.6563   0.1096   0.1409
log_GA_10_10_R4         0.9694   0.7946   0.9309   0.7652   0.6479   0.1093   0.1390
log_GA_10_10_R6         0.9628   0.7936   0.9312   0.7760   0.6540   0.1082   0.1384
log_GA_10_10_R8         0.9571   0.7989   0.9327   0.7802   0.6586   0.1080   0.1395
log_GA_10_20_R10        0.9246   0.7631   0.9293   0.7641   0.6432   0.0814   0.1075
log_GA_10_20_R2         0.9572   0.7925   0.9197   0.7546   0.6462   0.1003   0.1288
log_GA_10_20_R4         0.9628   0.7664   0.9283   0.7514   0.6363   0.0962   0.1219
log_GA_10_20_R6         0.9433   0.7598   0.9276   0.7584   0.6391   0.0868   0.1117
log_GA_10_20_R8         0.9296   0.7599   0.9274   0.7583   0.6401   0.0812   0.1063
log_GA_20_00_R10        0.9641   0.7807   0.9228   0.7535   0.6423   0.0978   0.1253
log_GA_20_00_R2         0.9684   0.7906   0.9125   0.7375   0.6379   0.0987   0.1267
log_GA_20_00_R4         0.9626   0.7619   0.9089   0.7249   0.6260   0.0854   0.1095
log_GA_20_00_R6         0.9618   0.7648   0.9127   0.7342   0.6306   0.0874   0.1122
log_GA_20_00_R8         0.9626   0.7714   0.9178   0.7439   0.6360   0.0918   0.1178
