#observable           g^rej_20 g^rej_50 q^rej_20 q^rej_50 s^rej    I1/2     I1/2''  
GA_00_00_R10            0.9273   0.7549   0.9002   0.7342   0.6306   0.0665   0.0896
GA_00_00_R2             0.9327   0.7107   0.8841   0.6855   0.6018   0.0518   0.0678
GA_00_00_R4             0.9221   0.7226   0.8812   0.6973   0.6104   0.0516   0.0690
GA_00_00_R6             0.9234   0.7344   0.8875   0.7114   0.6180   0.0564   0.0759
GA_00_00_R8             0.9257   0.7446   0.8945   0.7239   0.6246   0.0614   0.0827
GA_10_05_R10            0.9610   0.8139   0.9324   0.7778   0.6602   0.1126   0.1463
GA_10_05_R2             0.9571   0.7752   0.9192   0.7503   0.6398   0.0913   0.1180
GA_10_05_R4             0.9557   0.7863   0.9191   0.7548   0.6453   0.0938   0.1218
GA_10_05_R6             0.9567   0.7981   0.9249   0.7632   0.6515   0.1006   0.1310
GA_10_05_R8             0.9591   0.8068   0.9301   0.7717   0.6564   0.1070   0.1392
GA_10_10_R10            0.9426   0.7944   0.9288   0.7692   0.6526   0.0937   0.1246
GA_10_10_R2             0.9469   0.7652   0.9187   0.7465   0.6364   0.0833   0.1084
GA_10_10_R4             0.9382   0.7702   0.9169   0.7461   0.6377   0.0785   0.1042
GA_10_10_R6             0.9380   0.7788   0.9223   0.7547   0.6437   0.0831   0.1108
GA_10_10_R8             0.9402   0.7873   0.9267   0.7621   0.6482   0.0884   0.1178
GA_10_20_R10            0.9025   0.7494   0.9238   0.7515   0.6354   0.0709   0.0955
GA_10_20_R2             0.9167   0.7272   0.9136   0.7241   0.6187   0.0606   0.0799
GA_10_20_R4             0.8984   0.7195   0.9123   0.7179   0.6158   0.0523   0.0705
GA_10_20_R6             0.8967   0.7272   0.9182   0.7320   0.6226   0.0573   0.0776
GA_10_20_R8             0.8990   0.7387   0.9227   0.7419   0.6289   0.0640   0.0864
GA_20_00_R10            0.9600   0.7828   0.9203   0.7525   0.6426   0.0948   0.1223
GA_20_00_R2             0.9524   0.7424   0.8985   0.7108   0.6178   0.0712   0.0920
GA_20_00_R4             0.9535   0.7539   0.9019   0.7218   0.6244   0.0760   0.0983
GA_20_00_R6             0.9561   0.7656   0.9092   0.7334   0.6315   0.0829   0.1072
GA_20_00_R8             0.9583   0.7747   0.9155   0.7436   0.6376   0.0892   0.1152
MultHadronThrust        0.9164   0.7248   0.9031   0.7186   0.6175   0.0530   0.0719
MultHardThrust          0.9527   0.8008   0.9433   0.7920   0.6596   0.1175   0.1510
MultIntermediasThrust   0.9373   0.7216   0.8342   0.6698   0.6003   0.0614   0.0820
MultShowerThrust        0.9518   0.8043   0.9405   0.7912   0.6628   0.1121   0.1467
Thrust                  0.9506   0.8214   0.9378   0.7961   0.6699   0.1200   0.1573
Thrust_log              0.9508   0.8212   0.9377   0.7961   0.6698   0.1198   0.1572
log_GA_00_00_R10        0.9273   0.7549   0.9002   0.7342   0.6306   0.0665   0.0896
log_GA_00_00_R2         0.9327   0.7107   0.8841   0.6855   0.6018   0.0518   0.0678
log_GA_00_00_R4         0.9221   0.7226   0.8812   0.6973   0.6104   0.0516   0.0690
log_GA_00_00_R6         0.9234   0.7344   0.8875   0.7114   0.6180   0.0564   0.0759
log_GA_00_00_R8         0.9257   0.7446   0.8945   0.7239   0.6246   0.0614   0.0827
log_GA_10_05_R10        0.9609   0.8138   0.9324   0.7778   0.6602   0.1123   0.1460
log_GA_10_05_R2         0.9570   0.7753   0.9194   0.7500   0.6399   0.0908   0.1174
log_GA_10_05_R4         0.9558   0.7864   0.9191   0.7546   0.6451   0.0934   0.1214
log_GA_10_05_R6         0.9566   0.7981   0.9249   0.7629   0.6515   0.1003   0.1306
log_GA_10_05_R8         0.9590   0.8067   0.9300   0.7716   0.6562   0.1067   0.1389
log_GA_10_10_R10        0.9426   0.7944   0.9288   0.7692   0.6525   0.0935   0.1245
log_GA_10_10_R2         0.9469   0.7650   0.9187   0.7463   0.6364   0.0830   0.1079
log_GA_10_10_R4         0.9382   0.7701   0.9169   0.7461   0.6377   0.0784   0.1040
log_GA_10_10_R6         0.9380   0.7787   0.9223   0.7547   0.6436   0.0829   0.1105
log_GA_10_10_R8         0.9402   0.7870   0.9266   0.7621   0.6482   0.0883   0.1176
log_GA_10_20_R10        0.9025   0.7496   0.9238   0.7516   0.6355   0.0715   0.0963
log_GA_10_20_R2         0.9167   0.7270   0.9136   0.7240   0.6187   0.0606   0.0796
log_GA_10_20_R4         0.8985   0.7197   0.9122   0.7179   0.6159   0.0524   0.0706
log_GA_10_20_R6         0.8968   0.7271   0.9182   0.7320   0.6227   0.0582   0.0786
log_GA_10_20_R8         0.8989   0.7389   0.9226   0.7421   0.6289   0.0648   0.0874
log_GA_20_00_R10        0.9600   0.7828   0.9205   0.7526   0.6426   0.0945   0.1222
log_GA_20_00_R2         0.9523   0.7424   0.8986   0.7107   0.6180   0.0704   0.0915
log_GA_20_00_R4         0.9535   0.7538   0.9018   0.7218   0.6244   0.0754   0.0980
log_GA_20_00_R6         0.9560   0.7654   0.9092   0.7336   0.6315   0.0825   0.1070
log_GA_20_00_R8         0.9582   0.7745   0.9155   0.7437   0.6376   0.0889   0.1150
