#observable           g^rej_20 g^rej_50 q^rej_20 q^rej_50 s^rej    I1/2     I1/2''  
GA_00_00_R10            0.9637   0.8357   0.9585   0.8213   0.6824   0.1450   0.1872
GA_00_00_R2             0.8885   0.7213   0.9176   0.6936   0.6037   0.0505   0.0682
GA_00_00_R4             0.9274   0.7479   0.9396   0.7645   0.6368   0.0863   0.1145
GA_00_00_R6             0.9468   0.7841   0.9499   0.7871   0.6590   0.1099   0.1441
GA_00_00_R8             0.9590   0.8173   0.9525   0.8132   0.6682   0.1291   0.1680
GA_10_05_R10            0.9650   0.8143   0.9331   0.7841   0.6642   0.1154   0.1504
GA_10_05_R2             0.8885   0.7213   0.9057   0.6993   0.6073   0.0456   0.0621
GA_10_05_R4             0.9274   0.7572   0.9201   0.7411   0.6316   0.0734   0.0984
GA_10_05_R6             0.9468   0.7816   0.9258   0.7621   0.6451   0.0903   0.1196
GA_10_05_R8             0.9590   0.8006   0.9295   0.7751   0.6560   0.1040   0.1366
GA_10_10_R10            0.9654   0.8200   0.9284   0.7808   0.6640   0.1157   0.1509
GA_10_10_R2             0.8885   0.7211   0.9056   0.7074   0.6103   0.0466   0.0634
GA_10_10_R4             0.9273   0.7640   0.9185   0.7459   0.6359   0.0749   0.1005
GA_10_10_R6             0.9466   0.7894   0.9225   0.7622   0.6485   0.0916   0.1216
GA_10_10_R8             0.9587   0.8071   0.9260   0.7726   0.6577   0.1052   0.1383
GA_10_20_R10            0.9548   0.8079   0.9226   0.7678   0.6553   0.1046   0.1376
GA_10_20_R2             0.8861   0.7154   0.9040   0.7089   0.6127   0.0460   0.0626
GA_10_20_R4             0.9217   0.7638   0.9146   0.7404   0.6336   0.0718   0.0966
GA_10_20_R6             0.9381   0.7838   0.9172   0.7522   0.6435   0.0855   0.1142
GA_10_20_R8             0.9480   0.7984   0.9205   0.7612   0.6503   0.0965   0.1278
GA_20_00_R10            0.9645   0.7864   0.9391   0.7766   0.6487   0.1086   0.1408
GA_20_00_R2             0.6537   0.0000   0.9136   0.6870   0.6040   0.0462   0.0627
GA_20_00_R4             0.5922   0.7462   0.9211   0.7193   0.6193   0.0720   0.0962
GA_20_00_R6             0.5634   0.7623   0.9297   0.7530   0.6303   0.0871   0.1150
GA_20_00_R8             0.5492   0.7752   0.9352   0.7679   0.6394   0.0988   0.1291
MultHadronThrust        0.9832   0.9015   0.9820   0.9048   0.7419   0.2556   0.3126
MultHardThrust          0.9683   0.8536   0.9671   0.8526   0.7016   0.1728   0.2201
MultIntermediasThrust   0.9780   0.8909   0.9800   0.8878   0.7295   0.2295   0.2838
MultShowerThrust        0.9721   0.8681   0.9766   0.8695   0.7149   0.1991   0.2491
Thrust                  0.9845   0.8660   0.9460   0.8111   0.6876   0.1676   0.2081
Thrust_log              0.9846   0.8660   0.9460   0.8109   0.6876   0.1676   0.2078
log_GA_00_00_R10        0.9637   0.8357   0.9585   0.8213   0.6824   0.1450   0.1872
log_GA_00_00_R2         0.8885   0.7213   0.9176   0.6936   0.6037   0.0505   0.0682
log_GA_00_00_R4         0.9274   0.7479   0.9396   0.7645   0.6368   0.0863   0.1145
log_GA_00_00_R6         0.9468   0.7841   0.9499   0.7871   0.6590   0.1099   0.1441
log_GA_00_00_R8         0.9590   0.8173   0.9525   0.8132   0.6682   0.1291   0.1680
log_GA_10_05_R10        0.9650   0.8143   0.9330   0.7841   0.6642   0.1162   0.1510
log_GA_10_05_R2         0.8951   0.7204   0.9057   0.6993   0.6073   0.0519   0.0703
log_GA_10_05_R4         0.9318   0.7572   0.9201   0.7412   0.6315   0.0769   0.1024
log_GA_10_05_R6         0.9498   0.7816   0.9259   0.7621   0.6451   0.0924   0.1218
log_GA_10_05_R8         0.9580   0.8005   0.9294   0.7751   0.6560   0.1053   0.1378
log_GA_10_10_R10        0.9617   0.8009   0.8982   0.7517   0.6489   0.1158   0.1510
log_GA_10_10_R2         0.8951   0.6880   0.8380   0.6572   0.5886   0.0472   0.0642
log_GA_10_10_R4         0.9318   0.7357   0.8647   0.6998   0.6137   0.0753   0.1010
log_GA_10_10_R6         0.9498   0.7639   0.8795   0.7227   0.6289   0.0918   0.1219
log_GA_10_10_R8         0.9572   0.7857   0.8903   0.7392   0.6406   0.1052   0.1383
log_GA_10_20_R10        0.9621   0.7874   0.8925   0.7390   0.6403   0.1077   0.1403
log_GA_10_20_R2         0.8951   0.6930   0.8362   0.6573   0.5895   0.0478   0.0651
log_GA_10_20_R4         0.9318   0.7329   0.8611   0.6938   0.6112   0.0738   0.0991
log_GA_10_20_R6         0.9498   0.7572   0.8746   0.7127   0.6239   0.0881   0.1168
log_GA_10_20_R8         0.9580   0.7750   0.8854   0.7281   0.6328   0.0993   0.1304
log_GA_20_00_R10        0.9645   0.7862   0.9390   0.7766   0.6487   0.1076   0.1395
log_GA_20_00_R2         0.6540   0.0000   0.9109   0.6870   0.6041   0.0450   0.0612
log_GA_20_00_R4         0.5915   0.7462   0.9210   0.7192   0.6193   0.0708   0.0946
log_GA_20_00_R6         0.5635   0.7623   0.9297   0.7534   0.6302   0.0858   0.1133
log_GA_20_00_R8         0.5493   0.7754   0.9351   0.7678   0.6394   0.0977   0.1277
