#observable           jj^rej_20 jj^rej_50 zj^rej_20 zj^rej_50 s^rej    I1/2     I1/2''  
GA_10_10_Q800_R6                 0.7984   0.5096   0.8034   0.5094   0.5047   0.0111   0.0138
GA_20_00_Q50_R2                  0.8853   0.6348   0.8670   0.6289   0.5670   0.0190   0.0259
GA_10_10_Q800_R4                 0.8038   0.5135   0.7976   0.5137   0.5068   0.0115   0.0143
log_mMDT_GA_00_00_Q800_R2        0.8147   0.5339   0.8202   0.5322   0.5161   0.0062   0.0081
GA_10_10_Q800_R2                 0.7951   0.5099   0.8081   0.5105   0.5051   0.0144   0.0181
log_mMDT_GA_00_00_Q800_R4        0.8155   0.5290   0.8206   0.5279   0.5147   0.0052   0.0070
GA_20_00_Q50_R4                  0.8920   0.6579   0.8824   0.6546   0.5800   0.0260   0.0355
log_mMDT_GA_00_00_Q800_R6        0.8165   0.5255   0.8155   0.5237   0.5122   0.0056   0.0074
log_mMDT_GA_00_00_Q800_R8        0.8172   0.5206   0.8144   0.5191   0.5103   0.0054   0.0072
GA_20_00_Q50_R8                  0.8950   0.6688   0.8875   0.6662   0.5861   0.0295   0.0404
GA_10_10_Q800_R8                 0.7957   0.5061   0.8085   0.5053   0.5028   0.0108   0.0136
mMDT_GA_10_05_Q100_R10           0.9014   0.6653   0.8828   0.6562   0.5814   0.0292   0.0399
log_GA_10_05_Q800_R10            0.8024   0.5087   0.8132   0.5084   0.5043   0.0038   0.0049
mMDT_GA_10_05_Q200_R2            0.8723   0.6286   0.8743   0.6304   0.5658   0.0171   0.0236
mMDT_GA_10_05_Q200_R4            0.8804   0.6410   0.8737   0.6376   0.5711   0.0197   0.0271
mMDT_GA_10_05_Q200_R6            0.8855   0.6462   0.8734   0.6390   0.5725   0.0212   0.0291
mMDT_GA_10_05_Q200_R8            0.8894   0.6478   0.8733   0.6390   0.5726   0.0221   0.0303
GA_20_00_Q50_R6                  0.8940   0.6652   0.8860   0.6625   0.5841   0.0283   0.0387
GA_20_00_Q100_R2                 0.8856   0.6396   0.8725   0.6355   0.5699   0.0204   0.0278
GA_20_00_Q100_R4                 0.8915   0.6581   0.8835   0.6555   0.5802   0.0261   0.0357
GA_20_00_Q100_R6                 0.8937   0.6650   0.8864   0.6626   0.5841   0.0283   0.0387
GA_20_00_Q100_R8                 0.8949   0.6688   0.8876   0.6662   0.5861   0.0295   0.0404
log_mMDT_GA_00_00_Q800_R10       0.8174   0.5146   0.8110   0.5139   0.5071   0.0052   0.0068
log_GA_10_20_Q400_R8             0.8376   0.5673   0.8371   0.5673   0.5340   0.0043   0.0060
log_GA_10_20_Q400_R6             0.8385   0.5719   0.8394   0.5720   0.5364   0.0050   0.0068
log_GA_10_20_Q400_R4             0.8369   0.5757   0.8417   0.5754   0.5380   0.0054   0.0075
log_GA_10_20_Q400_R2             0.8288   0.5694   0.8428   0.5722   0.5357   0.0050   0.0068
GA_00_00_Q50_R4                  0.8712   0.6290   0.8656   0.6276   0.5654   0.0161   0.0221
GA_00_00_Q50_R6                  0.8752   0.6354   0.8677   0.6332   0.5684   0.0178   0.0244
GA_00_00_Q50_R2                  0.8517   0.5822   0.8406   0.5806   0.5410   0.0068   0.0093
log_GA_10_10_Q400_R4             0.8425   0.5842   0.8458   0.5834   0.5423   0.0066   0.0091
GA_00_00_Q50_R8                  0.8748   0.6293   0.8648   0.6264   0.5650   0.0164   0.0225
log_GA_10_10_Q100_R10            0.8958   0.6686   0.8790   0.6587   0.5841   0.0278   0.0380
log_GA_10_10_Q400_R8             0.8470   0.5833   0.8436   0.5819   0.5416   0.0065   0.0090
mMDT_GA_10_10_Q100_R2            0.9144   0.7182   0.9006   0.7065   0.6118   0.0480   0.0652
mMDT_GA_10_10_Q100_R6            0.9056   0.6771   0.8833   0.6562   0.5843   0.0318   0.0434
GA_00_00_Q100_R2                 0.8617   0.6043   0.8520   0.6023   0.5523   0.0106   0.0146
log_GA_10_05_Q200_R10            0.8952   0.6674   0.8761   0.6553   0.5828   0.0270   0.0370
GA_00_00_Q100_R6                 0.8761   0.6375   0.8688   0.6354   0.5696   0.0183   0.0252
GA_00_00_Q100_R4                 0.8735   0.6348   0.8686   0.6337   0.5685   0.0176   0.0242
log_GA_20_00_Q50_R4              0.8920   0.6579   0.8824   0.6546   0.5800   0.0259   0.0355
log_GA_20_00_Q50_R6              0.8940   0.6651   0.8860   0.6624   0.5840   0.0283   0.0387
log_GA_20_00_Q50_R2              0.8853   0.6348   0.8669   0.6289   0.5670   0.0189   0.0259
GA_10_10_Q400_R8                 0.8469   0.5834   0.8436   0.5819   0.5416   0.0066   0.0091
GA_10_10_Q800_R10                0.7932   0.5028   0.8104   0.5032   0.5015   0.0107   0.0134
GA_10_10_Q100_R8                 0.9016   0.6812   0.8823   0.6679   0.5900   0.0320   0.0437
GA_10_10_Q400_R2                 0.8339   0.5743   0.8449   0.5770   0.5379   0.0058   0.0079
GA_10_10_Q100_R4                 0.9108   0.7133   0.8935   0.6964   0.6074   0.0440   0.0599
GA_10_10_Q100_R6                 0.9068   0.6962   0.8869   0.6796   0.5973   0.0372   0.0508
GA_10_10_Q400_R6                 0.8456   0.5852   0.8446   0.5838   0.5427   0.0069   0.0094
GA_10_10_Q400_R4                 0.8425   0.5842   0.8458   0.5833   0.5423   0.0068   0.0093
GA_10_10_Q100_R2                 0.9151   0.7322   0.9060   0.7269   0.6225   0.0556   0.0754
GA_20_00_Q200_R10                0.8906   0.6621   0.8861   0.6608   0.5828   0.0272   0.0373
log_mMDT_GA_20_00_Q100_R4        0.8887   0.6531   0.8825   0.6512   0.5778   0.0244   0.0335
log_mMDT_GA_20_00_Q100_R6        0.8902   0.6581   0.8847   0.6563   0.5806   0.0260   0.0356
log_mMDT_GA_20_00_Q100_R8        0.8912   0.6613   0.8860   0.6594   0.5822   0.0270   0.0370
log_GA_00_00_Q800_R8             0.8090   0.5269   0.8246   0.5264   0.5134   0.0044   0.0059
mMDT_GA_00_00_Q400_R8            0.8547   0.5884   0.8543   0.5862   0.5440   0.0083   0.0114
mMDT_GA_00_00_Q400_R6            0.8537   0.5890   0.8572   0.5883   0.5447   0.0086   0.0118
mMDT_GA_00_00_Q400_R4            0.8513   0.5878   0.8597   0.5884   0.5444   0.0087   0.0120
log_GA_00_00_Q800_R2             0.8210   0.5404   0.8288   0.5431   0.5204   0.0061   0.0075
mMDT_GA_00_00_Q400_R2            0.8486   0.5846   0.8625   0.5868   0.5431   0.0088   0.0121
log_GA_00_00_Q800_R4             0.8165   0.5379   0.8172   0.5400   0.5201   0.0052   0.0068
log_GA_00_00_Q800_R6             0.8046   0.5300   0.8195   0.5332   0.5157   0.0048   0.0065
log_GA_10_20_Q50_R10             0.8803   0.6413   0.8716   0.6386   0.5715   0.0196   0.0269
GA_10_20_Q800_R2                 0.8032   0.5048   0.8063   0.5058   0.5026   0.0160   0.0189
log_mMDT_GA_10_20_Q400_R10       0.8534   0.5776   0.8308   0.5718   0.5376   0.0062   0.0086
GA_10_20_Q800_R6                 0.8019   0.5018   0.8061   0.5017   0.5009   0.0119   0.0146
GA_10_20_Q800_R4                 0.8051   0.5054   0.7992   0.5050   0.5026   0.0109   0.0131
GA_10_20_Q800_R8                 0.7914   0.5004   0.8087   0.5005   0.5002   0.0112   0.0136
mMDT_GA_10_05_Q200_R10           0.8923   0.6471   0.8731   0.6381   0.5720   0.0227   0.0311
log_GA_10_05_Q50_R8              0.9074   0.6966   0.8885   0.6808   0.5978   0.0377   0.0514
log_GA_00_00_Q100_R10            0.8727   0.6196   0.8604   0.6161   0.5597   0.0142   0.0196
log_GA_10_05_Q50_R2              0.9202   0.7435   0.9177   0.7435   0.6304   0.0646   0.0872
log_GA_10_05_Q50_R6              0.9105   0.7077   0.8931   0.6915   0.6041   0.0422   0.0574
log_GA_10_05_Q50_R4              0.9142   0.7222   0.9010   0.7091   0.6139   0.0494   0.0670
log_mMDT_GA_20_00_Q200_R4        0.8797   0.6408   0.8827   0.6424   0.5722   0.0212   0.0291
log_mMDT_GA_20_00_Q200_R6        0.8828   0.6465   0.8826   0.6469   0.5749   0.0225   0.0309
log_mMDT_GA_20_00_Q200_R2        0.8748   0.6309   0.8813   0.6333   0.5670   0.0189   0.0260
log_mMDT_GA_20_00_Q200_R8        0.8849   0.6504   0.8828   0.6499   0.5767   0.0235   0.0322
log_GA_10_05_Q400_R10            0.8537   0.5951   0.8485   0.5929   0.5475   0.0084   0.0116
mMDT_GA_00_00_Q200_R10           0.8850   0.6371   0.8679   0.6268   0.5668   0.0189   0.0260
GA_10_10_Q400_R10                0.8465   0.5811   0.8414   0.5798   0.5405   0.0062   0.0086
log_GA_10_20_Q400_R10            0.8350   0.5624   0.8335   0.5623   0.5316   0.0036   0.0050
log_GA_00_00_Q50_R10             0.8726   0.6192   0.8602   0.6158   0.5595   0.0141   0.0195
mMDT_GA_10_05_Q400_R10           0.8552   0.5856   0.8462   0.5826   0.5423   0.0076   0.0105
log_mMDT_GA_10_20_Q100_R4        0.9094   0.6873   0.8829   0.6610   0.5893   0.0344   0.0469
log_GA_00_00_Q400_R8             0.8513   0.5969   0.8622   0.5998   0.5497   0.0097   0.0134
log_GA_20_00_Q100_R10            0.8956   0.6711   0.8887   0.6686   0.5874   0.0304   0.0415
GA_00_00_Q800_R10                0.8039   0.5240   0.8290   0.5236   0.5118   0.0058   0.0079
log_mMDT_GA_20_00_Q200_R10       0.8865   0.6530   0.8835   0.6520   0.5780   0.0243   0.0333
mMDT_GA_00_00_Q200_R8            0.8838   0.6390   0.8719   0.6312   0.5687   0.0195   0.0268
mMDT_GA_00_00_Q200_R4            0.8790   0.6368   0.8803   0.6360   0.5694   0.0199   0.0274
mMDT_GA_00_00_Q200_R6            0.8819   0.6391   0.8761   0.6346   0.5697   0.0198   0.0272
mMDT_GA_00_00_Q200_R2            0.8744   0.6302   0.8844   0.6333   0.5668   0.0194   0.0267
mMDT_GA_00_00_Q400_R10           0.8554   0.5861   0.8509   0.5828   0.5425   0.0078   0.0107
log_mMDT_GA_10_20_Q100_R2        0.9158   0.7152   0.8938   0.6962   0.6081   0.0453   0.0616
log_GA_10_10_Q50_R8              0.9019   0.6820   0.8826   0.6687   0.5904   0.0323   0.0441
log_mMDT_GA_10_20_Q100_R6        0.9058   0.6702   0.8766   0.6479   0.5801   0.0297   0.0405
log_mMDT_GA_00_00_Q100_R10       0.8907   0.6482   0.8701   0.6367   0.5724   0.0220   0.0301
log_mMDT_GA_10_20_Q100_R8        0.9034   0.6583   0.8714   0.6400   0.5751   0.0268   0.0366
log_GA_10_10_Q50_R6              0.9077   0.6985   0.8880   0.6819   0.5987   0.0382   0.0521
log_GA_10_10_Q50_R2              0.9216   0.7504   0.9154   0.7470   0.6342   0.0670   0.0905
mMDT_GA_00_00_Q800_R8            0.8172   0.5206   0.8145   0.5191   0.5103   0.0058   0.0079
mMDT_GA_00_00_Q800_R2            0.8147   0.5339   0.8202   0.5322   0.5161   0.0064   0.0083
mMDT_GA_00_00_Q800_R6            0.8165   0.5255   0.8155   0.5237   0.5122   0.0062   0.0082
mMDT_GA_00_00_Q800_R4            0.8155   0.5290   0.8206   0.5279   0.5147   0.0061   0.0079
GA_10_10_Q50_R8                  0.9019   0.6821   0.8826   0.6687   0.5904   0.0323   0.0441
GA_10_10_Q50_R6                  0.9077   0.6986   0.8880   0.6819   0.5987   0.0382   0.0521
GA_10_10_Q50_R4                  0.9132   0.7198   0.8965   0.7030   0.6112   0.0471   0.0641
GA_10_10_Q50_R2                  0.9216   0.7504   0.9154   0.7471   0.6342   0.0670   0.0905
log_GA_20_00_Q800_R6             0.8155   0.5279   0.8180   0.5297   0.5139   0.0064   0.0084
log_mMDT_GA_10_10_Q100_R2        0.9144   0.7182   0.9006   0.7065   0.6118   0.0480   0.0652
log_mMDT_GA_10_10_Q200_R2        0.8704   0.6227   0.8707   0.6235   0.5626   0.0155   0.0213
GA_00_00_Q200_R10                0.8761   0.6281   0.8662   0.6253   0.5643   0.0164   0.0226
log_mMDT_GA_10_10_Q200_R4        0.8792   0.6358   0.8692   0.6295   0.5676   0.0180   0.0247
log_mMDT_GA_10_10_Q100_R6        0.9058   0.6771   0.8832   0.6561   0.5843   0.0318   0.0434
log_mMDT_GA_10_10_Q200_R6        0.8850   0.6403   0.8679   0.6293   0.5684   0.0193   0.0265
log_mMDT_GA_10_10_Q100_R8        0.9038   0.6652   0.8790   0.6477   0.5788   0.0289   0.0394
log_mMDT_GA_10_10_Q200_R8        0.8893   0.6408   0.8665   0.6273   0.5677   0.0201   0.0276
log_GA_20_00_Q800_R8             0.8160   0.5300   0.8209   0.5325   0.5153   0.0061   0.0080
mMDT_GA_10_20_Q100_R10           0.8644   0.6499   0.8673   0.6331   0.5716   0.0190   0.0262
mMDT_GA_20_00_Q200_R10           0.8865   0.6530   0.8835   0.6520   0.5780   0.0243   0.0333
log_GA_10_10_Q200_R10            0.8869   0.6483   0.8685   0.6393   0.5734   0.0212   0.0291
mMDT_GA_20_00_Q200_R8            0.8849   0.6504   0.8828   0.6499   0.5767   0.0235   0.0322
log_mMDT_GA_10_10_Q50_R8         0.9041   0.6660   0.8793   0.6483   0.5791   0.0291   0.0397
mMDT_GA_20_00_Q200_R2            0.8748   0.6309   0.8813   0.6333   0.5670   0.0189   0.0260
mMDT_GA_20_00_Q200_R6            0.8828   0.6465   0.8826   0.6469   0.5749   0.0225   0.0309
mMDT_GA_20_00_Q200_R4            0.8797   0.6408   0.8827   0.6424   0.5722   0.0212   0.0291
log_mMDT_GA_00_00_Q200_R8        0.8838   0.6390   0.8719   0.6312   0.5687   0.0195   0.0268
log_mMDT_GA_00_00_Q200_R2        0.8744   0.6302   0.8844   0.6333   0.5668   0.0194   0.0267
mMDT_GA_20_00_Q50_R10            0.8920   0.6634   0.8870   0.6615   0.5833   0.0277   0.0380
log_mMDT_GA_00_00_Q200_R6        0.8819   0.6391   0.8761   0.6346   0.5697   0.0198   0.0272
log_mMDT_GA_00_00_Q200_R4        0.8790   0.6368   0.8803   0.6360   0.5694   0.0199   0.0274
log_mMDT_GA_10_10_Q400_R6        0.8483   0.5817   0.8429   0.5785   0.5404   0.0063   0.0087
log_mMDT_GA_10_10_Q400_R4        0.8433   0.5776   0.8436   0.5771   0.5389   0.0057   0.0079
log_mMDT_GA_10_10_Q400_R2        0.8357   0.5681   0.8426   0.5696   0.5346   0.0047   0.0065
log_mMDT_GA_10_10_Q400_R8        0.8518   0.5820   0.8417   0.5775   0.5401   0.0066   0.0091
log_mMDT_GA_10_10_Q200_R10       0.8925   0.6389   0.8649   0.6243   0.5664   0.0205   0.0281
log_mMDT_GA_10_20_Q400_R2        0.8336   0.5647   0.8405   0.5660   0.5329   0.0045   0.0062
log_mMDT_GA_20_00_Q400_R2        0.8484   0.5861   0.8594   0.5886   0.5439   0.0084   0.0116
log_mMDT_GA_10_20_Q400_R6        0.8469   0.5794   0.8376   0.5760   0.5392   0.0059   0.0081
log_mMDT_GA_20_00_Q400_R6        0.8542   0.5962   0.8616   0.5974   0.5487   0.0099   0.0136
log_mMDT_GA_10_20_Q400_R4        0.8415   0.5744   0.8395   0.5749   0.5378   0.0054   0.0074
log_mMDT_GA_20_00_Q400_R4        0.8516   0.5920   0.8612   0.5936   0.5470   0.0093   0.0128
log_mMDT_GA_10_20_Q400_R8        0.8506   0.5793   0.8350   0.5745   0.5386   0.0061   0.0085
log_mMDT_GA_20_00_Q400_R8        0.8554   0.5983   0.8627   0.5997   0.5498   0.0103   0.0142
log_mMDT_GA_20_00_Q50_R4         0.8894   0.6535   0.8816   0.6509   0.5779   0.0245   0.0335
log_mMDT_GA_20_00_Q50_R6         0.8905   0.6583   0.8845   0.6563   0.5806   0.0260   0.0357
log_mMDT_GA_20_00_Q50_R2         0.8872   0.6416   0.8710   0.6362   0.5707   0.0205   0.0282
log_mMDT_GA_20_00_Q50_R8         0.8913   0.6613   0.8859   0.6594   0.5822   0.0270   0.0370
log_GA_00_00_Q400_R10            0.8502   0.5926   0.8594   0.5944   0.5470   0.0089   0.0123
log_GA_10_10_Q50_R10             0.8959   0.6688   0.8792   0.6590   0.5843   0.0278   0.0381
GA_10_10_Q100_R10                0.8958   0.6686   0.8790   0.6587   0.5841   0.0278   0.0380
log_mMDT_GA_10_20_Q800_R6        0.8031   0.5148   0.8003   0.5149   0.5082   0.0181   0.0234
log_mMDT_GA_10_20_Q800_R4        0.8019   0.5158   0.8052   0.5140   0.5083   0.0203   0.0261
log_mMDT_GA_10_20_Q800_R2        0.7968   0.5183   0.8067   0.5189   0.5090   0.0252   0.0321
mMDT_GA_10_05_Q800_R8            0.8054   0.5179   0.8092   0.5144   0.5076   0.0118   0.0150
mMDT_GA_10_05_Q800_R6            0.8029   0.5204   0.8054   0.5233   0.5112   0.0143   0.0183
mMDT_GA_10_05_Q800_R4            0.8017   0.5168   0.8064   0.5192   0.5082   0.0135   0.0175
mMDT_GA_10_05_Q800_R2            0.7963   0.5233   0.8116   0.5219   0.5110   0.0181   0.0232
log_mMDT_GA_10_20_Q800_R8        0.8060   0.5125   0.8058   0.5137   0.5076   0.0167   0.0221
GA_10_20_Q100_R8                 0.8883   0.6576   0.8756   0.6516   0.5793   0.0241   0.0330
mMDT_GA_10_10_Q50_R6             0.9065   0.6794   0.8842   0.6580   0.5854   0.0326   0.0444
mMDT_GA_10_10_Q50_R10            0.9022   0.6565   0.8758   0.6411   0.5750   0.0268   0.0366
log_mMDT_GA_00_00_Q50_R8         0.8904   0.6504   0.8726   0.6406   0.5742   0.0226   0.0310
log_mMDT_GA_10_10_Q50_R4         0.9111   0.6996   0.8918   0.6766   0.5973   0.0392   0.0533
log_mMDT_GA_10_10_Q50_R6         0.9066   0.6794   0.8842   0.6580   0.5854   0.0326   0.0444
mMDT_GA_10_20_Q400_R10           0.8306   0.5765   0.8316   0.5725   0.5378   0.0047   0.0065
log_mMDT_GA_00_00_Q50_R6         0.8899   0.6510   0.8741   0.6432   0.5752   0.0229   0.0314
log_mMDT_GA_00_00_Q50_R4         0.8892   0.6498   0.8727   0.6432   0.5748   0.0225   0.0309
GA_10_20_Q100_R4                 0.8999   0.6966   0.8881   0.6853   0.5998   0.0367   0.0502
mMDT_GA_10_10_Q50_R2             0.9206   0.7369   0.9099   0.7267   0.6234   0.0582   0.0787
GA_10_20_Q100_R6                 0.8954   0.6768   0.8811   0.6666   0.5887   0.0299   0.0409
mMDT_GA_10_10_Q50_R8             0.9038   0.6660   0.8793   0.6483   0.5791   0.0291   0.0397
log_mMDT_GA_10_05_Q400_R8        0.8527   0.5861   0.8473   0.5837   0.5427   0.0074   0.0102
mMDT_GA_10_10_Q50_R4             0.9111   0.6996   0.8918   0.6766   0.5973   0.0392   0.0533
mMDT_GA_10_10_Q100_R4            0.9089   0.6931   0.8891   0.6707   0.5938   0.0366   0.0499
mMDT_GA_20_00_Q800_R10           0.8148   0.5290   0.8217   0.5331   0.5157   0.0146   0.0182
log_GA_10_20_Q800_R2             0.8046   0.5033   0.8069   0.5037   0.5017   0.0154   0.0195
log_GA_10_20_Q100_R8             0.8884   0.6576   0.8756   0.6516   0.5793   0.0241   0.0330
mMDT_GA_10_20_Q800_R2            0.8071   0.5177   0.8028   0.5182   0.5090   0.0161   0.0191
log_GA_10_20_Q800_R6             0.8026   0.5028   0.8067   0.5028   0.5014   0.0113   0.0147
GA_10_20_Q100_R2                 0.9032   0.7154   0.9002   0.7153   0.6144   0.0470   0.0641
log_GA_10_20_Q800_R4             0.8048   0.5035   0.8012   0.5035   0.5017   0.0099   0.0129
log_mMDT_GA_20_00_Q400_R10       0.8562   0.5991   0.8634   0.6007   0.5505   0.0106   0.0146
mMDT_GA_10_20_Q800_R8            0.8058   0.5146   0.8047   0.5150   0.5074   0.0107   0.0131
log_GA_10_20_Q800_R8             0.7966   0.5006   0.8085   0.5007   0.5003   0.0095   0.0122
log_mMDT_GA_10_05_Q400_R2        0.8392   0.5720   0.8456   0.5735   0.5366   0.0053   0.0074
log_GA_10_20_Q100_R4             0.9000   0.6967   0.8881   0.6853   0.5998   0.0367   0.0502
log_mMDT_GA_10_05_Q400_R6        0.8498   0.5848   0.8477   0.5833   0.5424   0.0071   0.0098
mMDT_GA_10_10_Q100_R8            0.9035   0.6652   0.8790   0.6477   0.5788   0.0288   0.0394
mMDT_GA_10_20_Q800_R6            0.8050   0.5124   0.8001   0.5127   0.5063   0.0105   0.0127
GA_10_20_Q400_R6                 0.8384   0.5719   0.8394   0.5719   0.5362   0.0050   0.0069
GA_10_20_Q400_R4                 0.8368   0.5758   0.8417   0.5754   0.5380   0.0054   0.0075
GA_10_20_Q400_R2                 0.8290   0.5691   0.8428   0.5723   0.5357   0.0049   0.0068
GA_10_20_Q400_R8                 0.8376   0.5672   0.8371   0.5674   0.5340   0.0044   0.0060
log_mMDT_GA_10_20_Q200_R2        0.8683   0.6166   0.8666   0.6166   0.5591   0.0139   0.0191
log_GA_10_20_Q100_R2             0.9033   0.7154   0.9002   0.7153   0.6144   0.0471   0.0642
log_mMDT_GA_10_20_Q200_R4        0.8777   0.6303   0.8638   0.6237   0.5645   0.0164   0.0226
log_GA_20_00_Q50_R10             0.8956   0.6711   0.8886   0.6686   0.5874   0.0304   0.0415
log_mMDT_GA_10_20_Q200_R6        0.8838   0.6345   0.8615   0.6237   0.5655   0.0177   0.0244
log_mMDT_GA_20_00_Q800_R8        0.8168   0.5280   0.8228   0.5325   0.5151   0.0057   0.0076
log_mMDT_GA_10_20_Q200_R8        0.8882   0.6352   0.8585   0.6214   0.5649   0.0185   0.0254
log_mMDT_GA_20_00_Q800_R6        0.8166   0.5280   0.8194   0.5291   0.5137   0.0058   0.0078
log_mMDT_GA_20_00_Q800_R4        0.8171   0.5363   0.8178   0.5326   0.5170   0.0066   0.0089
log_mMDT_GA_20_00_Q800_R2        0.8145   0.5500   0.8225   0.5484   0.5245   0.0088   0.0117
log_mMDT_GA_10_05_Q400_R4        0.8455   0.5810   0.8474   0.5806   0.5408   0.0064   0.0089
log_GA_00_00_Q200_R6             0.8771   0.6442   0.8774   0.6452   0.5739   0.0207   0.0285
log_GA_00_00_Q200_R4             0.8768   0.6480   0.8841   0.6521   0.5768   0.0226   0.0310
log_GA_00_00_Q200_R2             0.8749   0.6428   0.8873   0.6485   0.5744   0.0223   0.0305
log_mMDT_GA_10_05_Q200_R8        0.8894   0.6478   0.8733   0.6390   0.5726   0.0221   0.0303
log_mMDT_GA_10_05_Q200_R6        0.8855   0.6461   0.8734   0.6390   0.5725   0.0212   0.0290
log_mMDT_GA_10_05_Q200_R4        0.8803   0.6410   0.8737   0.6376   0.5711   0.0197   0.0271
mMDT_GA_10_05_Q50_R10            0.9015   0.6655   0.8829   0.6564   0.5815   0.0293   0.0400
log_mMDT_GA_10_05_Q200_R2        0.8723   0.6286   0.8742   0.6304   0.5658   0.0171   0.0235
log_GA_20_00_Q50_R8              0.8950   0.6688   0.8875   0.6661   0.5861   0.0295   0.0404
GA_20_00_Q200_R2                 0.8775   0.6351   0.8820   0.6369   0.5691   0.0202   0.0275
GA_20_00_Q200_R4                 0.8827   0.6466   0.8842   0.6477   0.5751   0.0229   0.0314
GA_20_00_Q200_R6                 0.8860   0.6531   0.8844   0.6531   0.5783   0.0245   0.0336
GA_20_00_Q200_R8                 0.8885   0.6579   0.8849   0.6571   0.5807   0.0259   0.0354
log_GA_20_00_Q800_R10            0.8145   0.5312   0.8179   0.5319   0.5157   0.0057   0.0075
mMDT_GA_10_20_Q100_R8            0.8679   0.6580   0.8716   0.6401   0.5752   0.0214   0.0295
mMDT_GA_10_20_Q100_R6            0.8753   0.6689   0.8768   0.6480   0.5801   0.0254   0.0349
mMDT_GA_10_20_Q100_R4            0.8904   0.6872   0.8830   0.6611   0.5893   0.0321   0.0440
mMDT_GA_00_00_Q800_R10           0.8174   0.5146   0.8110   0.5139   0.5071   0.0055   0.0076
GA_00_00_Q100_R8                 0.8752   0.6302   0.8652   0.6273   0.5655   0.0166   0.0229
GA_00_00_Q400_R2                 0.8548   0.6035   0.8715   0.6091   0.5537   0.0124   0.0170
GA_00_00_Q400_R4                 0.8540   0.6046   0.8682   0.6093   0.5542   0.0119   0.0163
GA_10_20_Q200_R8                 0.8739   0.6273   0.8619   0.6226   0.5635   0.0154   0.0212
GA_00_00_Q400_R6                 0.8527   0.6009   0.8651   0.6048   0.5520   0.0108   0.0149
GA_00_00_Q400_R8                 0.8513   0.5969   0.8622   0.5998   0.5497   0.0098   0.0135
GA_10_20_Q200_R4                 0.8687   0.6357   0.8669   0.6326   0.5686   0.0169   0.0232
GA_10_05_Q50_R10                 0.9045   0.6878   0.8858   0.6737   0.5933   0.0345   0.0472
GA_10_20_Q200_R6                 0.8734   0.6331   0.8644   0.6276   0.5664   0.0165   0.0227
GA_10_20_Q200_R2                 0.8572   0.6220   0.8702   0.6276   0.5636   0.0148   0.0203
GA_20_00_Q400_R6                 0.8566   0.6000   0.8639   0.6026   0.5510   0.0110   0.0151
log_GA_10_10_Q200_R8             0.8866   0.6509   0.8693   0.6410   0.5746   0.0216   0.0297
GA_20_00_Q400_R4                 0.8541   0.5957   0.8631   0.5982   0.5489   0.0103   0.0142
GA_20_00_Q400_R2                 0.8509   0.5897   0.8606   0.5914   0.5457   0.0095   0.0130
mMDT_GA_00_00_Q100_R10           0.8907   0.6482   0.8701   0.6367   0.5724   0.0220   0.0301
log_GA_10_10_Q200_R2             0.8681   0.6346   0.8736   0.6372   0.5695   0.0179   0.0245
log_GA_10_10_Q200_R4             0.8785   0.6498   0.8717   0.6439   0.5753   0.0208   0.0286
GA_20_00_Q400_R8                 0.8576   0.6025   0.8650   0.6056   0.5526   0.0114   0.0157
log_mMDT_GA_10_05_Q50_R10        0.9015   0.6655   0.8829   0.6564   0.5815   0.0293   0.0400
log_GA_10_20_Q100_R10            0.8802   0.6410   0.8714   0.6384   0.5713   0.0195   0.0268
log_GA_10_10_Q800_R6             0.7976   0.5091   0.8034   0.5094   0.5046   0.0056   0.0075
log_GA_10_10_Q800_R4             0.8032   0.5132   0.7970   0.5132   0.5065   0.0071   0.0094
GA_20_00_Q400_R10                0.8584   0.6046   0.8664   0.6079   0.5538   0.0119   0.0164
log_GA_10_10_Q800_R2             0.7953   0.5095   0.8085   0.5107   0.5049   0.0089   0.0114
mMDT_GA_10_10_Q800_R10           0.8064   0.5105   0.8094   0.5112   0.5056   0.0107   0.0135
mMDT_GA_10_20_Q800_R10           0.8029   0.5074   0.8035   0.5075   0.5037   0.0093   0.0115
log_GA_10_10_Q800_R8             0.7959   0.5063   0.8085   0.5052   0.5028   0.0074   0.0100
mMDT_GA_10_05_Q400_R8            0.8527   0.5860   0.8473   0.5838   0.5426   0.0075   0.0104
GA_20_00_Q50_R10                 0.8956   0.6712   0.8886   0.6686   0.5874   0.0304   0.0415
GA_10_20_Q400_R10                0.8349   0.5624   0.8335   0.5623   0.5315   0.0037   0.0052
mMDT_GA_10_05_Q400_R2            0.8391   0.5720   0.8456   0.5736   0.5367   0.0055   0.0076
mMDT_GA_10_05_Q400_R6            0.8498   0.5848   0.8477   0.5832   0.5424   0.0072   0.0099
mMDT_GA_10_05_Q400_R4            0.8456   0.5810   0.8473   0.5806   0.5408   0.0065   0.0090
log_mMDT_GA_20_00_Q50_R10        0.8920   0.6634   0.8870   0.6615   0.5833   0.0277   0.0380
GA_20_00_Q100_R10                0.8956   0.6712   0.8886   0.6686   0.5874   0.0304   0.0415
GA_10_10_Q200_R10                0.8869   0.6483   0.8685   0.6393   0.5734   0.0212   0.0291
mMDT_GA_10_10_Q200_R6            0.8848   0.6402   0.8679   0.6293   0.5683   0.0193   0.0265
mMDT_GA_10_10_Q200_R4            0.8792   0.6358   0.8692   0.6296   0.5676   0.0180   0.0247
mMDT_GA_10_10_Q200_R2            0.8704   0.6227   0.8707   0.6235   0.5626   0.0155   0.0213
GA_10_20_Q100_R10                0.8801   0.6410   0.8714   0.6384   0.5713   0.0195   0.0268
mMDT_GA_10_10_Q200_R8            0.8892   0.6408   0.8665   0.6273   0.5677   0.0201   0.0276
mMDT_GA_10_10_Q100_R10           0.9021   0.6563   0.8757   0.6409   0.5749   0.0268   0.0365
log_GA_10_05_Q50_R10             0.9045   0.6877   0.8857   0.6737   0.5933   0.0345   0.0471
log_GA_10_10_Q800_R10            0.7942   0.5026   0.8102   0.5034   0.5015   0.0071   0.0095
log_mMDT_GA_10_05_Q50_R8         0.9026   0.6735   0.8856   0.6623   0.5852   0.0312   0.0427
log_GA_20_00_Q100_R8             0.8948   0.6687   0.8876   0.6662   0.5861   0.0295   0.0403
log_GA_20_00_Q800_R4             0.8141   0.5329   0.8147   0.5334   0.5171   0.0074   0.0100
log_mMDT_GA_10_05_Q50_R6         0.9045   0.6842   0.8897   0.6711   0.5908   0.0344   0.0469
GA_10_05_Q200_R10                0.8952   0.6674   0.8762   0.6554   0.5828   0.0270   0.0370
log_mMDT_GA_10_10_Q100_R4        0.9089   0.6931   0.8891   0.6707   0.5938   0.0366   0.0499
log_GA_20_00_Q100_R2             0.8856   0.6396   0.8725   0.6354   0.5699   0.0203   0.0278
log_GA_20_00_Q100_R4             0.8915   0.6581   0.8835   0.6554   0.5802   0.0261   0.0357
log_GA_20_00_Q100_R6             0.8937   0.6650   0.8863   0.6626   0.5840   0.0283   0.0387
log_GA_20_00_Q800_R2             0.8187   0.5474   0.8266   0.5431   0.5229   0.0093   0.0120
log_GA_10_20_Q100_R6             0.8956   0.6769   0.8811   0.6666   0.5887   0.0299   0.0409
log_mMDT_GA_10_05_Q50_R4         0.9080   0.7002   0.8967   0.6879   0.6008   0.0403   0.0549
GA_00_00_Q100_R10                0.8727   0.6196   0.8604   0.6161   0.5597   0.0142   0.0196
log_mMDT_GA_10_05_Q50_R2         0.9155   0.7295   0.9130   0.7286   0.6214   0.0564   0.0764
log_mMDT_GA_00_00_Q50_R10        0.8907   0.6483   0.8700   0.6367   0.5724   0.0220   0.0301
log_mMDT_GA_00_00_Q200_R10       0.8850   0.6371   0.8679   0.6268   0.5668   0.0189   0.0260
log_mMDT_GA_20_00_Q100_R2        0.8860   0.6426   0.8751   0.6392   0.5717   0.0210   0.0289
log_mMDT_GA_10_10_Q800_R10       0.8069   0.5105   0.8095   0.5120   0.5050   0.0096   0.0127
GA_00_00_Q200_R6                 0.8771   0.6442   0.8774   0.6452   0.5739   0.0207   0.0285
GA_00_00_Q200_R4                 0.8768   0.6480   0.8841   0.6521   0.5768   0.0226   0.0310
GA_00_00_Q200_R2                 0.8749   0.6428   0.8873   0.6485   0.5744   0.0223   0.0305
log_GA_10_05_Q100_R8             0.9071   0.6958   0.8881   0.6800   0.5973   0.0374   0.0510
log_GA_10_05_Q100_R6             0.9097   0.7054   0.8920   0.6892   0.6029   0.0412   0.0561
log_GA_10_05_Q100_R4             0.9121   0.7162   0.8979   0.7028   0.6103   0.0463   0.0630
log_GA_10_05_Q100_R2             0.9144   0.7270   0.9091   0.7250   0.6199   0.0544   0.0737
GA_00_00_Q200_R8                 0.8769   0.6367   0.8714   0.6354   0.5693   0.0185   0.0255
log_mMDT_GA_10_20_Q800_R10       0.8080   0.5104   0.8024   0.5085   0.5043   0.0141   0.0189
mMDT_GA_00_00_Q100_R4            0.8884   0.6493   0.8748   0.6437   0.5748   0.0226   0.0309
GA_00_00_Q400_R10                0.8502   0.5926   0.8594   0.5944   0.5470   0.0089   0.0123
mMDT_GA_10_10_Q400_R10           0.8537   0.5809   0.8386   0.5758   0.5392   0.0066   0.0091
log_GA_10_05_Q800_R4             0.8009   0.5196   0.8048   0.5208   0.5101   0.0049   0.0065
log_GA_10_05_Q800_R6             0.8009   0.5174   0.8058   0.5159   0.5085   0.0055   0.0073
log_GA_10_05_Q800_R2             0.7970   0.5135   0.8085   0.5157   0.5073   0.0065   0.0083
log_GA_00_00_Q200_R8             0.8769   0.6367   0.8714   0.6354   0.5693   0.0185   0.0255
log_GA_10_05_Q800_R8             0.8034   0.5097   0.8112   0.5107   0.5051   0.0042   0.0055
log_GA_10_10_Q100_R8             0.9016   0.6812   0.8822   0.6679   0.5900   0.0320   0.0437
mMDT_GA_10_10_Q400_R6            0.8481   0.5818   0.8429   0.5785   0.5404   0.0064   0.0088
mMDT_GA_10_10_Q400_R2            0.8358   0.5681   0.8427   0.5696   0.5346   0.0048   0.0067
log_GA_10_10_Q100_R2             0.9152   0.7321   0.9060   0.7268   0.6225   0.0556   0.0754
log_GA_10_10_Q100_R4             0.9109   0.7133   0.8935   0.6964   0.6074   0.0440   0.0599
log_mMDT_GA_10_20_Q100_R10       0.9018   0.6498   0.8670   0.6329   0.5715   0.0247   0.0338
log_GA_10_10_Q100_R6             0.9068   0.6962   0.8869   0.6796   0.5973   0.0372   0.0507
mMDT_GA_00_00_Q50_R2             0.8878   0.6415   0.8620   0.6330   0.5699   0.0200   0.0274
mMDT_GA_20_00_Q50_R2             0.8872   0.6416   0.8709   0.6363   0.5707   0.0205   0.0282
mMDT_GA_20_00_Q800_R8            0.8167   0.5278   0.8225   0.5325   0.5151   0.0154   0.0195
mMDT_GA_00_00_Q50_R4             0.8892   0.6498   0.8727   0.6432   0.5748   0.0225   0.0309
mMDT_GA_20_00_Q800_R4            0.8169   0.5370   0.8186   0.5336   0.5171   0.0188   0.0236
mMDT_GA_00_00_Q50_R8             0.8904   0.6504   0.8726   0.6406   0.5742   0.0226   0.0310
mMDT_GA_20_00_Q800_R2            0.8143   0.5497   0.8231   0.5486   0.5243   0.0257   0.0318
log_mMDT_GA_10_20_Q50_R10        0.9019   0.6500   0.8671   0.6330   0.5716   0.0248   0.0339
GA_10_05_Q200_R2                 0.8744   0.6394   0.8767   0.6413   0.5717   0.0197   0.0270
mMDT_GA_10_10_Q200_R10           0.8922   0.6389   0.8649   0.6243   0.5664   0.0205   0.0280
mMDT_GA_10_05_Q50_R6             0.9045   0.6842   0.8897   0.6711   0.5908   0.0344   0.0469
GA_10_20_Q50_R8                  0.8886   0.6584   0.8759   0.6523   0.5797   0.0243   0.0334
mMDT_GA_10_05_Q50_R4             0.9080   0.7002   0.8967   0.6879   0.6009   0.0403   0.0549
mMDT_GA_10_05_Q50_R2             0.9155   0.7296   0.9130   0.7286   0.6215   0.0564   0.0764
GA_10_20_Q50_R2                  0.9105   0.7341   0.9092   0.7356   0.6262   0.0575   0.0782
GA_10_20_Q50_R4                  0.9024   0.7030   0.8908   0.6916   0.6034   0.0394   0.0538
mMDT_GA_10_05_Q50_R8             0.9026   0.6735   0.8856   0.6623   0.5852   0.0312   0.0427
GA_10_20_Q50_R6                  0.8963   0.6791   0.8821   0.6689   0.5900   0.0307   0.0420
log_GA_20_00_Q400_R2             0.8510   0.5898   0.8606   0.5916   0.5456   0.0092   0.0126
GA_20_00_Q800_R8                 0.8165   0.5302   0.8213   0.5331   0.5155   0.0131   0.0162
log_GA_20_00_Q400_R6             0.8567   0.5999   0.8639   0.6027   0.5510   0.0108   0.0149
log_GA_20_00_Q400_R4             0.8540   0.5958   0.8631   0.5982   0.5488   0.0102   0.0139
GA_20_00_Q800_R2                 0.8183   0.5465   0.8280   0.5434   0.5234   0.0190   0.0235
log_GA_20_00_Q400_R8             0.8576   0.6026   0.8650   0.6055   0.5526   0.0113   0.0156
GA_20_00_Q800_R6                 0.8157   0.5278   0.8173   0.5285   0.5136   0.0128   0.0160
GA_20_00_Q800_R4                 0.8144   0.5332   0.8155   0.5346   0.5174   0.0151   0.0188
mMDT_GA_10_05_Q100_R2            0.9097   0.7128   0.9043   0.7099   0.6111   0.0471   0.0641
mMDT_GA_10_05_Q100_R4            0.9059   0.6943   0.8939   0.6820   0.5976   0.0378   0.0515
mMDT_GA_10_05_Q100_R6            0.9038   0.6821   0.8887   0.6691   0.5897   0.0336   0.0458
mMDT_GA_10_05_Q100_R8            0.9023   0.6728   0.8853   0.6616   0.5848   0.0310   0.0423
log_GA_00_00_Q800_R10            0.8039   0.5231   0.8275   0.5234   0.5118   0.0044   0.0059
GA_10_05_Q400_R4                 0.8462   0.5891   0.8490   0.5888   0.5451   0.0077   0.0105
log_mMDT_GA_10_20_Q50_R8         0.9037   0.6590   0.8717   0.6405   0.5754   0.0270   0.0369
log_mMDT_GA_10_20_Q50_R6         0.9066   0.6726   0.8775   0.6496   0.5811   0.0304   0.0415
log_mMDT_GA_10_20_Q50_R4         0.9117   0.6942   0.8853   0.6666   0.5928   0.0368   0.0501
log_mMDT_GA_10_10_Q400_R10       0.8544   0.5810   0.8386   0.5758   0.5392   0.0066   0.0091
log_mMDT_GA_10_20_Q50_R2         0.9221   0.7349   0.9027   0.7159   0.6199   0.0551   0.0746
log_GA_00_00_Q400_R4             0.8540   0.6046   0.8682   0.6093   0.5542   0.0118   0.0163
log_GA_00_00_Q400_R6             0.8527   0.6009   0.8651   0.6048   0.5520   0.0108   0.0148
log_GA_00_00_Q400_R2             0.8548   0.6035   0.8715   0.6091   0.5537   0.0124   0.0170
log_mMDT_GA_00_00_Q400_R10       0.8554   0.5861   0.8509   0.5828   0.5425   0.0078   0.0107
log_GA_20_00_Q200_R10            0.8906   0.6620   0.8861   0.6608   0.5828   0.0272   0.0373
log_GA_10_05_Q200_R2             0.8744   0.6392   0.8767   0.6412   0.5717   0.0197   0.0269
log_GA_10_05_Q200_R6             0.8890   0.6628   0.8755   0.6534   0.5813   0.0251   0.0344
log_GA_10_05_Q200_R4             0.8835   0.6561   0.8760   0.6513   0.5790   0.0233   0.0319
mMDT_GA_10_20_Q100_R2            0.9154   0.7148   0.8938   0.6962   0.6080   0.0450   0.0612
log_GA_10_05_Q200_R8             0.8928   0.6660   0.8757   0.6545   0.5822   0.0262   0.0360
mMDT_GA_00_00_Q50_R10            0.8907   0.6483   0.8700   0.6367   0.5724   0.0220   0.0301
GA_10_10_Q200_R8                 0.8866   0.6509   0.8693   0.6410   0.5746   0.0216   0.0297
GA_10_10_Q200_R4                 0.8785   0.6497   0.8717   0.6439   0.5753   0.0208   0.0286
GA_10_10_Q200_R6                 0.8840   0.6520   0.8703   0.6427   0.5754   0.0216   0.0297
GA_10_10_Q200_R2                 0.8680   0.6346   0.8736   0.6372   0.5695   0.0179   0.0245
log_GA_00_00_Q100_R2             0.8617   0.6043   0.8520   0.6023   0.5523   0.0106   0.0146
log_GA_00_00_Q100_R6             0.8761   0.6375   0.8688   0.6354   0.5696   0.0183   0.0252
log_GA_00_00_Q100_R4             0.8735   0.6348   0.8686   0.6337   0.5685   0.0176   0.0242
log_GA_00_00_Q100_R8             0.8752   0.6302   0.8652   0.6273   0.5655   0.0166   0.0229
mMDT_GA_20_00_Q100_R6            0.8903   0.6581   0.8847   0.6564   0.5806   0.0260   0.0356
GA_10_20_Q800_R10                0.7992   0.5060   0.8131   0.5062   0.5031   0.0098   0.0119
GA_10_05_Q100_R10                0.9044   0.6875   0.8856   0.6734   0.5932   0.0344   0.0470
log_mMDT_GA_10_05_Q200_R10       0.8923   0.6471   0.8731   0.6381   0.5720   0.0227   0.0311
mMDT_GA_20_00_Q100_R2            0.8859   0.6426   0.8751   0.6392   0.5717   0.0210   0.0289
mMDT_GA_10_10_Q400_R4            0.8431   0.5776   0.8437   0.5770   0.5389   0.0058   0.0080
log_GA_10_20_Q50_R8              0.8887   0.6584   0.8759   0.6523   0.5797   0.0243   0.0334
log_mMDT_GA_20_00_Q800_R10       0.8147   0.5292   0.8218   0.5323   0.5158   0.0058   0.0077
log_GA_10_20_Q50_R2              0.9105   0.7341   0.9092   0.7356   0.6261   0.0576   0.0782
log_GA_10_20_Q50_R6              0.8965   0.6792   0.8821   0.6689   0.5900   0.0307   0.0421
log_GA_10_20_Q50_R4              0.9025   0.7030   0.8908   0.6916   0.6034   0.0394   0.0539
mMDT_GA_10_20_Q800_R4            0.8052   0.5131   0.7983   0.5135   0.5066   0.0122   0.0147
mMDT_GA_00_00_Q100_R2            0.8862   0.6423   0.8690   0.6371   0.5712   0.0205   0.0281
log_mMDT_GA_10_05_Q100_R10       0.9014   0.6653   0.8828   0.6562   0.5814   0.0292   0.0399
log_GA_10_20_Q200_R8             0.8740   0.6273   0.8619   0.6226   0.5635   0.0154   0.0212
log_GA_10_20_Q200_R2             0.8572   0.6220   0.8702   0.6276   0.5636   0.0149   0.0204
mMDT_GA_20_00_Q100_R8            0.8912   0.6613   0.8860   0.6595   0.5822   0.0270   0.0370
log_GA_10_20_Q200_R4             0.8688   0.6357   0.8669   0.6326   0.5687   0.0169   0.0233
log_GA_10_20_Q200_R6             0.8735   0.6331   0.8644   0.6276   0.5664   0.0165   0.0227
log_GA_10_10_Q50_R4              0.9132   0.7198   0.8965   0.7030   0.6112   0.0471   0.0640
GA_10_05_Q400_R6                 0.8501   0.5935   0.8494   0.5921   0.5467   0.0083   0.0114
GA_10_05_Q200_R6                 0.8890   0.6628   0.8755   0.6534   0.5813   0.0251   0.0344
GA_10_05_Q200_R4                 0.8835   0.6562   0.8761   0.6513   0.5790   0.0233   0.0319
mMDT_GA_10_10_Q400_R8            0.8518   0.5820   0.8417   0.5774   0.5401   0.0066   0.0091
GA_10_05_Q200_R8                 0.8928   0.6661   0.8757   0.6545   0.5823   0.0263   0.0360
GA_10_05_Q400_R8                 0.8523   0.5947   0.8491   0.5933   0.5475   0.0085   0.0117
mMDT_GA_20_00_Q400_R2            0.8483   0.5862   0.8594   0.5886   0.5439   0.0086   0.0119
log_mMDT_GA_10_10_Q800_R8        0.8063   0.5134   0.8036   0.5136   0.5076   0.0099   0.0130
mMDT_GA_20_00_Q400_R4            0.8517   0.5921   0.8612   0.5936   0.5470   0.0094   0.0130
mMDT_GA_20_00_Q400_R6            0.8542   0.5962   0.8616   0.5975   0.5487   0.0100   0.0138
mMDT_GA_20_00_Q400_R8            0.8553   0.5983   0.8627   0.5998   0.5498   0.0104   0.0143
log_mMDT_GA_10_10_Q800_R2        0.7942   0.5200   0.8074   0.5195   0.5094   0.0134   0.0171
log_mMDT_GA_10_10_Q800_R6        0.8001   0.5185   0.8062   0.5184   0.5088   0.0097   0.0128
mMDT_GA_10_20_Q200_R10           0.8561   0.6332   0.8551   0.6179   0.5635   0.0143   0.0197
log_GA_20_00_Q200_R8             0.8885   0.6579   0.8849   0.6571   0.5807   0.0259   0.0354
GA_00_00_Q800_R8                 0.8090   0.5269   0.8245   0.5264   0.5134   0.0053   0.0073
GA_00_00_Q800_R4                 0.8165   0.5379   0.8162   0.5400   0.5201   0.0065   0.0084
mMDT_GA_00_00_Q50_R6             0.8899   0.6510   0.8741   0.6432   0.5752   0.0229   0.0314
GA_00_00_Q800_R6                 0.8046   0.5300   0.8195   0.5332   0.5157   0.0065   0.0086
log_GA_20_00_Q200_R2             0.8775   0.6351   0.8819   0.6369   0.5691   0.0201   0.0275
log_GA_20_00_Q200_R4             0.8827   0.6466   0.8842   0.6476   0.5750   0.0229   0.0314
GA_00_00_Q800_R2                 0.8210   0.5404   0.8288   0.5431   0.5204   0.0071   0.0087
log_GA_20_00_Q200_R6             0.8860   0.6531   0.8844   0.6532   0.5783   0.0245   0.0336
GA_10_05_Q800_R8                 0.8032   0.5096   0.8110   0.5107   0.5052   0.0111   0.0144
mMDT_GA_20_00_Q50_R6             0.8905   0.6583   0.8845   0.6563   0.5806   0.0261   0.0357
GA_10_05_Q800_R2                 0.7970   0.5123   0.8085   0.5151   0.5069   0.0183   0.0230
mMDT_GA_20_00_Q100_R10           0.8920   0.6634   0.8870   0.6615   0.5833   0.0277   0.0380
GA_10_05_Q800_R4                 0.8014   0.5170   0.8054   0.5205   0.5094   0.0151   0.0192
mMDT_GA_20_00_Q400_R10           0.8562   0.5990   0.8634   0.6007   0.5506   0.0107   0.0147
GA_10_05_Q800_R6                 0.8016   0.5171   0.8056   0.5158   0.5085   0.0135   0.0170
mMDT_GA_20_00_Q50_R8             0.8913   0.6613   0.8859   0.6594   0.5822   0.0270   0.0370
log_mMDT_GA_10_10_Q100_R10       0.9025   0.6563   0.8757   0.6409   0.5749   0.0268   0.0366
GA_10_10_Q50_R10                 0.8959   0.6688   0.8792   0.6590   0.5843   0.0279   0.0381
mMDT_GA_20_00_Q800_R6            0.8163   0.5297   0.8183   0.5291   0.5133   0.0165   0.0207
GA_10_05_Q400_R2                 0.8388   0.5779   0.8475   0.5799   0.5400   0.0064   0.0087
log_GA_10_10_Q400_R2             0.8337   0.5742   0.8449   0.5770   0.5379   0.0056   0.0077
log_GA_10_10_Q400_R6             0.8455   0.5852   0.8445   0.5838   0.5427   0.0067   0.0093
log_GA_00_00_Q50_R8              0.8748   0.6293   0.8648   0.6264   0.5650   0.0164   0.0225
log_GA_00_00_Q50_R6              0.8752   0.6354   0.8677   0.6332   0.5684   0.0178   0.0244
log_GA_00_00_Q50_R4              0.8712   0.6290   0.8656   0.6276   0.5654   0.0161   0.0221
log_GA_00_00_Q50_R2              0.8517   0.5822   0.8406   0.5806   0.5410   0.0068   0.0093
GA_10_05_Q50_R2                  0.9202   0.7435   0.9178   0.7436   0.6304   0.0646   0.0872
GA_10_05_Q50_R4                  0.9142   0.7223   0.9010   0.7092   0.6139   0.0494   0.0671
log_mMDT_GA_00_00_Q400_R8        0.8547   0.5884   0.8543   0.5862   0.5440   0.0083   0.0114
GA_10_05_Q50_R6                  0.9105   0.7078   0.8931   0.6916   0.6042   0.0422   0.0575
GA_10_05_Q50_R8                  0.9074   0.6966   0.8885   0.6808   0.5978   0.0377   0.0514
log_mMDT_GA_00_00_Q400_R4        0.8513   0.5878   0.8597   0.5884   0.5444   0.0087   0.0119
log_mMDT_GA_00_00_Q400_R6        0.8537   0.5890   0.8572   0.5883   0.5447   0.0085   0.0118
log_mMDT_GA_00_00_Q400_R2        0.8486   0.5846   0.8625   0.5868   0.5431   0.0088   0.0121
mMDT_GA_20_00_Q100_R4            0.8887   0.6531   0.8825   0.6512   0.5778   0.0245   0.0335
log_GA_10_10_Q200_R6             0.8840   0.6520   0.8703   0.6426   0.5754   0.0216   0.0297
log_mMDT_GA_10_10_Q50_R10        0.9025   0.6565   0.8758   0.6411   0.5750   0.0269   0.0367
log_GA_00_00_Q200_R10            0.8761   0.6281   0.8662   0.6252   0.5643   0.0164   0.0226
log_mMDT_GA_10_10_Q50_R2         0.9206   0.7369   0.9099   0.7267   0.6234   0.0582   0.0787
mMDT_GA_10_10_Q800_R8            0.8070   0.5135   0.8038   0.5137   0.5072   0.0100   0.0126
log_GA_10_20_Q200_R10            0.8720   0.6214   0.8594   0.6176   0.5606   0.0142   0.0195
log_GA_10_05_Q100_R10            0.9044   0.6874   0.8856   0.6734   0.5932   0.0344   0.0470
log_mMDT_GA_10_05_Q400_R10       0.8552   0.5855   0.8461   0.5827   0.5423   0.0075   0.0103
mMDT_GA_10_10_Q800_R2            0.7943   0.5191   0.8077   0.5181   0.5096   0.0171   0.0213
mMDT_GA_10_10_Q800_R4            0.7997   0.5159   0.8022   0.5176   0.5083   0.0121   0.0151
mMDT_GA_10_10_Q800_R6            0.8014   0.5190   0.8062   0.5183   0.5089   0.0116   0.0146
GA_10_20_Q50_R10                 0.8802   0.6412   0.8716   0.6386   0.5715   0.0196   0.0269
GA_00_00_Q50_R10                 0.8726   0.6192   0.8602   0.6158   0.5595   0.0141   0.0195
log_mMDT_GA_10_05_Q800_R4        0.8011   0.5160   0.8069   0.5189   0.5089   0.0078   0.0102
log_mMDT_GA_10_05_Q800_R6        0.8031   0.5204   0.8050   0.5225   0.5112   0.0061   0.0080
mMDT_GA_10_20_Q400_R8            0.8309   0.5773   0.8355   0.5746   0.5387   0.0050   0.0069
log_mMDT_GA_10_05_Q800_R2        0.7973   0.5234   0.8104   0.5227   0.5114   0.0087   0.0115
mMDT_GA_10_20_Q400_R4            0.8297   0.5743   0.8397   0.5748   0.5375   0.0049   0.0067
mMDT_GA_10_20_Q400_R6            0.8307   0.5768   0.8378   0.5759   0.5390   0.0051   0.0070
log_mMDT_GA_10_05_Q800_R8        0.8058   0.5180   0.8091   0.5146   0.5078   0.0062   0.0081
log_mMDT_GA_20_00_Q100_R10       0.8920   0.6634   0.8870   0.6615   0.5833   0.0277   0.0380
mMDT_GA_10_20_Q400_R2            0.8286   0.5644   0.8405   0.5660   0.5327   0.0044   0.0060
GA_10_20_Q200_R10                0.8719   0.6214   0.8594   0.6176   0.5606   0.0142   0.0195
log_mMDT_GA_10_20_Q200_R10       0.8915   0.6331   0.8548   0.6176   0.5634   0.0189   0.0259
GA_10_05_Q100_R8                 0.9071   0.6958   0.8881   0.6801   0.5974   0.0374   0.0510
GA_10_05_Q100_R6                 0.9097   0.7055   0.8920   0.6893   0.6029   0.0412   0.0561
GA_10_05_Q100_R4                 0.9121   0.7163   0.8979   0.7029   0.6103   0.0463   0.0630
GA_10_05_Q100_R2                 0.9144   0.7271   0.9091   0.7252   0.6199   0.0544   0.0738
log_GA_10_20_Q800_R10            0.7991   0.5069   0.8140   0.5067   0.5033   0.0067   0.0089
mMDT_GA_10_20_Q50_R8             0.8682   0.6587   0.8719   0.6406   0.5755   0.0216   0.0298
mMDT_GA_10_20_Q50_R2             0.9217   0.7345   0.9028   0.7159   0.6199   0.0548   0.0743
mMDT_GA_10_20_Q50_R6             0.8763   0.6712   0.8776   0.6497   0.5812   0.0261   0.0359
mMDT_GA_10_20_Q50_R4             0.8930   0.6940   0.8854   0.6666   0.5927   0.0345   0.0473
log_mMDT_GA_00_00_Q100_R6        0.8896   0.6508   0.8749   0.6433   0.5752   0.0229   0.0314
log_mMDT_GA_00_00_Q100_R4        0.8884   0.6493   0.8748   0.6437   0.5748   0.0226   0.0309
mMDT_GA_10_20_Q200_R8            0.8565   0.6349   0.8587   0.6216   0.5650   0.0149   0.0205
log_mMDT_GA_00_00_Q100_R2        0.8862   0.6423   0.8690   0.6371   0.5712   0.0205   0.0281
mMDT_GA_00_00_Q100_R8            0.8903   0.6503   0.8729   0.6407   0.5742   0.0226   0.0310
mMDT_GA_10_20_Q200_R2            0.8677   0.6164   0.8667   0.6165   0.5591   0.0137   0.0188
mMDT_GA_00_00_Q100_R6            0.8896   0.6508   0.8749   0.6433   0.5752   0.0229   0.0314
mMDT_GA_10_20_Q200_R6            0.8578   0.6338   0.8616   0.6238   0.5655   0.0153   0.0211
log_mMDT_GA_00_00_Q100_R8        0.8903   0.6503   0.8729   0.6407   0.5742   0.0226   0.0310
mMDT_GA_10_20_Q200_R4            0.8611   0.6297   0.8639   0.6238   0.5645   0.0152   0.0210
mMDT_GA_20_00_Q50_R4             0.8894   0.6535   0.8816   0.6510   0.5779   0.0245   0.0335
log_mMDT_GA_10_05_Q100_R8        0.9023   0.6728   0.8853   0.6616   0.5848   0.0310   0.0423
log_mMDT_GA_10_05_Q100_R2        0.9097   0.7128   0.9043   0.7099   0.6110   0.0471   0.0640
log_mMDT_GA_10_05_Q100_R6        0.9038   0.6821   0.8887   0.6691   0.5897   0.0336   0.0458
log_mMDT_GA_10_05_Q100_R4        0.9059   0.6943   0.8939   0.6820   0.5975   0.0378   0.0515
log_GA_10_10_Q400_R10            0.8465   0.5811   0.8413   0.5798   0.5405   0.0061   0.0084
GA_10_05_Q800_R10                0.8022   0.5084   0.8130   0.5084   0.5042   0.0095   0.0122
log_mMDT_GA_00_00_Q50_R2         0.8878   0.6415   0.8620   0.6330   0.5699   0.0200   0.0274
GA_20_00_Q800_R10                0.8141   0.5307   0.8181   0.5315   0.5161   0.0117   0.0145
log_GA_10_05_Q400_R8             0.8523   0.5946   0.8491   0.5932   0.5475   0.0084   0.0116
log_GA_10_05_Q400_R2             0.8389   0.5780   0.8476   0.5799   0.5400   0.0062   0.0084
log_GA_10_05_Q400_R4             0.8462   0.5892   0.8491   0.5887   0.5450   0.0075   0.0103
log_GA_10_05_Q400_R6             0.8500   0.5935   0.8494   0.5922   0.5467   0.0082   0.0112
mMDT_GA_10_20_Q50_R10            0.8645   0.6501   0.8674   0.6333   0.5717   0.0191   0.0263
log_GA_20_00_Q400_R10            0.8584   0.6046   0.8664   0.6079   0.5538   0.0118   0.0162
log_mMDT_GA_10_10_Q800_R4        0.7996   0.5160   0.8033   0.5172   0.5082   0.0108   0.0139
mMDT_GA_10_05_Q800_R10           0.8049   0.5115   0.8094   0.5117   0.5058   0.0113   0.0145
log_mMDT_GA_10_05_Q800_R10       0.8049   0.5114   0.8092   0.5117   0.5060   0.0057   0.0076
GA_10_05_Q400_R10                0.8538   0.5950   0.8485   0.5928   0.5476   0.0085   0.0118
