#observable           g^rej_20 g^rej_50 q^rej_20 q^rej_50 s^rej    I1/2     I1/2''  
GA_00_00_R10            0.9850   0.9277   0.9773   0.9076   0.7634   0.2794   0.3450
GA_00_00_R2             0.9267   0.7718   0.9377   0.7734   0.6485   0.0870   0.1160
GA_00_00_R4             0.9604   0.8538   0.9591   0.8463   0.7029   0.1620   0.2102
GA_00_00_R6             0.9733   0.8880   0.9673   0.8747   0.7289   0.2082   0.2647
GA_00_00_R8             0.9804   0.9115   0.9730   0.8934   0.7472   0.2456   0.3074
GA_10_05_R10            0.9870   0.9240   0.9667   0.8755   0.7402   0.2458   0.3041
GA_10_05_R2             0.9370   0.7889   0.9257   0.7825   0.6566   0.0984   0.1302
GA_10_05_R4             0.9667   0.8632   0.9376   0.8154   0.6947   0.1527   0.1981
GA_10_05_R6             0.9773   0.8921   0.9507   0.8372   0.7113   0.1874   0.2385
GA_10_05_R8             0.9830   0.9100   0.9607   0.8587   0.7262   0.2179   0.2731
GA_10_10_R10            0.9875   0.9167   0.9624   0.8662   0.7309   0.2313   0.2865
GA_10_10_R2             0.9365   0.7904   0.9204   0.7783   0.6585   0.0964   0.1281
GA_10_10_R4             0.9673   0.8608   0.9305   0.8028   0.6868   0.1448   0.1882
GA_10_10_R6             0.9778   0.8862   0.9456   0.8237   0.7011   0.1759   0.2239
GA_10_10_R8             0.9837   0.9025   0.9561   0.8474   0.7162   0.2044   0.2562
GA_10_20_R10            0.9840   0.8982   0.9575   0.8520   0.7171   0.2045   0.2561
GA_10_20_R2             0.9320   0.7752   0.9121   0.7609   0.6473   0.0840   0.1122
GA_10_20_R4             0.9625   0.8346   0.9220   0.7804   0.6696   0.1210   0.1584
GA_10_20_R6             0.9733   0.8603   0.9381   0.8039   0.6838   0.1484   0.1907
GA_10_20_R8             0.9794   0.8800   0.9505   0.8305   0.7010   0.1769   0.2240
GA_20_00_R10            0.9759   0.8897   0.9711   0.8781   0.7291   0.2142   0.2699
GA_20_00_R2             0.9297   0.7529   0.9316   0.7535   0.6344   0.0830   0.1078
GA_20_00_R4             0.9562   0.8237   0.9500   0.8150   0.6797   0.1317   0.1710
GA_20_00_R6             0.9655   0.8545   0.9590   0.8427   0.7008   0.1640   0.2106
GA_20_00_R8             0.9718   0.8738   0.9660   0.8628   0.7159   0.1905   0.2420
MultHadronThrust        0.9726   0.8771   0.9827   0.9107   0.7376   0.2559   0.3099
MultHardThrust          0.9818   0.9120   0.9815   0.9072   0.7540   0.2666   0.3272
MultIntermediasThrust   0.9924   0.9569   0.9936   0.9594   0.8140   0.4017   0.4722
MultShowerThrust        0.9865   0.9298   0.9872   0.9297   0.7744   0.3091   0.3742
Thrust                  0.9973   0.9687   0.9780   0.9196   0.7908   0.3601   0.4250
Thrust_log              0.9973   0.9687   0.9779   0.9195   0.7908   0.3596   0.4246
log_GA_00_00_R10        0.9850   0.9277   0.9773   0.9076   0.7634   0.2794   0.3450
log_GA_00_00_R2         0.9267   0.7718   0.9377   0.7734   0.6485   0.0870   0.1160
log_GA_00_00_R4         0.9604   0.8538   0.9591   0.8463   0.7029   0.1620   0.2102
log_GA_00_00_R6         0.9733   0.8880   0.9673   0.8747   0.7289   0.2082   0.2647
log_GA_00_00_R8         0.9804   0.9115   0.9730   0.8934   0.7472   0.2456   0.3074
log_GA_10_05_R10        0.9870   0.9239   0.9667   0.8757   0.7399   0.2453   0.3037
log_GA_10_05_R2         0.9378   0.7882   0.9255   0.7823   0.6563   0.0950   0.1263
log_GA_10_05_R4         0.9668   0.8629   0.9374   0.8154   0.6947   0.1518   0.1972
log_GA_10_05_R6         0.9773   0.8919   0.9508   0.8372   0.7109   0.1868   0.2379
log_GA_10_05_R8         0.9829   0.9097   0.9605   0.8587   0.7261   0.2174   0.2725
log_GA_10_10_R10        0.9875   0.9168   0.9623   0.8660   0.7309   0.2310   0.2862
log_GA_10_10_R2         0.9363   0.7904   0.9204   0.7778   0.6581   0.0945   0.1257
log_GA_10_10_R4         0.9671   0.8605   0.9306   0.8029   0.6867   0.1443   0.1875
log_GA_10_10_R6         0.9778   0.8861   0.9455   0.8236   0.7012   0.1755   0.2235
log_GA_10_10_R8         0.9837   0.9025   0.9562   0.8472   0.7162   0.2041   0.2559
log_GA_10_20_R10        0.9841   0.8982   0.9575   0.8520   0.7171   0.2045   0.2560
log_GA_10_20_R2         0.9326   0.7752   0.9124   0.7610   0.6474   0.0833   0.1107
log_GA_10_20_R4         0.9624   0.8350   0.9221   0.7805   0.6695   0.1210   0.1580
log_GA_10_20_R6         0.9733   0.8606   0.9380   0.8039   0.6837   0.1485   0.1907
log_GA_10_20_R8         0.9794   0.8801   0.9505   0.8304   0.7010   0.1769   0.2239
log_GA_20_00_R10        0.9759   0.8897   0.9710   0.8782   0.7291   0.2137   0.2696
log_GA_20_00_R2         0.9295   0.7526   0.9315   0.7527   0.6344   0.0758   0.1011
log_GA_20_00_R4         0.9565   0.8236   0.9500   0.8148   0.6796   0.1298   0.1696
log_GA_20_00_R6         0.9655   0.8543   0.9590   0.8427   0.7007   0.1628   0.2099
log_GA_20_00_R8         0.9718   0.8737   0.9659   0.8628   0.7159   0.1896   0.2416
