#observable           g^rej_20 g^rej_50 q^rej_20 q^rej_50 s^rej    I1/2     I1/2''  
GA_00_00_R10            0.9899   0.9480   0.9822   0.9221   0.7818   0.3241   0.3925
GA_00_00_R2             0.9657   0.8710   0.9664   0.8668   0.7185   0.1878   0.2410
GA_00_00_R4             0.9780   0.9082   0.9718   0.8896   0.7452   0.2394   0.3009
GA_00_00_R6             0.9837   0.9271   0.9765   0.9026   0.7601   0.2731   0.3381
GA_00_00_R8             0.9872   0.9386   0.9796   0.9127   0.7716   0.2995   0.3665
GA_10_05_R10            0.9909   0.9325   0.9660   0.8725   0.7381   0.2538   0.3099
GA_10_05_R2             0.9710   0.8823   0.9362   0.8263   0.7104   0.1737   0.2244
GA_10_05_R4             0.9810   0.9079   0.9460   0.8304   0.7139   0.1987   0.2511
GA_10_05_R6             0.9859   0.9186   0.9555   0.8453   0.7208   0.2187   0.2721
GA_10_05_R8             0.9887   0.9258   0.9616   0.8596   0.7288   0.2362   0.2909
GA_10_10_R10            0.9915   0.9181   0.9613   0.8606   0.7258   0.2330   0.2847
GA_10_10_R2             0.9717   0.8850   0.9283   0.8100   0.7022   0.1677   0.2165
GA_10_10_R4             0.9825   0.8999   0.9389   0.8134   0.6991   0.1839   0.2318
GA_10_10_R6             0.9873   0.9050   0.9500   0.8300   0.7061   0.2003   0.2487
GA_10_10_R8             0.9899   0.9106   0.9568   0.8456   0.7153   0.2161   0.2659
GA_10_20_R10            0.9876   0.8983   0.9568   0.8458   0.7119   0.2046   0.2535
GA_10_20_R2             0.9668   0.8565   0.9171   0.7859   0.6811   0.1374   0.1789
GA_10_20_R4             0.9772   0.8662   0.9303   0.7900   0.6790   0.1502   0.1917
GA_10_20_R6             0.9819   0.8762   0.9435   0.8117   0.6887   0.1680   0.2117
GA_10_20_R8             0.9850   0.8868   0.9516   0.8288   0.6998   0.1859   0.2321
GA_20_00_R10            0.9803   0.9055   0.9754   0.8914   0.7422   0.2403   0.2994
GA_20_00_R2             0.9601   0.8406   0.9569   0.8359   0.6919   0.1516   0.1950
GA_20_00_R4             0.9703   0.8696   0.9639   0.8563   0.7115   0.1833   0.2335
GA_20_00_R6             0.9748   0.8856   0.9691   0.8708   0.7246   0.2059   0.2600
GA_20_00_R8             0.9777   0.8964   0.9726   0.8824   0.7338   0.2238   0.2806
MultHadronThrust        0.9958   0.9537   0.9956   0.9683   0.8199   0.4341   0.4973
MultHardThrust          0.9873   0.9349   0.9867   0.9261   0.7702   0.3104   0.3726
MultIntermediasThrust   0.9964   0.9779   0.9961   0.9751   0.8463   0.4880   0.5575
MultShowerThrust        0.9892   0.9436   0.9904   0.9421   0.7933   0.3514   0.4197
Thrust                  0.9980   0.9647   0.9758   0.9110   0.7793   0.3405   0.4012
Thrust_log              0.9981   0.9647   0.9757   0.9110   0.7792   0.3401   0.4009
log_GA_00_00_R10        0.9899   0.9480   0.9822   0.9221   0.7818   0.3240   0.3925
log_GA_00_00_R2         0.9657   0.8710   0.9664   0.8668   0.7185   0.1878   0.2410
log_GA_00_00_R4         0.9780   0.9082   0.9718   0.8896   0.7452   0.2394   0.3009
log_GA_00_00_R6         0.9837   0.9271   0.9765   0.9026   0.7601   0.2731   0.3381
log_GA_00_00_R8         0.9872   0.9386   0.9796   0.9127   0.7716   0.2994   0.3665
log_GA_10_05_R10        0.9909   0.9325   0.9659   0.8725   0.7380   0.2534   0.3096
log_GA_10_05_R2         0.9710   0.8824   0.9359   0.8263   0.7105   0.1728   0.2235
log_GA_10_05_R4         0.9811   0.9075   0.9459   0.8304   0.7139   0.1982   0.2505
log_GA_10_05_R6         0.9859   0.9184   0.9554   0.8452   0.7206   0.2183   0.2717
log_GA_10_05_R8         0.9886   0.9258   0.9616   0.8596   0.7288   0.2358   0.2906
log_GA_10_10_R10        0.9915   0.9181   0.9614   0.8606   0.7258   0.2329   0.2846
log_GA_10_10_R2         0.9717   0.8851   0.9282   0.8099   0.7021   0.1672   0.2158
log_GA_10_10_R4         0.9825   0.8999   0.9390   0.8134   0.6991   0.1836   0.2314
log_GA_10_10_R6         0.9873   0.9050   0.9499   0.8300   0.7061   0.2002   0.2485
log_GA_10_10_R8         0.9898   0.9107   0.9567   0.8457   0.7153   0.2160   0.2657
log_GA_10_20_R10        0.9881   0.8985   0.9568   0.8458   0.7121   0.2049   0.2536
log_GA_10_20_R2         0.9666   0.8566   0.9170   0.7859   0.6810   0.1378   0.1789
log_GA_10_20_R4         0.9772   0.8666   0.9303   0.7900   0.6789   0.1503   0.1916
log_GA_10_20_R6         0.9820   0.8763   0.9435   0.8117   0.6887   0.1682   0.2118
log_GA_10_20_R8         0.9853   0.8871   0.9517   0.8289   0.6998   0.1861   0.2322
log_GA_20_00_R10        0.9803   0.9055   0.9754   0.8914   0.7421   0.2399   0.2992
log_GA_20_00_R2         0.9600   0.8405   0.9569   0.8358   0.6918   0.1493   0.1935
log_GA_20_00_R4         0.9703   0.8696   0.9640   0.8564   0.7117   0.1823   0.2329
log_GA_20_00_R6         0.9748   0.8854   0.9692   0.8708   0.7246   0.2052   0.2596
log_GA_20_00_R8         0.9778   0.8964   0.9727   0.8823   0.7339   0.2232   0.2803
