#observable           g^rej_20 g^rej_50 q^rej_20 q^rej_50 s^rej    I1/2     I1/2''  
GA_00_00_R10            0.9913   0.9549   0.9849   0.9327   0.7943   0.3513   0.4220
GA_00_00_R2             0.9664   0.8586   0.9668   0.8581   0.7071   0.1760   0.2253
GA_00_00_R4             0.9800   0.9110   0.9766   0.9002   0.7502   0.2529   0.3153
GA_00_00_R6             0.9854   0.9320   0.9805   0.9156   0.7706   0.2941   0.3612
GA_00_00_R8             0.9890   0.9452   0.9829   0.9249   0.7835   0.3248   0.3942
GA_10_05_R10            0.9924   0.9527   0.9666   0.8812   0.7556   0.2887   0.3504
GA_10_05_R2             0.9714   0.8793   0.9540   0.8659   0.7264   0.1960   0.2514
GA_10_05_R4             0.9829   0.9208   0.9527   0.8637   0.7463   0.2386   0.3004
GA_10_05_R6             0.9875   0.9364   0.9583   0.8656   0.7496   0.2584   0.3208
GA_10_05_R8             0.9903   0.9459   0.9631   0.8728   0.7520   0.2741   0.3361
GA_10_10_R10            0.9940   0.9522   0.9619   0.8676   0.7416   0.2744   0.3308
GA_10_10_R2             0.9729   0.8911   0.9488   0.8636   0.7323   0.2046   0.2623
GA_10_10_R4             0.9849   0.9290   0.9458   0.8497   0.7409   0.2387   0.2993
GA_10_10_R6             0.9896   0.9418   0.9519   0.8497   0.7384   0.2516   0.3103
GA_10_10_R8             0.9920   0.9480   0.9579   0.8582   0.7381   0.2628   0.3200
GA_10_20_R10            0.9906   0.9284   0.9566   0.8516   0.7257   0.2352   0.2885
GA_10_20_R2             0.9717   0.8813   0.9418   0.8487   0.7201   0.1858   0.2394
GA_10_20_R4             0.9826   0.9086   0.9370   0.8293   0.7199   0.2027   0.2564
GA_10_20_R6             0.9867   0.9167   0.9446   0.8306   0.7174   0.2108   0.2633
GA_10_20_R8             0.9890   0.9223   0.9522   0.8403   0.7200   0.2218   0.2744
GA_20_00_R10            0.9824   0.9091   0.9783   0.9005   0.7490   0.2537   0.3141
GA_20_00_R2             0.9618   0.8337   0.9593   0.8309   0.6863   0.1484   0.1899
GA_20_00_R4             0.9730   0.8712   0.9682   0.8655   0.7159   0.1922   0.2432
GA_20_00_R6             0.9774   0.8885   0.9727   0.8805   0.7297   0.2173   0.2726
GA_20_00_R8             0.9803   0.8999   0.9757   0.8909   0.7401   0.2366   0.2947
MultHadronThrust        0.9969   0.9810   0.9979   0.9833   0.8661   0.5404   0.6092
MultHardThrust          0.9890   0.9388   0.9888   0.9341   0.7818   0.3306   0.3951
MultIntermediasThrust   0.9958   0.9739   0.9953   0.9692   0.8384   0.4641   0.5347
MultShowerThrust        0.9904   0.9522   0.9922   0.9510   0.8041   0.3759   0.4452
Thrust                  0.9991   0.9712   0.9756   0.9092   0.7807   0.3508   0.4089
Thrust_log              0.9991   0.9712   0.9756   0.9092   0.7806   0.3503   0.4085
log_GA_00_00_R10        0.9913   0.9549   0.9849   0.9327   0.7943   0.3513   0.4220
log_GA_00_00_R2         0.9664   0.8586   0.9668   0.8581   0.7071   0.1760   0.2253
log_GA_00_00_R4         0.9800   0.9110   0.9766   0.9002   0.7502   0.2529   0.3153
log_GA_00_00_R6         0.9854   0.9320   0.9805   0.9156   0.7706   0.2941   0.3612
log_GA_00_00_R8         0.9890   0.9452   0.9829   0.9249   0.7835   0.3248   0.3942
log_GA_10_05_R10        0.9923   0.9526   0.9667   0.8812   0.7556   0.2883   0.3501
log_GA_10_05_R2         0.9714   0.8792   0.9540   0.8657   0.7261   0.1953   0.2506
log_GA_10_05_R4         0.9830   0.9205   0.9528   0.8635   0.7463   0.2380   0.2999
log_GA_10_05_R6         0.9875   0.9362   0.9583   0.8654   0.7492   0.2579   0.3202
log_GA_10_05_R8         0.9903   0.9459   0.9631   0.8728   0.7520   0.2737   0.3358
log_GA_10_10_R10        0.9940   0.9522   0.9618   0.8676   0.7416   0.2742   0.3306
log_GA_10_10_R2         0.9728   0.8909   0.9486   0.8634   0.7322   0.2042   0.2616
log_GA_10_10_R4         0.9850   0.9290   0.9459   0.8496   0.7408   0.2386   0.2990
log_GA_10_10_R6         0.9896   0.9418   0.9519   0.8498   0.7383   0.2514   0.3101
log_GA_10_10_R8         0.9920   0.9479   0.9579   0.8581   0.7380   0.2626   0.3198
log_GA_10_20_R10        0.9909   0.9291   0.9567   0.8517   0.7258   0.2354   0.2886
log_GA_10_20_R2         0.9716   0.8813   0.9416   0.8484   0.7200   0.1859   0.2390
log_GA_10_20_R4         0.9826   0.9090   0.9370   0.8292   0.7200   0.2029   0.2563
log_GA_10_20_R6         0.9868   0.9167   0.9446   0.8304   0.7173   0.2109   0.2633
log_GA_10_20_R8         0.9891   0.9225   0.9523   0.8403   0.7201   0.2220   0.2745
log_GA_20_00_R10        0.9824   0.9090   0.9783   0.9003   0.7489   0.2532   0.3139
log_GA_20_00_R2         0.9617   0.8336   0.9593   0.8309   0.6863   0.1459   0.1882
log_GA_20_00_R4         0.9730   0.8713   0.9682   0.8655   0.7159   0.1911   0.2426
log_GA_20_00_R6         0.9774   0.8885   0.9726   0.8804   0.7297   0.2165   0.2721
log_GA_20_00_R8         0.9802   0.9000   0.9757   0.8910   0.7401   0.2359   0.2944
