#observable           g^rej_20 g^rej_50 q^rej_20 q^rej_50 s^rej    I1/2     I1/2''  
GA_00_00_R10            0.9868   0.9328   0.9807   0.9170   0.7718   0.2986   0.3658
GA_00_00_R2             0.9135   0.7248   0.9279   0.7241   0.6162   0.0591   0.0794
GA_00_00_R4             0.9614   0.8469   0.9615   0.8451   0.6975   0.1597   0.2062
GA_00_00_R6             0.9752   0.8895   0.9715   0.8818   0.7317   0.2169   0.2740
GA_00_00_R8             0.9818   0.9155   0.9771   0.9027   0.7544   0.2613   0.3247
GA_10_05_R10            0.9886   0.9430   0.9690   0.8882   0.7607   0.2823   0.3471
GA_10_05_R2             0.9220   0.7545   0.9434   0.7723   0.6384   0.0922   0.1203
GA_10_05_R4             0.9677   0.8741   0.9532   0.8569   0.7200   0.1856   0.2389
GA_10_05_R6             0.9787   0.9102   0.9567   0.8673   0.7405   0.2266   0.2868
GA_10_05_R8             0.9848   0.9293   0.9639   0.8776   0.7528   0.2571   0.3205
GA_10_10_R10            0.9906   0.9447   0.9645   0.8778   0.7525   0.2740   0.3357
GA_10_10_R2             0.9207   0.7556   0.9432   0.7757   0.6436   0.0920   0.1209
GA_10_10_R4             0.9696   0.8824   0.9484   0.8535   0.7217   0.1889   0.2433
GA_10_10_R6             0.9801   0.9155   0.9519   0.8572   0.7372   0.2254   0.2850
GA_10_10_R8             0.9866   0.9337   0.9587   0.8666   0.7458   0.2520   0.3132
GA_10_20_R10            0.9884   0.9264   0.9587   0.8627   0.7362   0.2398   0.2970
GA_10_20_R2             0.9181   0.7491   0.9391   0.7714   0.6366   0.0853   0.1128
GA_10_20_R4             0.9683   0.8713   0.9413   0.8383   0.7094   0.1702   0.2204
GA_10_20_R6             0.9794   0.8983   0.9444   0.8395   0.7205   0.1974   0.2513
GA_10_20_R8             0.9846   0.9153   0.9526   0.8495   0.7282   0.2193   0.2751
GA_20_00_R10            0.9784   0.8959   0.9737   0.8877   0.7358   0.2281   0.2852
GA_20_00_R2             0.9239   0.7234   0.9229   0.7297   0.6187   0.0756   0.0959
GA_20_00_R4             0.9598   0.8260   0.9539   0.8205   0.6818   0.1397   0.1791
GA_20_00_R6             0.9686   0.8604   0.9630   0.8519   0.7054   0.1748   0.2225
GA_20_00_R8             0.9743   0.8811   0.9696   0.8716   0.7222   0.2032   0.2565
MultHadronThrust        0.9912   0.9579   0.9953   0.9624   0.8147   0.4074   0.4761
MultHardThrust          0.9853   0.9227   0.9831   0.9141   0.7619   0.2855   0.3480
MultIntermediasThrust   0.9906   0.9474   0.9915   0.9461   0.7961   0.3611   0.4293
MultShowerThrust        0.9891   0.9382   0.9869   0.9347   0.7832   0.3274   0.3944
Thrust                  0.9985   0.9770   0.9787   0.9207   0.7951   0.3780   0.4408
Thrust_log              0.9985   0.9770   0.9787   0.9207   0.7949   0.3775   0.4403
log_GA_00_00_R10        0.9868   0.9328   0.9807   0.9170   0.7718   0.2986   0.3658
log_GA_00_00_R2         0.9135   0.7248   0.9279   0.7241   0.6162   0.0591   0.0794
log_GA_00_00_R4         0.9614   0.8469   0.9615   0.8451   0.6975   0.1597   0.2062
log_GA_00_00_R6         0.9752   0.8895   0.9715   0.8818   0.7317   0.2169   0.2740
log_GA_00_00_R8         0.9818   0.9155   0.9771   0.9027   0.7544   0.2613   0.3247
log_GA_10_05_R10        0.9887   0.9429   0.9688   0.8881   0.7607   0.2817   0.3465
log_GA_10_05_R2         0.9220   0.7540   0.9424   0.7716   0.6379   0.0868   0.1141
log_GA_10_05_R4         0.9679   0.8736   0.9530   0.8568   0.7200   0.1844   0.2376
log_GA_10_05_R6         0.9787   0.9103   0.9566   0.8672   0.7403   0.2257   0.2859
log_GA_10_05_R8         0.9847   0.9293   0.9637   0.8774   0.7525   0.2564   0.3199
log_GA_10_10_R10        0.9905   0.9447   0.9644   0.8777   0.7524   0.2739   0.3355
log_GA_10_10_R2         0.9209   0.7550   0.9432   0.7765   0.6430   0.0889   0.1170
log_GA_10_10_R4         0.9698   0.8821   0.9483   0.8533   0.7215   0.1884   0.2426
log_GA_10_10_R6         0.9802   0.9155   0.9518   0.8571   0.7372   0.2251   0.2846
log_GA_10_10_R8         0.9866   0.9338   0.9586   0.8666   0.7456   0.2517   0.3129
log_GA_10_20_R10        0.9885   0.9264   0.9587   0.8628   0.7361   0.2400   0.2970
log_GA_10_20_R2         0.9176   0.7489   0.9394   0.7709   0.6369   0.0858   0.1124
log_GA_10_20_R4         0.9685   0.8714   0.9412   0.8384   0.7092   0.1706   0.2203
log_GA_10_20_R6         0.9796   0.8985   0.9444   0.8395   0.7205   0.1974   0.2510
log_GA_10_20_R8         0.9848   0.9152   0.9526   0.8496   0.7280   0.2194   0.2749
log_GA_20_00_R10        0.9784   0.8958   0.9739   0.8880   0.7357   0.2271   0.2848
log_GA_20_00_R2         0.9238   0.7235   0.9227   0.7293   0.6187   0.0618   0.0827
log_GA_20_00_R4         0.9596   0.8259   0.9536   0.8206   0.6816   0.1360   0.1765
log_GA_20_00_R6         0.9684   0.8604   0.9631   0.8519   0.7054   0.1729   0.2214
log_GA_20_00_R8         0.9743   0.8810   0.9695   0.8716   0.7222   0.2019   0.2557
