#observable           g^rej_20 g^rej_50 q^rej_20 q^rej_50 s^rej    I1/2     I1/2''  
GA_00_00_R10            0.9507   0.8103   0.9525   0.8116   0.6711   0.1222   0.1597
GA_00_00_R2             0.8792   0.6460   0.8892   0.6554   0.5809   0.0252   0.0345
GA_00_00_R4             0.9101   0.7100   0.9177   0.7141   0.6142   0.0537   0.0725
GA_00_00_R6             0.9300   0.7600   0.9328   0.7527   0.6338   0.0775   0.1034
GA_00_00_R8             0.9447   0.7810   0.9439   0.7849   0.6533   0.1001   0.1322
GA_10_05_R10            0.9643   0.8623   0.9620   0.8519   0.7082   0.1720   0.2216
GA_10_05_R2             0.8791   0.6815   0.9117   0.6971   0.5975   0.0396   0.0537
GA_10_05_R4             0.9208   0.7597   0.9331   0.7673   0.6430   0.0793   0.1062
GA_10_05_R6             0.9418   0.8057   0.9463   0.8044   0.6691   0.1126   0.1488
GA_10_05_R8             0.9551   0.8383   0.9555   0.8310   0.6910   0.1439   0.1877
GA_10_10_R10            0.9682   0.8705   0.9604   0.8510   0.7097   0.1775   0.2279
GA_10_10_R2             0.8790   0.6932   0.9119   0.7080   0.6065   0.0439   0.0595
GA_10_10_R4             0.9247   0.7717   0.9327   0.7712   0.6479   0.0844   0.1129
GA_10_10_R6             0.9464   0.8151   0.9450   0.8054   0.6731   0.1181   0.1557
GA_10_10_R8             0.9596   0.8463   0.9543   0.8315   0.6935   0.1496   0.1945
GA_10_20_R10            0.9652   0.8540   0.9573   0.8399   0.6988   0.1597   0.2062
GA_10_20_R2             0.8777   0.6903   0.9096   0.7031   0.6025   0.0413   0.0560
GA_10_20_R4             0.9251   0.7599   0.9281   0.7574   0.6391   0.0759   0.1017
GA_10_20_R6             0.9450   0.8007   0.9411   0.7923   0.6618   0.1057   0.1398
GA_10_20_R8             0.9570   0.8292   0.9509   0.8197   0.6826   0.1340   0.1751
GA_20_00_R10            0.9559   0.8109   0.9501   0.8063   0.6695   0.1214   0.1583
GA_20_00_R2             0.6547   0.6599   0.8969   0.6646   0.5817   0.0308   0.0420
GA_20_00_R4             0.9186   0.7223   0.9214   0.7278   0.6203   0.0591   0.0797
GA_20_00_R6             0.9362   0.7580   0.9340   0.7604   0.6403   0.0819   0.1090
GA_20_00_R8             0.9478   0.7886   0.9425   0.7860   0.6564   0.1024   0.1349
MultHadronThrust        0.9326   0.8052   0.9683   0.8368   0.6781   0.1382   0.1780
MultHardThrust          0.9421   0.7922   0.9575   0.8041   0.6623   0.1139   0.1485
MultIntermediasThrust   0.9552   0.8433   0.9771   0.8669   0.7035   0.1768   0.2245
MultShowerThrust        0.9481   0.8144   0.9648   0.8302   0.6783   0.1363   0.1759
Thrust                  0.9959   0.9603   0.9763   0.9119   0.7801   0.3331   0.3972
Thrust_log              0.9959   0.9603   0.9763   0.9120   0.7801   0.3328   0.3969
log_GA_00_00_R10        0.9507   0.8103   0.9525   0.8116   0.6711   0.1222   0.1597
log_GA_00_00_R2         0.8792   0.6460   0.8892   0.6554   0.5809   0.0252   0.0345
log_GA_00_00_R4         0.9101   0.7100   0.9177   0.7141   0.6142   0.0537   0.0725
log_GA_00_00_R6         0.9300   0.7600   0.9328   0.7527   0.6338   0.0775   0.1034
log_GA_00_00_R8         0.9447   0.7810   0.9439   0.7849   0.6533   0.1001   0.1322
log_GA_10_05_R10        0.9643   0.8623   0.9620   0.8519   0.7080   0.1723   0.2218
log_GA_10_05_R2         0.8807   0.6814   0.9117   0.6975   0.5975   0.0431   0.0581
log_GA_10_05_R4         0.9208   0.7597   0.9331   0.7674   0.6430   0.0812   0.1084
log_GA_10_05_R6         0.9419   0.8056   0.9461   0.8046   0.6691   0.1136   0.1498
log_GA_10_05_R8         0.9552   0.8382   0.9555   0.8309   0.6910   0.1445   0.1882
log_GA_10_10_R10        0.9683   0.8682   0.9538   0.8448   0.7067   0.1776   0.2280
log_GA_10_10_R2         0.8854   0.6911   0.8774   0.6880   0.5996   0.0441   0.0599
log_GA_10_10_R4         0.9281   0.7660   0.9125   0.7548   0.6413   0.0846   0.1132
log_GA_10_10_R6         0.9475   0.8109   0.9320   0.7938   0.6681   0.1182   0.1558
log_GA_10_10_R8         0.9601   0.8433   0.9452   0.8231   0.6897   0.1496   0.1945
log_GA_10_20_R10        0.9650   0.8515   0.9507   0.8337   0.6958   0.1601   0.2066
log_GA_10_20_R2         0.8850   0.6858   0.8752   0.6826   0.5968   0.0420   0.0571
log_GA_10_20_R4         0.9280   0.7527   0.9087   0.7412   0.6328   0.0767   0.1027
log_GA_10_20_R6         0.9458   0.7954   0.9284   0.7810   0.6568   0.1062   0.1404
log_GA_10_20_R8         0.9569   0.8259   0.9419   0.8114   0.6790   0.1345   0.1756
log_GA_20_00_R10        0.9558   0.8108   0.9500   0.8063   0.6694   0.1208   0.1577
log_GA_20_00_R2         0.6551   0.6597   0.8968   0.6640   0.5818   0.0290   0.0396
log_GA_20_00_R4         0.9186   0.7225   0.9215   0.7277   0.6202   0.0581   0.0783
log_GA_20_00_R6         0.9361   0.7580   0.9339   0.7605   0.6402   0.0810   0.1079
log_GA_20_00_R8         0.9477   0.7884   0.9425   0.7858   0.6563   0.1017   0.1341
