#observable           g^rej_20 g^rej_50 q^rej_20 q^rej_50 s^rej    I1/2     I1/2''  
GA_00_00_R10            0.9870   0.9342   0.9772   0.9075   0.7668   0.2887   0.3548
GA_00_00_R2             0.9540   0.8336   0.9601   0.8376   0.6901   0.1466   0.1906
GA_00_00_R4             0.9739   0.8920   0.9708   0.8828   0.7338   0.2184   0.2765
GA_00_00_R6             0.9803   0.9132   0.9740   0.8956   0.7500   0.2505   0.3132
GA_00_00_R8             0.9842   0.9256   0.9760   0.9030   0.7597   0.2719   0.3368
GA_10_05_R10            0.9884   0.9297   0.9500   0.8452   0.7271   0.2311   0.2862
GA_10_05_R2             0.9618   0.8592   0.9482   0.8482   0.7093   0.1662   0.2160
GA_10_05_R4             0.9776   0.9044   0.9453   0.8450   0.7275   0.2051   0.2616
GA_10_05_R6             0.9826   0.9182   0.9469   0.8429   0.7272   0.2175   0.2739
GA_10_05_R8             0.9860   0.9255   0.9487   0.8437   0.7265   0.2250   0.2808
GA_10_10_R10            0.9902   0.9219   0.9433   0.8287   0.7130   0.2156   0.2654
GA_10_10_R2             0.9628   0.8674   0.9434   0.8453   0.7136   0.1702   0.2215
GA_10_10_R4             0.9795   0.9084   0.9386   0.8320   0.7203   0.2009   0.2555
GA_10_10_R6             0.9849   0.9183   0.9401   0.8267   0.7150   0.2076   0.2604
GA_10_10_R8             0.9880   0.9208   0.9414   0.8273   0.7131   0.2122   0.2633
GA_10_20_R10            0.9868   0.8934   0.9354   0.8091   0.6949   0.1815   0.2263
GA_10_20_R2             0.9604   0.8541   0.9369   0.8304   0.7018   0.1530   0.2001
GA_10_20_R4             0.9771   0.8864   0.9295   0.8114   0.7009   0.1705   0.2185
GA_10_20_R6             0.9814   0.8908   0.9312   0.8059   0.6957   0.1735   0.2198
GA_10_20_R8             0.9844   0.8925   0.9335   0.8074   0.6944   0.1780   0.2234
GA_20_00_R10            0.9764   0.8877   0.9688   0.8726   0.7263   0.2086   0.2633
GA_20_00_R2             0.9531   0.8132   0.9526   0.8151   0.6741   0.1272   0.1648
GA_20_00_R4             0.9674   0.8569   0.9616   0.8494   0.7036   0.1695   0.2172
GA_20_00_R6             0.9720   0.8723   0.9646   0.8605   0.7145   0.1873   0.2385
GA_20_00_R8             0.9743   0.8812   0.9669   0.8672   0.7212   0.1990   0.2522
MultHadronThrust        0.9930   0.9686   0.9963   0.9743   0.8421   0.4689   0.5403
MultHardThrust          0.9709   0.8851   0.9794   0.8924   0.7337   0.2283   0.2834
MultIntermediasThrust   0.9941   0.9626   0.9930   0.9566   0.8146   0.4065   0.4759
MultShowerThrust        0.9822   0.9201   0.9868   0.9254   0.7662   0.2933   0.3574
Thrust                  0.9974   0.9237   0.9445   0.8331   0.7146   0.2318   0.2755
Thrust_log              0.9974   0.9238   0.9445   0.8331   0.7147   0.2314   0.2751
log_GA_00_00_R10        0.9870   0.9342   0.9772   0.9075   0.7668   0.2887   0.3548
log_GA_00_00_R2         0.9540   0.8336   0.9601   0.8376   0.6901   0.1466   0.1906
log_GA_00_00_R4         0.9739   0.8920   0.9708   0.8828   0.7338   0.2184   0.2765
log_GA_00_00_R6         0.9803   0.9132   0.9740   0.8956   0.7500   0.2505   0.3132
log_GA_00_00_R8         0.9842   0.9256   0.9760   0.9030   0.7597   0.2719   0.3368
log_GA_10_05_R10        0.9883   0.9296   0.9500   0.8452   0.7271   0.2307   0.2858
log_GA_10_05_R2         0.9620   0.8591   0.9480   0.8474   0.7091   0.1653   0.2151
log_GA_10_05_R4         0.9775   0.9043   0.9452   0.8451   0.7274   0.2046   0.2610
log_GA_10_05_R6         0.9826   0.9181   0.9469   0.8427   0.7271   0.2170   0.2735
log_GA_10_05_R8         0.9859   0.9253   0.9485   0.8437   0.7265   0.2247   0.2805
log_GA_10_10_R10        0.9902   0.9218   0.9433   0.8287   0.7130   0.2154   0.2652
log_GA_10_10_R2         0.9627   0.8672   0.9434   0.8452   0.7134   0.1698   0.2209
log_GA_10_10_R4         0.9796   0.9083   0.9385   0.8319   0.7203   0.2007   0.2552
log_GA_10_10_R6         0.9849   0.9183   0.9400   0.8270   0.7150   0.2074   0.2601
log_GA_10_10_R8         0.9880   0.9208   0.9414   0.8274   0.7131   0.2120   0.2630
log_GA_10_20_R10        0.9869   0.8937   0.9353   0.8092   0.6948   0.1815   0.2262
log_GA_10_20_R2         0.9606   0.8540   0.9368   0.8301   0.7017   0.1530   0.1997
log_GA_10_20_R4         0.9770   0.8866   0.9295   0.8114   0.7010   0.1706   0.2184
log_GA_10_20_R6         0.9814   0.8909   0.9311   0.8059   0.6957   0.1736   0.2197
log_GA_10_20_R8         0.9846   0.8928   0.9335   0.8074   0.6945   0.1780   0.2233
log_GA_20_00_R10        0.9763   0.8876   0.9688   0.8725   0.7264   0.2082   0.2631
log_GA_20_00_R2         0.9530   0.8133   0.9526   0.8150   0.6738   0.1251   0.1633
log_GA_20_00_R4         0.9674   0.8568   0.9615   0.8494   0.7034   0.1687   0.2167
log_GA_20_00_R6         0.9719   0.8723   0.9645   0.8605   0.7144   0.1867   0.2382
log_GA_20_00_R8         0.9743   0.8811   0.9669   0.8672   0.7212   0.1985   0.2520
