#observable           g^rej_20 g^rej_50 q^rej_20 q^rej_50 s^rej    I1/2     I1/2''  
GA_00_00_R10            0.9910   0.9539   0.9835   0.9278   0.7911   0.3427   0.4130
GA_00_00_R2             0.9646   0.8571   0.9667   0.8603   0.7075   0.1761   0.2259
GA_00_00_R4             0.9790   0.9081   0.9751   0.8983   0.7492   0.2478   0.3100
GA_00_00_R6             0.9850   0.9301   0.9784   0.9114   0.7686   0.2877   0.3547
GA_00_00_R8             0.9886   0.9434   0.9814   0.9204   0.7806   0.3172   0.3864
GA_10_05_R10            0.9921   0.9530   0.9668   0.8777   0.7532   0.2864   0.3480
GA_10_05_R2             0.9706   0.8792   0.9550   0.8705   0.7281   0.1989   0.2550
GA_10_05_R4             0.9819   0.9196   0.9504   0.8633   0.7474   0.2372   0.2996
GA_10_05_R6             0.9869   0.9358   0.9563   0.8616   0.7497   0.2564   0.3192
GA_10_05_R8             0.9900   0.9456   0.9624   0.8685   0.7509   0.2719   0.3341
GA_10_10_R10            0.9939   0.9566   0.9622   0.8658   0.7402   0.2782   0.3346
GA_10_10_R2             0.9728   0.8945   0.9506   0.8699   0.7367   0.2116   0.2710
GA_10_10_R4             0.9848   0.9314   0.9440   0.8508   0.7454   0.2439   0.3062
GA_10_10_R6             0.9893   0.9450   0.9510   0.8475   0.7399   0.2568   0.3168
GA_10_10_R8             0.9922   0.9522   0.9572   0.8546   0.7379   0.2674   0.3252
GA_10_20_R10            0.9911   0.9338   0.9576   0.8524   0.7268   0.2412   0.2952
GA_10_20_R2             0.9716   0.8853   0.9445   0.8573   0.7262   0.1950   0.2508
GA_10_20_R4             0.9833   0.9142   0.9368   0.8322   0.7261   0.2115   0.2671
GA_10_20_R6             0.9867   0.9232   0.9451   0.8305   0.7213   0.2189   0.2730
GA_10_20_R8             0.9893   0.9288   0.9522   0.8399   0.7220   0.2290   0.2826
GA_20_00_R10            0.9815   0.9059   0.9768   0.8960   0.7454   0.2459   0.3054
GA_20_00_R2             0.9616   0.8315   0.9580   0.8299   0.6852   0.1457   0.1871
GA_20_00_R4             0.9712   0.8663   0.9653   0.8613   0.7114   0.1843   0.2343
GA_20_00_R6             0.9760   0.8836   0.9701   0.8756   0.7254   0.2081   0.2622
GA_20_00_R8             0.9790   0.8960   0.9741   0.8867   0.7361   0.2282   0.2854
MultHadronThrust        0.9982   0.9832   0.9974   0.9825   0.8675   0.5447   0.6126
MultHardThrust          0.9866   0.9275   0.9844   0.9148   0.7646   0.2955   0.3570
MultIntermediasThrust   0.9937   0.9632   0.9934   0.9578   0.8171   0.4114   0.4818
MultShowerThrust        0.9886   0.9424   0.9885   0.9395   0.7895   0.3402   0.4087
Thrust                  0.9994   0.9717   0.9754   0.9091   0.7795   0.3515   0.4075
Thrust_log              0.9994   0.9718   0.9754   0.9091   0.7794   0.3511   0.4072
log_GA_00_00_R10        0.9910   0.9539   0.9835   0.9278   0.7911   0.3427   0.4130
log_GA_00_00_R2         0.9646   0.8571   0.9667   0.8603   0.7075   0.1761   0.2259
log_GA_00_00_R4         0.9790   0.9081   0.9751   0.8983   0.7492   0.2478   0.3100
log_GA_00_00_R6         0.9850   0.9301   0.9784   0.9114   0.7686   0.2877   0.3547
log_GA_00_00_R8         0.9886   0.9434   0.9814   0.9204   0.7806   0.3172   0.3864
log_GA_10_05_R10        0.9921   0.9528   0.9667   0.8776   0.7533   0.2861   0.3477
log_GA_10_05_R2         0.9705   0.8792   0.9551   0.8702   0.7281   0.1983   0.2543
log_GA_10_05_R4         0.9818   0.9194   0.9504   0.8633   0.7474   0.2367   0.2990
log_GA_10_05_R6         0.9869   0.9356   0.9563   0.8616   0.7495   0.2560   0.3188
log_GA_10_05_R8         0.9900   0.9454   0.9623   0.8684   0.7509   0.2716   0.3338
log_GA_10_10_R10        0.9939   0.9566   0.9621   0.8659   0.7402   0.2781   0.3345
log_GA_10_10_R2         0.9727   0.8945   0.9504   0.8698   0.7367   0.2116   0.2707
log_GA_10_10_R4         0.9848   0.9313   0.9441   0.8508   0.7453   0.2438   0.3059
log_GA_10_10_R6         0.9894   0.9450   0.9510   0.8474   0.7397   0.2566   0.3165
log_GA_10_10_R8         0.9922   0.9524   0.9573   0.8547   0.7379   0.2673   0.3250
log_GA_10_20_R10        0.9915   0.9343   0.9576   0.8524   0.7268   0.2415   0.2954
log_GA_10_20_R2         0.9714   0.8853   0.9443   0.8571   0.7263   0.1954   0.2508
log_GA_10_20_R4         0.9834   0.9143   0.9368   0.8321   0.7262   0.2115   0.2669
log_GA_10_20_R6         0.9869   0.9237   0.9451   0.8305   0.7216   0.2192   0.2732
log_GA_10_20_R8         0.9895   0.9295   0.9522   0.8398   0.7220   0.2294   0.2828
log_GA_20_00_R10        0.9816   0.9057   0.9768   0.8959   0.7453   0.2454   0.3052
log_GA_20_00_R2         0.9615   0.8315   0.9582   0.8299   0.6849   0.1436   0.1856
log_GA_20_00_R4         0.9712   0.8661   0.9653   0.8611   0.7115   0.1832   0.2336
log_GA_20_00_R6         0.9760   0.8835   0.9701   0.8756   0.7253   0.2072   0.2618
log_GA_20_00_R8         0.9791   0.8959   0.9741   0.8865   0.7361   0.2276   0.2851
